#
# There is insufficient memory for the Java Runtime Environment to continue.
# Native memory allocation (malloc) failed to allocate 728656 bytes for Chunk::new
# Possible reasons:
#   The system is out of physical RAM or swap space
#   The process is running with CompressedOops enabled, and the Java Heap may be blocking the growth of the native heap
# Possible solutions:
#   Reduce memory load on the system
#   Increase physical memory or swap space
#   Check if swap backing store is full
#   Decrease Java heap size (-Xmx/-Xms)
#   Decrease number of Java threads
#   Decrease Java thread stack sizes (-Xss)
#   Set larger code cache with -XX:ReservedCodeCacheSize=
#   JVM is running with Unscaled Compressed Oops mode in which the Java heap is
#     placed in the first 4GB address space. The Java Heap base address is the
#     maximum limit for the native heap growth. Please use -XX:HeapBaseMinAddress
#     to set the Java Heap base and to place the Java Heap above 4GB virtual address.
# This output file may be truncated or incomplete.
#
#  Out of Memory Error (arena.cpp:189), pid=8440, tid=6224
#
# JRE version: OpenJDK Runtime Environment (17.0.6) (build 17.0.6+0-b2043.56-10027231)
# Java VM: OpenJDK 64-Bit Server VM (17.0.6+0-b2043.56-10027231, mixed mode, tiered, compressed oops, compressed class ptrs, g1 gc, windows-amd64)
# No core dump will be written. Minidumps are not enabled by default on client versions of Windows
#

---------------  S U M M A R Y ------------

Command Line: --add-opens=java.base/java.util=ALL-UNNAMED --add-opens=java.base/java.lang=ALL-UNNAMED --add-opens=java.base/java.lang.invoke=ALL-UNNAMED --add-opens=java.prefs/java.util.prefs=ALL-UNNAMED --add-opens=java.base/java.nio.charset=ALL-UNNAMED --add-opens=java.base/java.net=ALL-UNNAMED --add-opens=java.base/java.util.concurrent.atomic=ALL-UNNAMED -Xmx2048m -Dfile.encoding=UTF-8 -Duser.country=US -Duser.language=en -Duser.variant org.gradle.launcher.daemon.bootstrap.GradleDaemon 8.0

Host: Intel(R) Core(TM) i5-2430M CPU @ 2.40GHz, 4 cores, 7G,  Windows 10 , 64 bit Build 19041 (10.0.19041.2546)
Time: Wed Nov 22 16:54:16 2023 Pacific Standard Time elapsed time: 101.065692 seconds (0d 0h 1m 41s)

---------------  T H R E A D  ---------------

Current thread (0x000001b3318592d0):  JavaThread "C2 CompilerThread0" daemon [_thread_in_native, id=6224, stack(0x0000006d1d400000,0x0000006d1d500000)]


Current CompileTask:
C2: 101066 8676       4       sun.reflect.generics.parser.SignatureParser::parsePackageNameAndSimpleClassTypeSignature (119 bytes)

Stack: [0x0000006d1d400000,0x0000006d1d500000]
Native frames: (J=compiled Java code, j=interpreted, Vv=VM code, C=native code)
V  [jvm.dll+0x683c9a]
V  [jvm.dll+0x8427a4]
V  [jvm.dll+0x843f9e]
V  [jvm.dll+0x844603]
V  [jvm.dll+0x249b75]
V  [jvm.dll+0xabcac]
V  [jvm.dll+0xac27c]
V  [jvm.dll+0x2b0eef]
V  [jvm.dll+0x58a267]
V  [jvm.dll+0x2243b2]
V  [jvm.dll+0x22478f]
V  [jvm.dll+0x21e055]
V  [jvm.dll+0x21b51b]
V  [jvm.dll+0x1a4fdd]
V  [jvm.dll+0x22b098]
V  [jvm.dll+0x229159]
V  [jvm.dll+0x7f81ec]
V  [jvm.dll+0x7f274a]
V  [jvm.dll+0x682ad5]
C  [ucrtbase.dll+0x21bb2]
C  [KERNEL32.DLL+0x17614]
C  [ntdll.dll+0x526a1]


---------------  P R O C E S S  ---------------

Threads class SMR info:
_java_thread_list=0x000001b335e454c0, length=82, elements={
0x000001b31593a730, 0x000001b330e93db0, 0x000001b330e7bb20, 0x000001b331850280,
0x000001b331851b50, 0x000001b331853030, 0x000001b331854510, 0x000001b3318592d0,
0x000001b33185f050, 0x000001b331870110, 0x000001b3319ce840, 0x000001b3319d3130,
0x000001b334ab73e0, 0x000001b33327f080, 0x000001b332861940, 0x000001b33338df70,
0x000001b332931db0, 0x000001b3324b2740, 0x000001b332bb5fd0, 0x000001b33444bb60,
0x000001b33444c500, 0x000001b33444a350, 0x000001b3344494e0, 0x000001b33444cea0,
0x000001b33444c9d0, 0x000001b33444b690, 0x000001b3344499b0, 0x000001b33444a820,
0x000001b33444acf0, 0x000001b33444c030, 0x000001b331ea3f30, 0x000001b331e9f700,
0x000001b331ea4400, 0x000001b331e9ed60, 0x000001b331e9d550, 0x000001b331ea2250,
0x000001b331ea3a60, 0x000001b331ea0570, 0x000001b331ea3590, 0x000001b331ea1d80,
0x000001b331e9d080, 0x000001b331e9e890, 0x000001b331ea2720, 0x000001b331ea30c0,
0x000001b33993e6c0, 0x000001b33993d380, 0x000001b33993c510, 0x000001b339941210,
0x000001b339942ef0, 0x000001b33993c040, 0x000001b33993eb90, 0x000001b3399416e0,
0x000001b339940870, 0x000001b33993fed0, 0x000001b33993dd20, 0x000001b33993e1f0,
0x000001b33993d850, 0x000001b3399433c0, 0x000001b33993f060, 0x000001b33993fa00,
0x000001b339940d40, 0x000001b33993f530, 0x000001b33993c9e0, 0x000001b3399403a0,
0x000001b339941bb0, 0x000001b339942080, 0x000001b339943890, 0x000001b339942550,
0x000001b339942a20, 0x000001b33993ceb0, 0x000001b3325a9680, 0x000001b3325a5320,
0x000001b3325a79a0, 0x000001b3325a91b0, 0x000001b3325ab360, 0x000001b3325a8ce0,
0x000001b3325aa9c0, 0x000001b3325a4980, 0x000001b3325aae90, 0x000001b3325aa4f0,
0x000001b3325a4e50, 0x000001b3325abd00
}

Java Threads: ( => current thread )
  0x000001b31593a730 JavaThread "main" [_thread_blocked, id=3732, stack(0x0000006d1c700000,0x0000006d1c800000)]
  0x000001b330e93db0 JavaThread "Reference Handler" daemon [_thread_blocked, id=184, stack(0x0000006d1ce00000,0x0000006d1cf00000)]
  0x000001b330e7bb20 JavaThread "Finalizer" daemon [_thread_blocked, id=7232, stack(0x0000006d1cf00000,0x0000006d1d000000)]
  0x000001b331850280 JavaThread "Signal Dispatcher" daemon [_thread_blocked, id=8804, stack(0x0000006d1d000000,0x0000006d1d100000)]
  0x000001b331851b50 JavaThread "Attach Listener" daemon [_thread_blocked, id=4560, stack(0x0000006d1d100000,0x0000006d1d200000)]
  0x000001b331853030 JavaThread "Service Thread" daemon [_thread_blocked, id=2080, stack(0x0000006d1d200000,0x0000006d1d300000)]
  0x000001b331854510 JavaThread "Monitor Deflation Thread" daemon [_thread_blocked, id=7696, stack(0x0000006d1d300000,0x0000006d1d400000)]
=>0x000001b3318592d0 JavaThread "C2 CompilerThread0" daemon [_thread_in_native, id=6224, stack(0x0000006d1d400000,0x0000006d1d500000)]
  0x000001b33185f050 JavaThread "C1 CompilerThread0" daemon [_thread_blocked, id=6612, stack(0x0000006d1d500000,0x0000006d1d600000)]
  0x000001b331870110 JavaThread "Sweeper thread" daemon [_thread_blocked, id=8652, stack(0x0000006d1d600000,0x0000006d1d700000)]
  0x000001b3319ce840 JavaThread "Common-Cleaner" daemon [_thread_blocked, id=8576, stack(0x0000006d1d700000,0x0000006d1d800000)]
  0x000001b3319d3130 JavaThread "Notification Thread" daemon [_thread_blocked, id=564, stack(0x0000006d1d800000,0x0000006d1d900000)]
  0x000001b334ab73e0 JavaThread "Daemon health stats" [_thread_blocked, id=1448, stack(0x0000006d1da00000,0x0000006d1db00000)]
  0x000001b33327f080 JavaThread "Incoming local TCP Connector on port 55972" [_thread_in_native, id=1416, stack(0x0000006d1de00000,0x0000006d1df00000)]
  0x000001b332861940 JavaThread "Daemon periodic checks" [_thread_blocked, id=5312, stack(0x0000006d1df00000,0x0000006d1e000000)]
  0x000001b33338df70 JavaThread "Daemon" [_thread_blocked, id=2504, stack(0x0000006d1e000000,0x0000006d1e100000)]
  0x000001b332931db0 JavaThread "Handler for socket connection from /127.0.0.1:55972 to /127.0.0.1:55973" [_thread_in_native, id=6076, stack(0x0000006d1e100000,0x0000006d1e200000)]
  0x000001b3324b2740 JavaThread "Cancel handler" [_thread_blocked, id=7824, stack(0x0000006d1e200000,0x0000006d1e300000)]
  0x000001b332bb5fd0 JavaThread "Daemon worker" [_thread_in_vm, id=8148, stack(0x0000006d1e300000,0x0000006d1e400000)]
  0x000001b33444bb60 JavaThread "Asynchronous log dispatcher for DefaultDaemonConnection: socket connection from /127.0.0.1:55972 to /127.0.0.1:55973" [_thread_blocked, id=7928, stack(0x0000006d1e400000,0x0000006d1e500000)]
  0x000001b33444c500 JavaThread "Daemon client event forwarder" [_thread_blocked, id=1900, stack(0x0000006d1e600000,0x0000006d1e700000)]
  0x000001b33444a350 JavaThread "Cache worker for journal cache (C:\Users\Hakim\.gradle\caches\journal-1)" [_thread_blocked, id=8136, stack(0x0000006d1e700000,0x0000006d1e800000)]
  0x000001b3344494e0 JavaThread "File lock request listener" [_thread_in_native, id=7292, stack(0x0000006d1e800000,0x0000006d1e900000)]
  0x000001b33444cea0 JavaThread "Cache worker for file hash cache (C:\Users\Hakim\.gradle\caches\8.0\fileHashes)" [_thread_blocked, id=5304, stack(0x0000006d1ea00000,0x0000006d1eb00000)]
  0x000001b33444c9d0 JavaThread "File watcher server" daemon [_thread_in_native, id=7488, stack(0x0000006d1eb00000,0x0000006d1ec00000)]
  0x000001b33444b690 JavaThread "File watcher consumer" daemon [_thread_blocked, id=1520, stack(0x0000006d1ec00000,0x0000006d1ed00000)]
  0x000001b3344499b0 JavaThread "jar transforms" [_thread_blocked, id=8644, stack(0x0000006d1ed00000,0x0000006d1ee00000)]
  0x000001b33444a820 JavaThread "jar transforms Thread 2" [_thread_blocked, id=6944, stack(0x0000006d1ee00000,0x0000006d1ef00000)]
  0x000001b33444acf0 JavaThread "jar transforms Thread 3" [_thread_blocked, id=7412, stack(0x0000006d1ef00000,0x0000006d1f000000)]
  0x000001b33444c030 JavaThread "jar transforms Thread 4" [_thread_blocked, id=1020, stack(0x0000006d1f000000,0x0000006d1f100000)]
  0x000001b331ea3f30 JavaThread "Cache worker for checksums cache (C:\Users\Hakim\OneDrive\Bureau\SwapShop\FrontEnd\MobileVersion\.gradle\8.0\checksums)" [_thread_blocked, id=7604, stack(0x0000006d1e900000,0x0000006d1ea00000)]
  0x000001b331e9f700 JavaThread "Cache worker for cache directory md-rule (C:\Users\Hakim\.gradle\caches\8.0\md-rule)" [_thread_blocked, id=5792, stack(0x0000006d1f100000,0x0000006d1f200000)]
  0x000001b331ea4400 JavaThread "Cache worker for file content cache (C:\Users\Hakim\.gradle\caches\8.0\fileContent)" [_thread_blocked, id=3824, stack(0x0000006d1f200000,0x0000006d1f300000)]
  0x000001b331e9ed60 JavaThread "Cache worker for file hash cache (C:\Users\Hakim\OneDrive\Bureau\SwapShop\FrontEnd\MobileVersion\.gradle\8.0\fileHashes)" [_thread_blocked, id=4036, stack(0x0000006d1f400000,0x0000006d1f500000)]
  0x000001b331e9d550 JavaThread "Cache worker for cache directory md-supplier (C:\Users\Hakim\.gradle\caches\8.0\md-supplier)" [_thread_blocked, id=8748, stack(0x0000006d1f500000,0x0000006d1f600000)]
  0x000001b331ea2250 JavaThread "Cache worker for execution history cache (C:\Users\Hakim\.gradle\caches\8.0\executionHistory)" [_thread_blocked, id=6464, stack(0x0000006d1f600000,0x0000006d1f700000)]
  0x000001b331ea3a60 JavaThread "Cache worker for kotlin-dsl (C:\Users\Hakim\.gradle\caches\8.0\kotlin-dsl)" [_thread_blocked, id=3708, stack(0x0000006d1f700000,0x0000006d1f800000)]
  0x000001b331ea0570 JavaThread "Cache worker for dependencies-accessors (C:\Users\Hakim\OneDrive\Bureau\SwapShop\FrontEnd\MobileVersion\.gradle\8.0\dependencies-accessors)" [_thread_blocked, id=1508, stack(0x0000006d1f800000,0x0000006d1f900000)]
  0x000001b331ea3590 JavaThread "Cache worker for Build Output Cleanup Cache (C:\Users\Hakim\OneDrive\Bureau\SwapShop\FrontEnd\MobileVersion\.gradle\buildOutputCleanup)" [_thread_blocked, id=340, stack(0x0000006d1f900000,0x0000006d1fa00000)]
  0x000001b331ea1d80 JavaThread "Unconstrained build operations" [_thread_blocked, id=8080, stack(0x0000006d1c400000,0x0000006d1c500000)]
  0x000001b331e9d080 JavaThread "Unconstrained build operations Thread 2" [_thread_blocked, id=6440, stack(0x0000006d1c500000,0x0000006d1c600000)]
  0x000001b331e9e890 JavaThread "Unconstrained build operations Thread 3" [_thread_blocked, id=8100, stack(0x0000006d1c600000,0x0000006d1c700000)]
  0x000001b331ea2720 JavaThread "Unconstrained build operations Thread 4" [_thread_blocked, id=5852, stack(0x0000006d1f300000,0x0000006d1f400000)]
  0x000001b331ea30c0 JavaThread "Unconstrained build operations Thread 5" [_thread_blocked, id=7024, stack(0x0000006d1fa00000,0x0000006d1fb00000)]
  0x000001b33993e6c0 JavaThread "Unconstrained build operations Thread 6" [_thread_blocked, id=5140, stack(0x0000006d1fb00000,0x0000006d1fc00000)]
  0x000001b33993d380 JavaThread "Unconstrained build operations Thread 7" [_thread_blocked, id=5768, stack(0x0000006d1fc00000,0x0000006d1fd00000)]
  0x000001b33993c510 JavaThread "Unconstrained build operations Thread 8" [_thread_blocked, id=6352, stack(0x0000006d1fd00000,0x0000006d1fe00000)]
  0x000001b339941210 JavaThread "Unconstrained build operations Thread 9" [_thread_blocked, id=6592, stack(0x0000006d1fe00000,0x0000006d1ff00000)]
  0x000001b339942ef0 JavaThread "Unconstrained build operations Thread 10" [_thread_blocked, id=8320, stack(0x0000006d1ff00000,0x0000006d20000000)]
  0x000001b33993c040 JavaThread "Unconstrained build operations Thread 11" [_thread_blocked, id=7748, stack(0x0000006d20000000,0x0000006d20100000)]
  0x000001b33993eb90 JavaThread "Unconstrained build operations Thread 12" [_thread_blocked, id=7592, stack(0x0000006d20100000,0x0000006d20200000)]
  0x000001b3399416e0 JavaThread "Unconstrained build operations Thread 13" [_thread_blocked, id=5056, stack(0x0000006d20200000,0x0000006d20300000)]
  0x000001b339940870 JavaThread "Unconstrained build operations Thread 14" [_thread_blocked, id=3416, stack(0x0000006d20300000,0x0000006d20400000)]
  0x000001b33993fed0 JavaThread "Unconstrained build operations Thread 15" [_thread_blocked, id=8660, stack(0x0000006d20400000,0x0000006d20500000)]
  0x000001b33993dd20 JavaThread "Unconstrained build operations Thread 16" [_thread_blocked, id=8168, stack(0x0000006d20500000,0x0000006d20600000)]
  0x000001b33993e1f0 JavaThread "Unconstrained build operations Thread 17" [_thread_blocked, id=4000, stack(0x0000006d20600000,0x0000006d20700000)]
  0x000001b33993d850 JavaThread "Unconstrained build operations Thread 18" [_thread_blocked, id=4080, stack(0x0000006d20700000,0x0000006d20800000)]
  0x000001b3399433c0 JavaThread "Unconstrained build operations Thread 19" [_thread_blocked, id=2948, stack(0x0000006d20800000,0x0000006d20900000)]
  0x000001b33993f060 JavaThread "Unconstrained build operations Thread 20" [_thread_blocked, id=6468, stack(0x0000006d20900000,0x0000006d20a00000)]
  0x000001b33993fa00 JavaThread "Unconstrained build operations Thread 21" [_thread_blocked, id=6084, stack(0x0000006d20a00000,0x0000006d20b00000)]
  0x000001b339940d40 JavaThread "Unconstrained build operations Thread 22" [_thread_blocked, id=2008, stack(0x0000006d20b00000,0x0000006d20c00000)]
  0x000001b33993f530 JavaThread "Unconstrained build operations Thread 23" [_thread_blocked, id=7324, stack(0x0000006d20c00000,0x0000006d20d00000)]
  0x000001b33993c9e0 JavaThread "Unconstrained build operations Thread 24" [_thread_blocked, id=8996, stack(0x0000006d20d00000,0x0000006d20e00000)]
  0x000001b3399403a0 JavaThread "Unconstrained build operations Thread 25" [_thread_blocked, id=7648, stack(0x0000006d20e00000,0x0000006d20f00000)]
  0x000001b339941bb0 JavaThread "Unconstrained build operations Thread 26" [_thread_blocked, id=3052, stack(0x0000006d20f00000,0x0000006d21000000)]
  0x000001b339942080 JavaThread "Unconstrained build operations Thread 27" [_thread_blocked, id=8984, stack(0x0000006d21100000,0x0000006d21200000)]
  0x000001b339943890 JavaThread "Unconstrained build operations Thread 28" [_thread_blocked, id=648, stack(0x0000006d21200000,0x0000006d21300000)]
  0x000001b339942550 JavaThread "Unconstrained build operations Thread 29" [_thread_blocked, id=8772, stack(0x0000006d21300000,0x0000006d21400000)]
  0x000001b339942a20 JavaThread "Unconstrained build operations Thread 30" [_thread_blocked, id=1232, stack(0x0000006d21400000,0x0000006d21500000)]
  0x000001b33993ceb0 JavaThread "Unconstrained build operations Thread 31" [_thread_blocked, id=8516, stack(0x0000006d21500000,0x0000006d21600000)]
  0x000001b3325a9680 JavaThread "Unconstrained build operations Thread 32" [_thread_blocked, id=7544, stack(0x0000006d21600000,0x0000006d21700000)]
  0x000001b3325a5320 JavaThread "Unconstrained build operations Thread 33" [_thread_blocked, id=8616, stack(0x0000006d21700000,0x0000006d21800000)]
  0x000001b3325a79a0 JavaThread "Unconstrained build operations Thread 34" [_thread_blocked, id=6912, stack(0x0000006d21800000,0x0000006d21900000)]
  0x000001b3325a91b0 JavaThread "Unconstrained build operations Thread 35" [_thread_blocked, id=5864, stack(0x0000006d21900000,0x0000006d21a00000)]
  0x000001b3325ab360 JavaThread "Unconstrained build operations Thread 36" [_thread_blocked, id=2640, stack(0x0000006d21a00000,0x0000006d21b00000)]
  0x000001b3325a8ce0 JavaThread "Unconstrained build operations Thread 37" [_thread_blocked, id=5856, stack(0x0000006d21b00000,0x0000006d21c00000)]
  0x000001b3325aa9c0 JavaThread "Unconstrained build operations Thread 38" [_thread_blocked, id=8716, stack(0x0000006d21c00000,0x0000006d21d00000)]
  0x000001b3325a4980 JavaThread "Unconstrained build operations Thread 39" [_thread_blocked, id=7112, stack(0x0000006d21d00000,0x0000006d21e00000)]
  0x000001b3325aae90 JavaThread "Unconstrained build operations Thread 40" [_thread_blocked, id=7868, stack(0x0000006d21e00000,0x0000006d21f00000)]
  0x000001b3325aa4f0 JavaThread "Memory manager" [_thread_blocked, id=5136, stack(0x0000006d21f00000,0x0000006d22000000)]
  0x000001b3325a4e50 JavaThread "build event listener" [_thread_blocked, id=7892, stack(0x0000006d21000000,0x0000006d21100000)]
  0x000001b3325abd00 JavaThread "build event listener" [_thread_blocked, id=6444, stack(0x0000006d22000000,0x0000006d22100000)]

Other Threads:
  0x000001b330e8bda0 VMThread "VM Thread" [stack: 0x0000006d1cd00000,0x0000006d1ce00000] [id=7772]
  0x000001b3319d3600 WatcherThread [stack: 0x0000006d1d900000,0x0000006d1da00000] [id=3484]
  0x000001b315995920 GCTaskThread "GC Thread#0" [stack: 0x0000006d1c800000,0x0000006d1c900000] [id=7208]
  0x000001b3325ccca0 GCTaskThread "GC Thread#1" [stack: 0x0000006d1db00000,0x0000006d1dc00000] [id=7348]
  0x000001b331f2f7e0 GCTaskThread "GC Thread#2" [stack: 0x0000006d1dc00000,0x0000006d1dd00000] [id=6856]
  0x000001b331be2860 GCTaskThread "GC Thread#3" [stack: 0x0000006d1dd00000,0x0000006d1de00000] [id=8912]
  0x000001b3159a7780 ConcurrentGCThread "G1 Main Marker" [stack: 0x0000006d1c900000,0x0000006d1ca00000] [id=8184]
  0x000001b3159a8cc0 ConcurrentGCThread "G1 Conc#0" [stack: 0x0000006d1ca00000,0x0000006d1cb00000] [id=5236]
  0x000001b330cf6540 ConcurrentGCThread "G1 Refine#0" [stack: 0x0000006d1cb00000,0x0000006d1cc00000] [id=6724]
  0x000001b330cf8d80 ConcurrentGCThread "G1 Service" [stack: 0x0000006d1cc00000,0x0000006d1cd00000] [id=7536]

Threads with active compile tasks:
C2 CompilerThread0   101226 8676       4       sun.reflect.generics.parser.SignatureParser::parsePackageNameAndSimpleClassTypeSignature (119 bytes)

VM state: not at safepoint (normal execution)

VM Mutex/Monitor currently owned by a thread: None

Heap address: 0x0000000080000000, size: 2048 MB, Compressed Oops mode: 32-bit

CDS archive(s) not mapped
Compressed class space mapped at: 0x0000000100000000-0x0000000140000000, reserved size: 1073741824
Narrow klass base: 0x0000000000000000, Narrow klass shift: 3, Narrow klass range: 0x140000000

GC Precious Log:
 CPUs: 4 total, 4 available
 Memory: 8099M
 Large Page Support: Disabled
 NUMA Support: Disabled
 Compressed Oops: Enabled (32-bit)
 Heap Region Size: 1M
 Heap Min Capacity: 8M
 Heap Initial Capacity: 128M
 Heap Max Capacity: 2G
 Pre-touch: Disabled
 Parallel Workers: 4
 Concurrent Workers: 1
 Concurrent Refinement Workers: 4
 Periodic GC: Disabled

Heap:
 garbage-first heap   total 235520K, used 169908K [0x0000000080000000, 0x0000000100000000)
  region size 1024K, 65 young (66560K), 2 survivors (2048K)
 Metaspace       used 84630K, committed 85376K, reserved 1130496K
  class space    used 11536K, committed 11904K, reserved 1048576K

Heap Regions: E=young(eden), S=young(survivor), O=old, HS=humongous(starts), HC=humongous(continues), CS=collection set, F=free, OA=open archive, CA=closed archive, TAMS=top-at-mark-start (previous, next)
|   0|0x0000000080000000, 0x0000000080100000, 0x0000000080100000|100%| O|  |TAMS 0x0000000080100000, 0x0000000080000000| Untracked 
|   1|0x0000000080100000, 0x0000000080200000, 0x0000000080200000|100%| O|  |TAMS 0x0000000080200000, 0x0000000080100000| Untracked 
|   2|0x0000000080200000, 0x0000000080300000, 0x0000000080300000|100%|HS|  |TAMS 0x0000000080300000, 0x0000000080200000| Complete 
|   3|0x0000000080300000, 0x0000000080400000, 0x0000000080400000|100%|HC|  |TAMS 0x0000000080400000, 0x0000000080300000| Complete 
|   4|0x0000000080400000, 0x0000000080500000, 0x0000000080500000|100%|HC|  |TAMS 0x0000000080500000, 0x0000000080400000| Complete 
|   5|0x0000000080500000, 0x0000000080600000, 0x0000000080600000|100%|HC|  |TAMS 0x0000000080600000, 0x0000000080500000| Complete 
|   6|0x0000000080600000, 0x0000000080700000, 0x0000000080700000|100%| O|  |TAMS 0x0000000080700000, 0x0000000080600000| Untracked 
|   7|0x0000000080700000, 0x0000000080800000, 0x0000000080800000|100%| O|  |TAMS 0x0000000080800000, 0x0000000080700000| Untracked 
|   8|0x0000000080800000, 0x0000000080900000, 0x0000000080900000|100%| O|  |TAMS 0x0000000080900000, 0x0000000080800000| Untracked 
|   9|0x0000000080900000, 0x0000000080a00000, 0x0000000080a00000|100%| O|  |TAMS 0x0000000080a00000, 0x0000000080900000| Untracked 
|  10|0x0000000080a00000, 0x0000000080b00000, 0x0000000080b00000|100%| O|  |TAMS 0x0000000080b00000, 0x0000000080a00000| Untracked 
|  11|0x0000000080b00000, 0x0000000080c00000, 0x0000000080c00000|100%| O|  |TAMS 0x0000000080c00000, 0x0000000080b00000| Untracked 
|  12|0x0000000080c00000, 0x0000000080d00000, 0x0000000080d00000|100%| O|  |TAMS 0x0000000080d00000, 0x0000000080c00000| Untracked 
|  13|0x0000000080d00000, 0x0000000080e00000, 0x0000000080e00000|100%| O|  |TAMS 0x0000000080e00000, 0x0000000080d00000| Untracked 
|  14|0x0000000080e00000, 0x0000000080f00000, 0x0000000080f00000|100%| O|  |TAMS 0x0000000080f00000, 0x0000000080e00000| Untracked 
|  15|0x0000000080f00000, 0x0000000081000000, 0x0000000081000000|100%| O|  |TAMS 0x0000000081000000, 0x0000000080f00000| Untracked 
|  16|0x0000000081000000, 0x0000000081100000, 0x0000000081100000|100%| O|  |TAMS 0x0000000081100000, 0x0000000081000000| Untracked 
|  17|0x0000000081100000, 0x0000000081200000, 0x0000000081200000|100%| O|  |TAMS 0x0000000081200000, 0x0000000081100000| Untracked 
|  18|0x0000000081200000, 0x0000000081300000, 0x0000000081300000|100%| O|  |TAMS 0x0000000081300000, 0x0000000081200000| Untracked 
|  19|0x0000000081300000, 0x0000000081400000, 0x0000000081400000|100%| O|  |TAMS 0x0000000081400000, 0x0000000081300000| Untracked 
|  20|0x0000000081400000, 0x0000000081500000, 0x0000000081500000|100%| O|  |TAMS 0x0000000081500000, 0x0000000081400000| Untracked 
|  21|0x0000000081500000, 0x0000000081600000, 0x0000000081600000|100%|HS|  |TAMS 0x0000000081600000, 0x0000000081500000| Complete 
|  22|0x0000000081600000, 0x0000000081700000, 0x0000000081700000|100%|HC|  |TAMS 0x0000000081700000, 0x0000000081600000| Complete 
|  23|0x0000000081700000, 0x0000000081800000, 0x0000000081800000|100%|HS|  |TAMS 0x0000000081800000, 0x0000000081700000| Complete 
|  24|0x0000000081800000, 0x0000000081900000, 0x0000000081900000|100%|HC|  |TAMS 0x0000000081900000, 0x0000000081800000| Complete 
|  25|0x0000000081900000, 0x0000000081a00000, 0x0000000081a00000|100%|HC|  |TAMS 0x0000000081a00000, 0x0000000081900000| Complete 
|  26|0x0000000081a00000, 0x0000000081b00000, 0x0000000081b00000|100%|HS|  |TAMS 0x0000000081b00000, 0x0000000081a00000| Complete 
|  27|0x0000000081b00000, 0x0000000081c00000, 0x0000000081c00000|100%|HC|  |TAMS 0x0000000081c00000, 0x0000000081b00000| Complete 
|  28|0x0000000081c00000, 0x0000000081d00000, 0x0000000081d00000|100%|HC|  |TAMS 0x0000000081d00000, 0x0000000081c00000| Complete 
|  29|0x0000000081d00000, 0x0000000081e00000, 0x0000000081e00000|100%|HS|  |TAMS 0x0000000081e00000, 0x0000000081d00000| Complete 
|  30|0x0000000081e00000, 0x0000000081f00000, 0x0000000081f00000|100%|HC|  |TAMS 0x0000000081f00000, 0x0000000081e00000| Complete 
|  31|0x0000000081f00000, 0x0000000082000000, 0x0000000082000000|100%|HC|  |TAMS 0x0000000082000000, 0x0000000081f00000| Complete 
|  32|0x0000000082000000, 0x0000000082100000, 0x0000000082100000|100%|HC|  |TAMS 0x0000000082100000, 0x0000000082000000| Complete 
|  33|0x0000000082100000, 0x0000000082200000, 0x0000000082200000|100%|HC|  |TAMS 0x0000000082200000, 0x0000000082100000| Complete 
|  34|0x0000000082200000, 0x0000000082300000, 0x0000000082300000|100%|HC|  |TAMS 0x0000000082300000, 0x0000000082200000| Complete 
|  35|0x0000000082300000, 0x0000000082400000, 0x0000000082400000|100%|HC|  |TAMS 0x0000000082400000, 0x0000000082300000| Complete 
|  36|0x0000000082400000, 0x0000000082500000, 0x0000000082500000|100%|HC|  |TAMS 0x0000000082500000, 0x0000000082400000| Complete 
|  37|0x0000000082500000, 0x0000000082600000, 0x0000000082600000|100%|HC|  |TAMS 0x0000000082600000, 0x0000000082500000| Complete 
|  38|0x0000000082600000, 0x0000000082700000, 0x0000000082700000|100%|HC|  |TAMS 0x0000000082700000, 0x0000000082600000| Complete 
|  39|0x0000000082700000, 0x0000000082800000, 0x0000000082800000|100%|HC|  |TAMS 0x0000000082800000, 0x0000000082700000| Complete 
|  40|0x0000000082800000, 0x0000000082900000, 0x0000000082900000|100%|HC|  |TAMS 0x0000000082900000, 0x0000000082800000| Complete 
|  41|0x0000000082900000, 0x0000000082a00000, 0x0000000082a00000|100%|HS|  |TAMS 0x0000000082a00000, 0x0000000082900000| Complete 
|  42|0x0000000082a00000, 0x0000000082b00000, 0x0000000082b00000|100%|HC|  |TAMS 0x0000000082b00000, 0x0000000082a00000| Complete 
|  43|0x0000000082b00000, 0x0000000082c00000, 0x0000000082c00000|100%| O|  |TAMS 0x0000000082c00000, 0x0000000082b00000| Untracked 
|  44|0x0000000082c00000, 0x0000000082d00000, 0x0000000082d00000|100%| O|  |TAMS 0x0000000082d00000, 0x0000000082c00000| Untracked 
|  45|0x0000000082d00000, 0x0000000082e00000, 0x0000000082e00000|100%| O|  |TAMS 0x0000000082e00000, 0x0000000082d00000| Untracked 
|  46|0x0000000082e00000, 0x0000000082f00000, 0x0000000082f00000|100%| O|  |TAMS 0x0000000082f00000, 0x0000000082e00000| Untracked 
|  47|0x0000000082f00000, 0x0000000083000000, 0x0000000083000000|100%|HS|  |TAMS 0x0000000082f00000, 0x0000000082f00000| Complete 
|  48|0x0000000083000000, 0x0000000083100000, 0x0000000083100000|100%| O|  |TAMS 0x0000000083100000, 0x0000000083000000| Untracked 
|  49|0x0000000083100000, 0x0000000083200000, 0x0000000083200000|100%| O|  |TAMS 0x0000000083200000, 0x0000000083100000| Untracked 
|  50|0x0000000083200000, 0x0000000083300000, 0x0000000083300000|100%| O|  |TAMS 0x0000000083300000, 0x0000000083200000| Untracked 
|  51|0x0000000083300000, 0x0000000083400000, 0x0000000083400000|100%| O|  |TAMS 0x0000000083400000, 0x0000000083300000| Untracked 
|  52|0x0000000083400000, 0x0000000083500000, 0x0000000083500000|100%| O|  |TAMS 0x0000000083500000, 0x0000000083400000| Untracked 
|  53|0x0000000083500000, 0x0000000083600000, 0x0000000083600000|100%|HS|  |TAMS 0x0000000083600000, 0x0000000083500000| Complete 
|  54|0x0000000083600000, 0x0000000083700000, 0x0000000083700000|100%|HC|  |TAMS 0x0000000083700000, 0x0000000083600000| Complete 
|  55|0x0000000083700000, 0x0000000083800000, 0x0000000083800000|100%|HC|  |TAMS 0x0000000083800000, 0x0000000083700000| Complete 
|  56|0x0000000083800000, 0x0000000083900000, 0x0000000083900000|100%| O|  |TAMS 0x0000000083900000, 0x0000000083800000| Untracked 
|  57|0x0000000083900000, 0x0000000083a00000, 0x0000000083a00000|100%| O|  |TAMS 0x0000000083a00000, 0x0000000083900000| Untracked 
|  58|0x0000000083a00000, 0x0000000083b00000, 0x0000000083b00000|100%|HS|  |TAMS 0x0000000083b00000, 0x0000000083a00000| Complete 
|  59|0x0000000083b00000, 0x0000000083c00000, 0x0000000083c00000|100%|HC|  |TAMS 0x0000000083c00000, 0x0000000083b00000| Complete 
|  60|0x0000000083c00000, 0x0000000083d00000, 0x0000000083d00000|100%|HC|  |TAMS 0x0000000083d00000, 0x0000000083c00000| Complete 
|  61|0x0000000083d00000, 0x0000000083e00000, 0x0000000083e00000|100%| O|  |TAMS 0x0000000083e00000, 0x0000000083d00000| Untracked 
|  62|0x0000000083e00000, 0x0000000083f00000, 0x0000000083f00000|100%| O|  |TAMS 0x0000000083f00000, 0x0000000083e00000| Untracked 
|  63|0x0000000083f00000, 0x0000000084000000, 0x0000000084000000|100%| O|  |TAMS 0x0000000084000000, 0x0000000083f00000| Untracked 
|  64|0x0000000084000000, 0x0000000084100000, 0x0000000084100000|100%| O|  |TAMS 0x0000000084100000, 0x0000000084000000| Untracked 
|  65|0x0000000084100000, 0x0000000084200000, 0x0000000084200000|100%| O|  |TAMS 0x0000000084200000, 0x0000000084100000| Untracked 
|  66|0x0000000084200000, 0x0000000084300000, 0x0000000084300000|100%| O|  |TAMS 0x0000000084300000, 0x0000000084200000| Untracked 
|  67|0x0000000084300000, 0x0000000084400000, 0x0000000084400000|100%| O|  |TAMS 0x0000000084400000, 0x0000000084300000| Untracked 
|  68|0x0000000084400000, 0x0000000084500000, 0x0000000084500000|100%| O|  |TAMS 0x0000000084500000, 0x0000000084400000| Untracked 
|  69|0x0000000084500000, 0x0000000084600000, 0x0000000084600000|100%| O|  |TAMS 0x0000000084600000, 0x0000000084500000| Untracked 
|  70|0x0000000084600000, 0x0000000084700000, 0x0000000084700000|100%| O|  |TAMS 0x0000000084700000, 0x0000000084600000| Untracked 
|  71|0x0000000084700000, 0x0000000084800000, 0x0000000084800000|100%|HS|  |TAMS 0x0000000084800000, 0x0000000084700000| Complete 
|  72|0x0000000084800000, 0x0000000084900000, 0x0000000084900000|100%|HS|  |TAMS 0x0000000084900000, 0x0000000084800000| Complete 
|  73|0x0000000084900000, 0x0000000084a00000, 0x0000000084a00000|100%|HS|  |TAMS 0x0000000084a00000, 0x0000000084900000| Complete 
|  74|0x0000000084a00000, 0x0000000084b00000, 0x0000000084b00000|100%|HC|  |TAMS 0x0000000084b00000, 0x0000000084a00000| Complete 
|  75|0x0000000084b00000, 0x0000000084c00000, 0x0000000084c00000|100%|HS|  |TAMS 0x0000000084c00000, 0x0000000084b00000| Complete 
|  76|0x0000000084c00000, 0x0000000084d00000, 0x0000000084d00000|100%|HS|  |TAMS 0x0000000084d00000, 0x0000000084c00000| Complete 
|  77|0x0000000084d00000, 0x0000000084e00000, 0x0000000084e00000|100%|HC|  |TAMS 0x0000000084e00000, 0x0000000084d00000| Complete 
|  78|0x0000000084e00000, 0x0000000084f00000, 0x0000000084f00000|100%|HC|  |TAMS 0x0000000084f00000, 0x0000000084e00000| Complete 
|  79|0x0000000084f00000, 0x0000000085000000, 0x0000000085000000|100%|HC|  |TAMS 0x0000000085000000, 0x0000000084f00000| Complete 
|  80|0x0000000085000000, 0x0000000085100000, 0x0000000085100000|100%| O|  |TAMS 0x0000000085100000, 0x0000000085000000| Untracked 
|  81|0x0000000085100000, 0x0000000085200000, 0x0000000085200000|100%| O|  |TAMS 0x0000000085200000, 0x0000000085100000| Untracked 
|  82|0x0000000085200000, 0x0000000085300000, 0x0000000085300000|100%| O|  |TAMS 0x0000000085200000, 0x0000000085200000| Untracked 
|  83|0x0000000085300000, 0x0000000085400000, 0x0000000085400000|100%| O|  |TAMS 0x0000000085400000, 0x0000000085300000| Untracked 
|  84|0x0000000085400000, 0x0000000085500000, 0x0000000085500000|100%| O|  |TAMS 0x0000000085500000, 0x0000000085400000| Untracked 
|  85|0x0000000085500000, 0x0000000085600000, 0x0000000085600000|100%| O|  |TAMS 0x0000000085600000, 0x0000000085500000| Untracked 
|  86|0x0000000085600000, 0x0000000085700000, 0x0000000085700000|100%| O|  |TAMS 0x0000000085700000, 0x0000000085600000| Untracked 
|  87|0x0000000085700000, 0x0000000085800000, 0x0000000085800000|100%| O|  |TAMS 0x0000000085800000, 0x0000000085700000| Untracked 
|  88|0x0000000085800000, 0x0000000085900000, 0x0000000085900000|100%| O|  |TAMS 0x0000000085900000, 0x0000000085800000| Untracked 
|  89|0x0000000085900000, 0x0000000085a00000, 0x0000000085a00000|100%| O|  |TAMS 0x0000000085a00000, 0x0000000085900000| Untracked 
|  90|0x0000000085a00000, 0x0000000085b00000, 0x0000000085b00000|100%| O|  |TAMS 0x0000000085b00000, 0x0000000085a00000| Untracked 
|  91|0x0000000085b00000, 0x0000000085c00000, 0x0000000085c00000|100%| O|  |TAMS 0x0000000085c00000, 0x0000000085b00000| Untracked 
|  92|0x0000000085c00000, 0x0000000085d00000, 0x0000000085d00000|100%| O|  |TAMS 0x0000000085d00000, 0x0000000085c00000| Untracked 
|  93|0x0000000085d00000, 0x0000000085e00000, 0x0000000085e00000|100%| O|  |TAMS 0x0000000085e00000, 0x0000000085d00000| Untracked 
|  94|0x0000000085e00000, 0x0000000085f00000, 0x0000000085f00000|100%| O|  |TAMS 0x0000000085f00000, 0x0000000085e00000| Untracked 
|  95|0x0000000085f00000, 0x0000000086000000, 0x0000000086000000|100%| O|  |TAMS 0x0000000085f16200, 0x0000000085f00000| Untracked 
|  96|0x0000000086000000, 0x0000000086100000, 0x0000000086100000|100%| O|  |TAMS 0x0000000086000000, 0x0000000086000000| Untracked 
|  97|0x0000000086100000, 0x0000000086200000, 0x0000000086200000|100%| O|  |TAMS 0x0000000086200000, 0x0000000086100000| Untracked 
|  98|0x0000000086200000, 0x0000000086300000, 0x0000000086300000|100%| O|  |TAMS 0x0000000086200000, 0x0000000086200000| Untracked 
|  99|0x0000000086300000, 0x0000000086400000, 0x0000000086400000|100%| O|  |TAMS 0x0000000086300000, 0x0000000086300000| Untracked 
| 100|0x0000000086400000, 0x0000000086500000, 0x0000000086500000|100%| O|  |TAMS 0x0000000086400000, 0x0000000086400000| Untracked 
| 101|0x0000000086500000, 0x0000000086600000, 0x0000000086600000|100%| O|  |TAMS 0x0000000086500000, 0x0000000086500000| Untracked 
| 102|0x0000000086600000, 0x0000000086700000, 0x0000000086700000|100%| O|  |TAMS 0x0000000086600000, 0x0000000086600000| Untracked 
| 103|0x0000000086700000, 0x000000008674c000, 0x0000000086800000| 29%| O|  |TAMS 0x0000000086700000, 0x0000000086700000| Untracked 
| 104|0x0000000086800000, 0x0000000086800000, 0x0000000086900000|  0%| F|  |TAMS 0x0000000086800000, 0x0000000086800000| Untracked 
| 105|0x0000000086900000, 0x0000000086900000, 0x0000000086a00000|  0%| F|  |TAMS 0x0000000086900000, 0x0000000086900000| Untracked 
| 106|0x0000000086a00000, 0x0000000086a00000, 0x0000000086b00000|  0%| F|  |TAMS 0x0000000086a00000, 0x0000000086a00000| Untracked 
| 107|0x0000000086b00000, 0x0000000086b00000, 0x0000000086c00000|  0%| F|  |TAMS 0x0000000086b00000, 0x0000000086b00000| Untracked 
| 108|0x0000000086c00000, 0x0000000086c00000, 0x0000000086d00000|  0%| F|  |TAMS 0x0000000086c00000, 0x0000000086c00000| Untracked 
| 109|0x0000000086d00000, 0x0000000086d00000, 0x0000000086e00000|  0%| F|  |TAMS 0x0000000086d00000, 0x0000000086d00000| Untracked 
| 110|0x0000000086e00000, 0x0000000086e00000, 0x0000000086f00000|  0%| F|  |TAMS 0x0000000086e00000, 0x0000000086e00000| Untracked 
| 111|0x0000000086f00000, 0x0000000086f00000, 0x0000000087000000|  0%| F|  |TAMS 0x0000000086f00000, 0x0000000086f00000| Untracked 
| 112|0x0000000087000000, 0x0000000087000000, 0x0000000087100000|  0%| F|  |TAMS 0x0000000087000000, 0x0000000087000000| Untracked 
| 113|0x0000000087100000, 0x0000000087100000, 0x0000000087200000|  0%| F|  |TAMS 0x0000000087100000, 0x0000000087100000| Untracked 
| 114|0x0000000087200000, 0x0000000087200000, 0x0000000087300000|  0%| F|  |TAMS 0x0000000087200000, 0x0000000087200000| Untracked 
| 115|0x0000000087300000, 0x0000000087300000, 0x0000000087400000|  0%| F|  |TAMS 0x0000000087300000, 0x0000000087300000| Untracked 
| 116|0x0000000087400000, 0x0000000087400000, 0x0000000087500000|  0%| F|  |TAMS 0x0000000087400000, 0x0000000087400000| Untracked 
| 117|0x0000000087500000, 0x0000000087500000, 0x0000000087600000|  0%| F|  |TAMS 0x0000000087500000, 0x0000000087500000| Untracked 
| 118|0x0000000087600000, 0x0000000087600000, 0x0000000087700000|  0%| F|  |TAMS 0x0000000087600000, 0x0000000087600000| Untracked 
| 119|0x0000000087700000, 0x0000000087700000, 0x0000000087800000|  0%| F|  |TAMS 0x0000000087700000, 0x0000000087700000| Untracked 
| 120|0x0000000087800000, 0x0000000087800000, 0x0000000087900000|  0%| F|  |TAMS 0x0000000087800000, 0x0000000087800000| Untracked 
| 121|0x0000000087900000, 0x0000000087900000, 0x0000000087a00000|  0%| F|  |TAMS 0x0000000087900000, 0x0000000087900000| Untracked 
| 122|0x0000000087a00000, 0x0000000087a00000, 0x0000000087b00000|  0%| F|  |TAMS 0x0000000087a00000, 0x0000000087a00000| Untracked 
| 123|0x0000000087b00000, 0x0000000087b00000, 0x0000000087c00000|  0%| F|  |TAMS 0x0000000087b00000, 0x0000000087b00000| Untracked 
| 124|0x0000000087c00000, 0x0000000087c00000, 0x0000000087d00000|  0%| F|  |TAMS 0x0000000087c00000, 0x0000000087c00000| Untracked 
| 125|0x0000000087d00000, 0x0000000087d00000, 0x0000000087e00000|  0%| F|  |TAMS 0x0000000087d00000, 0x0000000087d00000| Untracked 
| 126|0x0000000087e00000, 0x0000000087e00000, 0x0000000087f00000|  0%| F|  |TAMS 0x0000000087e00000, 0x0000000087e00000| Untracked 
| 127|0x0000000087f00000, 0x0000000087f00000, 0x0000000088000000|  0%| F|  |TAMS 0x0000000087f00000, 0x0000000087f00000| Untracked 
| 128|0x0000000088000000, 0x0000000088000000, 0x0000000088100000|  0%| F|  |TAMS 0x0000000088000000, 0x0000000088000000| Untracked 
| 129|0x0000000088100000, 0x0000000088100000, 0x0000000088200000|  0%| F|  |TAMS 0x0000000088100000, 0x0000000088100000| Untracked 
| 130|0x0000000088200000, 0x0000000088200000, 0x0000000088300000|  0%| F|  |TAMS 0x0000000088200000, 0x0000000088200000| Untracked 
| 131|0x0000000088300000, 0x0000000088300000, 0x0000000088400000|  0%| F|  |TAMS 0x0000000088300000, 0x0000000088300000| Untracked 
| 132|0x0000000088400000, 0x0000000088400000, 0x0000000088500000|  0%| F|  |TAMS 0x0000000088400000, 0x0000000088400000| Untracked 
| 133|0x0000000088500000, 0x0000000088500000, 0x0000000088600000|  0%| F|  |TAMS 0x0000000088500000, 0x0000000088500000| Untracked 
| 134|0x0000000088600000, 0x0000000088600000, 0x0000000088700000|  0%| F|  |TAMS 0x0000000088600000, 0x0000000088600000| Untracked 
| 135|0x0000000088700000, 0x0000000088700000, 0x0000000088800000|  0%| F|  |TAMS 0x0000000088700000, 0x0000000088700000| Untracked 
| 136|0x0000000088800000, 0x0000000088800000, 0x0000000088900000|  0%| F|  |TAMS 0x0000000088800000, 0x0000000088800000| Untracked 
| 137|0x0000000088900000, 0x0000000088900000, 0x0000000088a00000|  0%| F|  |TAMS 0x0000000088900000, 0x0000000088900000| Untracked 
| 138|0x0000000088a00000, 0x0000000088a00000, 0x0000000088b00000|  0%| F|  |TAMS 0x0000000088a00000, 0x0000000088a00000| Untracked 
| 139|0x0000000088b00000, 0x0000000088b00000, 0x0000000088c00000|  0%| F|  |TAMS 0x0000000088b00000, 0x0000000088b00000| Untracked 
| 140|0x0000000088c00000, 0x0000000088c00000, 0x0000000088d00000|  0%| F|  |TAMS 0x0000000088c00000, 0x0000000088c00000| Untracked 
| 141|0x0000000088d00000, 0x0000000088d00000, 0x0000000088e00000|  0%| F|  |TAMS 0x0000000088d00000, 0x0000000088d00000| Untracked 
| 142|0x0000000088e00000, 0x0000000088e00000, 0x0000000088f00000|  0%| F|  |TAMS 0x0000000088e00000, 0x0000000088e00000| Untracked 
| 143|0x0000000088f00000, 0x0000000088f00000, 0x0000000089000000|  0%| F|  |TAMS 0x0000000088f00000, 0x0000000088f00000| Untracked 
| 144|0x0000000089000000, 0x0000000089000000, 0x0000000089100000|  0%| F|  |TAMS 0x0000000089000000, 0x0000000089000000| Untracked 
| 145|0x0000000089100000, 0x0000000089100000, 0x0000000089200000|  0%| F|  |TAMS 0x0000000089100000, 0x0000000089100000| Untracked 
| 146|0x0000000089200000, 0x0000000089200000, 0x0000000089300000|  0%| F|  |TAMS 0x0000000089200000, 0x0000000089200000| Untracked 
| 147|0x0000000089300000, 0x0000000089300000, 0x0000000089400000|  0%| F|  |TAMS 0x0000000089300000, 0x0000000089300000| Untracked 
| 148|0x0000000089400000, 0x0000000089400000, 0x0000000089500000|  0%| F|  |TAMS 0x0000000089400000, 0x0000000089400000| Untracked 
| 149|0x0000000089500000, 0x0000000089500000, 0x0000000089600000|  0%| F|  |TAMS 0x0000000089500000, 0x0000000089500000| Untracked 
| 150|0x0000000089600000, 0x0000000089600000, 0x0000000089700000|  0%| F|  |TAMS 0x0000000089600000, 0x0000000089600000| Untracked 
| 151|0x0000000089700000, 0x0000000089700000, 0x0000000089800000|  0%| F|  |TAMS 0x0000000089700000, 0x0000000089700000| Untracked 
| 152|0x0000000089800000, 0x0000000089800000, 0x0000000089900000|  0%| F|  |TAMS 0x0000000089800000, 0x0000000089800000| Untracked 
| 153|0x0000000089900000, 0x0000000089900000, 0x0000000089a00000|  0%| F|  |TAMS 0x0000000089900000, 0x0000000089900000| Untracked 
| 154|0x0000000089a00000, 0x0000000089a00000, 0x0000000089b00000|  0%| F|  |TAMS 0x0000000089a00000, 0x0000000089a00000| Untracked 
| 155|0x0000000089b00000, 0x0000000089b00000, 0x0000000089c00000|  0%| F|  |TAMS 0x0000000089b00000, 0x0000000089b00000| Untracked 
| 156|0x0000000089c00000, 0x0000000089c00000, 0x0000000089d00000|  0%| F|  |TAMS 0x0000000089c00000, 0x0000000089c00000| Untracked 
| 157|0x0000000089d00000, 0x0000000089d00000, 0x0000000089e00000|  0%| F|  |TAMS 0x0000000089d00000, 0x0000000089d00000| Untracked 
| 158|0x0000000089e00000, 0x0000000089e00000, 0x0000000089f00000|  0%| F|  |TAMS 0x0000000089e00000, 0x0000000089e00000| Untracked 
| 159|0x0000000089f00000, 0x0000000089f00000, 0x000000008a000000|  0%| F|  |TAMS 0x0000000089f00000, 0x0000000089f00000| Untracked 
| 160|0x000000008a000000, 0x000000008a000000, 0x000000008a100000|  0%| F|  |TAMS 0x000000008a000000, 0x000000008a000000| Untracked 
| 161|0x000000008a100000, 0x000000008a100000, 0x000000008a200000|  0%| F|  |TAMS 0x000000008a100000, 0x000000008a100000| Untracked 
| 162|0x000000008a200000, 0x000000008a200000, 0x000000008a300000|  0%| F|  |TAMS 0x000000008a200000, 0x000000008a200000| Untracked 
| 163|0x000000008a300000, 0x000000008a300000, 0x000000008a400000|  0%| F|  |TAMS 0x000000008a300000, 0x000000008a300000| Untracked 
| 164|0x000000008a400000, 0x000000008a400000, 0x000000008a500000|  0%| F|  |TAMS 0x000000008a400000, 0x000000008a400000| Untracked 
| 165|0x000000008a500000, 0x000000008a580800, 0x000000008a600000| 50%| E|  |TAMS 0x000000008a500000, 0x000000008a500000| Complete 
| 166|0x000000008a600000, 0x000000008a700000, 0x000000008a700000|100%| E|CS|TAMS 0x000000008a600000, 0x000000008a600000| Complete 
| 167|0x000000008a700000, 0x000000008a800000, 0x000000008a800000|100%| E|CS|TAMS 0x000000008a700000, 0x000000008a700000| Complete 
| 168|0x000000008a800000, 0x000000008a900000, 0x000000008a900000|100%| E|CS|TAMS 0x000000008a800000, 0x000000008a800000| Complete 
| 169|0x000000008a900000, 0x000000008aa00000, 0x000000008aa00000|100%| E|CS|TAMS 0x000000008a900000, 0x000000008a900000| Complete 
| 170|0x000000008aa00000, 0x000000008ab00000, 0x000000008ab00000|100%| E|CS|TAMS 0x000000008aa00000, 0x000000008aa00000| Complete 
| 171|0x000000008ab00000, 0x000000008ac00000, 0x000000008ac00000|100%| E|CS|TAMS 0x000000008ab00000, 0x000000008ab00000| Complete 
| 172|0x000000008ac00000, 0x000000008ad00000, 0x000000008ad00000|100%| E|CS|TAMS 0x000000008ac00000, 0x000000008ac00000| Complete 
| 173|0x000000008ad00000, 0x000000008ae00000, 0x000000008ae00000|100%| E|CS|TAMS 0x000000008ad00000, 0x000000008ad00000| Complete 
| 174|0x000000008ae00000, 0x000000008af00000, 0x000000008af00000|100%| E|CS|TAMS 0x000000008ae00000, 0x000000008ae00000| Complete 
| 175|0x000000008af00000, 0x000000008b000000, 0x000000008b000000|100%| E|CS|TAMS 0x000000008af00000, 0x000000008af00000| Complete 
| 176|0x000000008b000000, 0x000000008b100000, 0x000000008b100000|100%| E|CS|TAMS 0x000000008b000000, 0x000000008b000000| Complete 
| 177|0x000000008b100000, 0x000000008b200000, 0x000000008b200000|100%| E|CS|TAMS 0x000000008b100000, 0x000000008b100000| Complete 
| 178|0x000000008b200000, 0x000000008b300000, 0x000000008b300000|100%| E|CS|TAMS 0x000000008b200000, 0x000000008b200000| Complete 
| 179|0x000000008b300000, 0x000000008b400000, 0x000000008b400000|100%| E|CS|TAMS 0x000000008b300000, 0x000000008b300000| Complete 
| 180|0x000000008b400000, 0x000000008b500000, 0x000000008b500000|100%| E|CS|TAMS 0x000000008b400000, 0x000000008b400000| Complete 
| 181|0x000000008b500000, 0x000000008b600000, 0x000000008b600000|100%| E|CS|TAMS 0x000000008b500000, 0x000000008b500000| Complete 
| 182|0x000000008b600000, 0x000000008b700000, 0x000000008b700000|100%| E|CS|TAMS 0x000000008b600000, 0x000000008b600000| Complete 
| 183|0x000000008b700000, 0x000000008b800000, 0x000000008b800000|100%| E|CS|TAMS 0x000000008b700000, 0x000000008b700000| Complete 
| 184|0x000000008b800000, 0x000000008b900000, 0x000000008b900000|100%| E|CS|TAMS 0x000000008b800000, 0x000000008b800000| Complete 
| 185|0x000000008b900000, 0x000000008ba00000, 0x000000008ba00000|100%| E|CS|TAMS 0x000000008b900000, 0x000000008b900000| Complete 
| 186|0x000000008ba00000, 0x000000008bb00000, 0x000000008bb00000|100%| E|CS|TAMS 0x000000008ba00000, 0x000000008ba00000| Complete 
| 187|0x000000008bb00000, 0x000000008bc00000, 0x000000008bc00000|100%| E|CS|TAMS 0x000000008bb00000, 0x000000008bb00000| Complete 
| 188|0x000000008bc00000, 0x000000008bd00000, 0x000000008bd00000|100%| E|CS|TAMS 0x000000008bc00000, 0x000000008bc00000| Complete 
| 189|0x000000008bd00000, 0x000000008be00000, 0x000000008be00000|100%| E|CS|TAMS 0x000000008bd00000, 0x000000008bd00000| Complete 
| 190|0x000000008be00000, 0x000000008bf00000, 0x000000008bf00000|100%| E|CS|TAMS 0x000000008be00000, 0x000000008be00000| Complete 
| 191|0x000000008bf00000, 0x000000008c000000, 0x000000008c000000|100%| E|CS|TAMS 0x000000008bf00000, 0x000000008bf00000| Complete 
| 192|0x000000008c000000, 0x000000008c100000, 0x000000008c100000|100%| E|CS|TAMS 0x000000008c000000, 0x000000008c000000| Complete 
| 193|0x000000008c100000, 0x000000008c200000, 0x000000008c200000|100%| E|CS|TAMS 0x000000008c100000, 0x000000008c100000| Complete 
| 194|0x000000008c200000, 0x000000008c300000, 0x000000008c300000|100%| E|CS|TAMS 0x000000008c200000, 0x000000008c200000| Complete 
| 195|0x000000008c300000, 0x000000008c400000, 0x000000008c400000|100%| E|CS|TAMS 0x000000008c300000, 0x000000008c300000| Complete 
| 196|0x000000008c400000, 0x000000008c500000, 0x000000008c500000|100%| E|CS|TAMS 0x000000008c400000, 0x000000008c400000| Complete 
| 197|0x000000008c500000, 0x000000008c600000, 0x000000008c600000|100%| E|CS|TAMS 0x000000008c500000, 0x000000008c500000| Complete 
| 198|0x000000008c600000, 0x000000008c700000, 0x000000008c700000|100%| E|  |TAMS 0x000000008c600000, 0x000000008c600000| Complete 
| 199|0x000000008c700000, 0x000000008c800000, 0x000000008c800000|100%| E|CS|TAMS 0x000000008c700000, 0x000000008c700000| Complete 
| 200|0x000000008c800000, 0x000000008c900000, 0x000000008c900000|100%| E|CS|TAMS 0x000000008c800000, 0x000000008c800000| Complete 
| 201|0x000000008c900000, 0x000000008ca00000, 0x000000008ca00000|100%| E|CS|TAMS 0x000000008c900000, 0x000000008c900000| Complete 
| 202|0x000000008ca00000, 0x000000008cb00000, 0x000000008cb00000|100%| E|CS|TAMS 0x000000008ca00000, 0x000000008ca00000| Complete 
| 203|0x000000008cb00000, 0x000000008cc00000, 0x000000008cc00000|100%| E|CS|TAMS 0x000000008cb00000, 0x000000008cb00000| Complete 
| 204|0x000000008cc00000, 0x000000008cd00000, 0x000000008cd00000|100%| E|CS|TAMS 0x000000008cc00000, 0x000000008cc00000| Complete 
| 205|0x000000008cd00000, 0x000000008ce00000, 0x000000008ce00000|100%| E|CS|TAMS 0x000000008cd00000, 0x000000008cd00000| Complete 
| 206|0x000000008ce00000, 0x000000008cf00000, 0x000000008cf00000|100%| E|CS|TAMS 0x000000008ce00000, 0x000000008ce00000| Complete 
| 207|0x000000008cf00000, 0x000000008d000000, 0x000000008d000000|100%| E|CS|TAMS 0x000000008cf00000, 0x000000008cf00000| Complete 
| 208|0x000000008d000000, 0x000000008d100000, 0x000000008d100000|100%| E|CS|TAMS 0x000000008d000000, 0x000000008d000000| Complete 
| 209|0x000000008d100000, 0x000000008d200000, 0x000000008d200000|100%| E|CS|TAMS 0x000000008d100000, 0x000000008d100000| Complete 
| 210|0x000000008d200000, 0x000000008d300000, 0x000000008d300000|100%| E|CS|TAMS 0x000000008d200000, 0x000000008d200000| Complete 
| 211|0x000000008d300000, 0x000000008d400000, 0x000000008d400000|100%| E|CS|TAMS 0x000000008d300000, 0x000000008d300000| Complete 
| 212|0x000000008d400000, 0x000000008d500000, 0x000000008d500000|100%| E|CS|TAMS 0x000000008d400000, 0x000000008d400000| Complete 
| 213|0x000000008d500000, 0x000000008d600000, 0x000000008d600000|100%| E|CS|TAMS 0x000000008d500000, 0x000000008d500000| Complete 
| 214|0x000000008d600000, 0x000000008d700000, 0x000000008d700000|100%| E|CS|TAMS 0x000000008d600000, 0x000000008d600000| Complete 
| 215|0x000000008d700000, 0x000000008d800000, 0x000000008d800000|100%| E|CS|TAMS 0x000000008d700000, 0x000000008d700000| Complete 
| 216|0x000000008d800000, 0x000000008d900000, 0x000000008d900000|100%| E|CS|TAMS 0x000000008d800000, 0x000000008d800000| Complete 
| 217|0x000000008d900000, 0x000000008da00000, 0x000000008da00000|100%| E|CS|TAMS 0x000000008d900000, 0x000000008d900000| Complete 
| 218|0x000000008da00000, 0x000000008db00000, 0x000000008db00000|100%| E|CS|TAMS 0x000000008da00000, 0x000000008da00000| Complete 
| 219|0x000000008db00000, 0x000000008dc00000, 0x000000008dc00000|100%| E|CS|TAMS 0x000000008db00000, 0x000000008db00000| Complete 
| 220|0x000000008dc00000, 0x000000008dd00000, 0x000000008dd00000|100%| E|CS|TAMS 0x000000008dc00000, 0x000000008dc00000| Complete 
| 221|0x000000008dd00000, 0x000000008de00000, 0x000000008de00000|100%| E|CS|TAMS 0x000000008dd00000, 0x000000008dd00000| Complete 
| 222|0x000000008de00000, 0x000000008df00000, 0x000000008df00000|100%| E|CS|TAMS 0x000000008de00000, 0x000000008de00000| Complete 
| 223|0x000000008df00000, 0x000000008e000000, 0x000000008e000000|100%| E|CS|TAMS 0x000000008df00000, 0x000000008df00000| Complete 
| 224|0x000000008e000000, 0x000000008e100000, 0x000000008e100000|100%| E|CS|TAMS 0x000000008e000000, 0x000000008e000000| Complete 
| 225|0x000000008e100000, 0x000000008e1a1080, 0x000000008e200000| 62%| S|CS|TAMS 0x000000008e100000, 0x000000008e100000| Complete 
| 226|0x000000008e200000, 0x000000008e300000, 0x000000008e300000|100%| S|CS|TAMS 0x000000008e200000, 0x000000008e200000| Complete 
| 227|0x000000008e300000, 0x000000008e400000, 0x000000008e400000|100%| E|CS|TAMS 0x000000008e300000, 0x000000008e300000| Complete 
| 228|0x000000008e400000, 0x000000008e500000, 0x000000008e500000|100%| E|CS|TAMS 0x000000008e400000, 0x000000008e400000| Complete 
| 229|0x000000008e500000, 0x000000008e600000, 0x000000008e600000|100%| E|CS|TAMS 0x000000008e500000, 0x000000008e500000| Complete 

Card table byte_map: [0x000001b32a000000,0x000001b32a400000] _byte_map_base: 0x000001b329c00000

Marking Bits (Prev, Next): (CMBitMap*) 0x000001b315996e50, (CMBitMap*) 0x000001b315996e90
 Prev Bits: [0x000001b32a800000, 0x000001b32c800000)
 Next Bits: [0x000001b32c800000, 0x000001b32e800000)

Polling page: 0x000001b3159d0000

Metaspace:

Usage:
  Non-class:     71.38 MB used.
      Class:     11.27 MB used.
       Both:     82.65 MB used.

Virtual space:
  Non-class space:       80.00 MB reserved,      71.75 MB ( 90%) committed,  10 nodes.
      Class space:        1.00 GB reserved,      11.62 MB (  1%) committed,  1 nodes.
             Both:        1.08 GB reserved,      83.38 MB (  8%) committed. 

Chunk freelists:
   Non-Class:  3.81 MB
       Class:  365.00 KB
        Both:  4.17 MB

MaxMetaspaceSize: unlimited
CompressedClassSpaceSize: 1.00 GB
Initial GC threshold: 21.00 MB
Current GC threshold: 117.94 MB
CDS: off
MetaspaceReclaimPolicy: balanced
 - commit_granule_bytes: 65536.
 - commit_granule_words: 8192.
 - virtual_space_node_default_size: 1048576.
 - enlarge_chunks_in_place: 1.
 - new_chunks_are_fully_committed: 0.
 - uncommit_free_chunks: 1.
 - use_allocation_guard: 0.
 - handle_deallocations: 1.


Internal statistics:

num_allocs_failed_limit: 5.
num_arena_births: 894.
num_arena_deaths: 0.
num_vsnodes_births: 11.
num_vsnodes_deaths: 0.
num_space_committed: 1334.
num_space_uncommitted: 0.
num_chunks_returned_to_freelist: 5.
num_chunks_taken_from_freelist: 3927.
num_chunk_merges: 5.
num_chunk_splits: 2636.
num_chunks_enlarged: 1788.
num_purges: 0.
num_inconsistent_stats: 0.

CodeHeap 'non-profiled nmethods': size=120000Kb used=4433Kb max_used=4433Kb free=115566Kb
 bounds [0x000001b3220a0000, 0x000001b322500000, 0x000001b3295d0000]
CodeHeap 'profiled nmethods': size=120000Kb used=15813Kb max_used=15813Kb free=104187Kb
 bounds [0x000001b31a5d0000, 0x000001b31b550000, 0x000001b321b00000]
CodeHeap 'non-nmethods': size=5760Kb used=2384Kb max_used=2443Kb free=3375Kb
 bounds [0x000001b321b00000, 0x000001b321d70000, 0x000001b3220a0000]
 total_blobs=8725 nmethods=7806 adapters=831
 compilation: enabled
              stopped_count=0, restarted_count=0
 full_count=0

Compilation events (20 events):
Event: 100.820 Thread 0x000001b33185f050 8694       3       jdk.internal.reflect.ClassFileAssembler::opc_sipush (16 bytes)
Event: 100.822 Thread 0x000001b33185f050 nmethod 8694 0x000001b31b533d90 code [0x000001b31b533fa0, 0x000001b31b5344e8]
Event: 100.832 Thread 0x000001b33185f050 8695       3       org.gradle.internal.instantiation.generator.DependencyInjectingInstantiator::<init> (15 bytes)
Event: 100.833 Thread 0x000001b33185f050 nmethod 8695 0x000001b31b534790 code [0x000001b31b534940, 0x000001b31b534b58]
Event: 100.833 Thread 0x000001b33185f050 8696       3       org.gradle.internal.instantiation.generator.DefaultInstantiationScheme$DefaultDeserializationInstantiator::<init> (26 bytes)
Event: 100.834 Thread 0x000001b33185f050 nmethod 8696 0x000001b31b534c10 code [0x000001b31b534dc0, 0x000001b31b535098]
Event: 100.846 Thread 0x000001b33185f050 8697       3       org.gradle.internal.reflect.MutableClassDetails::<init> (65 bytes)
Event: 100.849 Thread 0x000001b33185f050 nmethod 8697 0x000001b31b535190 code [0x000001b31b535440, 0x000001b31b5362a8]
Event: 100.849 Thread 0x000001b33185f050 8698       3       org.gradle.internal.reflect.ClassInspector::visitGraph (98 bytes)
Event: 100.855 Thread 0x000001b33185f050 nmethod 8698 0x000001b31b536690 code [0x000001b31b5369c0, 0x000001b31b537e28]
Event: 100.862 Thread 0x000001b33185f050 8699       3       org.gradle.internal.instantiation.generator.AbstractClassGenerator::visitFields (44 bytes)
Event: 100.863 Thread 0x000001b33185f050 nmethod 8699 0x000001b31b538610 code [0x000001b31b538800, 0x000001b31b538e08]
Event: 101.032 Thread 0x000001b33185f050 8700       3       jdk.internal.reflect.ClassFileAssembler::opc_dup_x1 (11 bytes)
Event: 101.034 Thread 0x000001b33185f050 nmethod 8700 0x000001b31b539010 code [0x000001b31b5391e0, 0x000001b31b5394e8]
Event: 101.034 Thread 0x000001b33185f050 8701       3       jdk.internal.reflect.ClassFileAssembler::opc_swap (7 bytes)
Event: 101.035 Thread 0x000001b33185f050 nmethod 8701 0x000001b31b539690 code [0x000001b31b539840, 0x000001b31b539a28]
Event: 101.035 Thread 0x000001b33185f050 8702       3       jdk.internal.reflect.AccessorGenerator::emitMethod (276 bytes)
Event: 101.051 Thread 0x000001b33185f050 nmethod 8702 0x000001b31b539b90 code [0x000001b31b53a240, 0x000001b31b53d438]
Event: 101.054 Thread 0x000001b33185f050 8703       1       jdk.internal.reflect.ByteVectorImpl::getData (5 bytes)
Event: 101.054 Thread 0x000001b33185f050 nmethod 8703 0x000001b3224f4210 code [0x000001b3224f43a0, 0x000001b3224f4478]

GC Heap History (20 events):
Event: 63.091 GC heap before
{Heap before GC invocations=27 (full 0):
 garbage-first heap   total 150528K, used 91669K [0x0000000080000000, 0x0000000100000000)
  region size 1024K, 23 young (23552K), 4 survivors (4096K)
 Metaspace       used 56668K, committed 57280K, reserved 1105920K
  class space    used 7599K, committed 7872K, reserved 1048576K
}
Event: 63.123 GC heap after
{Heap after GC invocations=28 (full 0):
 garbage-first heap   total 150528K, used 76241K [0x0000000080000000, 0x0000000100000000)
  region size 1024K, 5 young (5120K), 5 survivors (5120K)
 Metaspace       used 56668K, committed 57280K, reserved 1105920K
  class space    used 7599K, committed 7872K, reserved 1048576K
}
Event: 63.565 GC heap before
{Heap before GC invocations=29 (full 0):
 garbage-first heap   total 155648K, used 93649K [0x0000000080000000, 0x0000000100000000)
  region size 1024K, 14 young (14336K), 5 survivors (5120K)
 Metaspace       used 57035K, committed 57664K, reserved 1105920K
  class space    used 7660K, committed 7936K, reserved 1048576K
}
Event: 63.590 GC heap after
{Heap after GC invocations=30 (full 0):
 garbage-first heap   total 155648K, used 90833K [0x0000000080000000, 0x0000000100000000)
  region size 1024K, 6 young (6144K), 6 survivors (6144K)
 Metaspace       used 57035K, committed 57664K, reserved 1105920K
  class space    used 7660K, committed 7936K, reserved 1048576K
}
Event: 64.932 GC heap before
{Heap before GC invocations=31 (full 0):
 garbage-first heap   total 167936K, used 115409K [0x0000000080000000, 0x0000000100000000)
  region size 1024K, 29 young (29696K), 6 survivors (6144K)
 Metaspace       used 59804K, committed 60416K, reserved 1105920K
  class space    used 8028K, committed 8320K, reserved 1048576K
}
Event: 64.956 GC heap after
{Heap after GC invocations=32 (full 0):
 garbage-first heap   total 167936K, used 93467K [0x0000000080000000, 0x0000000100000000)
  region size 1024K, 3 young (3072K), 3 survivors (3072K)
 Metaspace       used 59804K, committed 60416K, reserved 1105920K
  class space    used 8028K, committed 8320K, reserved 1048576K
}
Event: 65.263 GC heap before
{Heap before GC invocations=32 (full 0):
 garbage-first heap   total 167936K, used 97563K [0x0000000080000000, 0x0000000100000000)
  region size 1024K, 8 young (8192K), 3 survivors (3072K)
 Metaspace       used 60578K, committed 61184K, reserved 1105920K
  class space    used 8122K, committed 8384K, reserved 1048576K
}
Event: 65.284 GC heap after
{Heap after GC invocations=33 (full 0):
 garbage-first heap   total 167936K, used 93076K [0x0000000080000000, 0x0000000100000000)
  region size 1024K, 1 young (1024K), 1 survivors (1024K)
 Metaspace       used 60578K, committed 61184K, reserved 1105920K
  class space    used 8122K, committed 8384K, reserved 1048576K
}
Event: 67.756 GC heap before
{Heap before GC invocations=33 (full 0):
 garbage-first heap   total 167936K, used 121748K [0x0000000080000000, 0x0000000100000000)
  region size 1024K, 29 young (29696K), 1 survivors (1024K)
 Metaspace       used 65465K, committed 66176K, reserved 1114112K
  class space    used 8763K, committed 9088K, reserved 1048576K
}
Event: 67.770 GC heap after
{Heap after GC invocations=34 (full 0):
 garbage-first heap   total 167936K, used 94210K [0x0000000080000000, 0x0000000100000000)
  region size 1024K, 2 young (2048K), 2 survivors (2048K)
 Metaspace       used 65465K, committed 66176K, reserved 1114112K
  class space    used 8763K, committed 9088K, reserved 1048576K
}
Event: 70.770 GC heap before
{Heap before GC invocations=35 (full 0):
 garbage-first heap   total 167936K, used 131074K [0x0000000080000000, 0x0000000100000000)
  region size 1024K, 32 young (32768K), 2 survivors (2048K)
 Metaspace       used 68403K, committed 69184K, reserved 1114112K
  class space    used 9131K, committed 9472K, reserved 1048576K
}
Event: 70.802 GC heap after
{Heap after GC invocations=36 (full 0):
 garbage-first heap   total 167936K, used 97819K [0x0000000080000000, 0x0000000100000000)
  region size 1024K, 4 young (4096K), 4 survivors (4096K)
 Metaspace       used 68403K, committed 69184K, reserved 1114112K
  class space    used 9131K, committed 9472K, reserved 1048576K
}
Event: 71.159 GC heap before
{Heap before GC invocations=36 (full 0):
 garbage-first heap   total 167936K, used 101915K [0x0000000080000000, 0x0000000100000000)
  region size 1024K, 8 young (8192K), 4 survivors (4096K)
 Metaspace       used 68746K, committed 69440K, reserved 1114112K
  class space    used 9176K, committed 9472K, reserved 1048576K
}
Event: 71.186 GC heap after
{Heap after GC invocations=37 (full 0):
 garbage-first heap   total 167936K, used 98027K [0x0000000080000000, 0x0000000100000000)
  region size 1024K, 1 young (1024K), 1 survivors (1024K)
 Metaspace       used 68746K, committed 69440K, reserved 1114112K
  class space    used 9176K, committed 9472K, reserved 1048576K
}
Event: 77.911 GC heap before
{Heap before GC invocations=37 (full 0):
 garbage-first heap   total 167936K, used 127723K [0x0000000080000000, 0x0000000100000000)
  region size 1024K, 30 young (30720K), 1 survivors (1024K)
 Metaspace       used 71665K, committed 72320K, reserved 1114112K
  class space    used 9569K, committed 9856K, reserved 1048576K
}
Event: 77.941 GC heap after
{Heap after GC invocations=38 (full 0):
 garbage-first heap   total 235520K, used 99468K [0x0000000080000000, 0x0000000100000000)
  region size 1024K, 3 young (3072K), 3 survivors (3072K)
 Metaspace       used 71665K, committed 72320K, reserved 1114112K
  class space    used 9569K, committed 9856K, reserved 1048576K
}
Event: 88.176 GC heap before
{Heap before GC invocations=39 (full 0):
 garbage-first heap   total 235520K, used 166028K [0x0000000080000000, 0x0000000100000000)
  region size 1024K, 68 young (69632K), 3 survivors (3072K)
 Metaspace       used 78573K, committed 79232K, reserved 1122304K
  class space    used 10510K, committed 10816K, reserved 1048576K
}
Event: 88.234 GC heap after
{Heap after GC invocations=40 (full 0):
 garbage-first heap   total 235520K, used 105560K [0x0000000080000000, 0x0000000100000000)
  region size 1024K, 8 young (8192K), 8 survivors (8192K)
 Metaspace       used 78573K, committed 79232K, reserved 1122304K
  class space    used 10510K, committed 10816K, reserved 1048576K
}
Event: 88.406 GC heap before
{Heap before GC invocations=40 (full 0):
 garbage-first heap   total 235520K, used 107608K [0x0000000080000000, 0x0000000100000000)
  region size 1024K, 11 young (11264K), 8 survivors (8192K)
 Metaspace       used 78585K, committed 79232K, reserved 1122304K
  class space    used 10510K, committed 10816K, reserved 1048576K
}
Event: 88.458 GC heap after
{Heap after GC invocations=41 (full 0):
 garbage-first heap   total 235520K, used 106420K [0x0000000080000000, 0x0000000100000000)
  region size 1024K, 2 young (2048K), 2 survivors (2048K)
 Metaspace       used 78585K, committed 79232K, reserved 1122304K
  class space    used 10510K, committed 10816K, reserved 1048576K
}

Dll operation events (2 events):
Event: 0.029 Loaded shared library C:\Program Files\Android\Android Studio\jbr\bin\java.dll
Event: 2.858 Loaded shared library C:\Program Files\Android\Android Studio\jbr\bin\verify.dll

Deoptimization events (20 events):
Event: 95.055 Thread 0x000001b332bb5fd0 DEOPT PACKING pc=0x000001b322425e44 sp=0x0000006d1e3f8480
Event: 95.055 Thread 0x000001b332bb5fd0 DEOPT UNPACKING pc=0x000001b321b569a3 sp=0x0000006d1e3f8408 mode 2
Event: 99.135 Thread 0x000001b332bb5fd0 DEOPT PACKING pc=0x000001b31b3a8fa1 sp=0x0000006d1e3f7f10
Event: 99.135 Thread 0x000001b332bb5fd0 DEOPT UNPACKING pc=0x000001b321b57143 sp=0x0000006d1e3f7438 mode 0
Event: 100.610 Thread 0x000001b332bb5fd0 Uncommon trap: trap_request=0xffffff45 fr.pc=0x000001b3223cfec8 relative=0x0000000000000288
Event: 100.610 Thread 0x000001b332bb5fd0 Uncommon trap: reason=unstable_if action=reinterpret pc=0x000001b3223cfec8 method=java.io.WinNTFileSystem.prefixLength(Ljava/lang/String;)I @ 11 c2
Event: 100.610 Thread 0x000001b332bb5fd0 DEOPT PACKING pc=0x000001b3223cfec8 sp=0x0000006d1e3f8900
Event: 100.610 Thread 0x000001b332bb5fd0 DEOPT UNPACKING pc=0x000001b321b569a3 sp=0x0000006d1e3f8880 mode 2
Event: 100.682 Thread 0x000001b332bb5fd0 Uncommon trap: trap_request=0xffffffde fr.pc=0x000001b322109490 relative=0x0000000000000410
Event: 100.682 Thread 0x000001b332bb5fd0 Uncommon trap: reason=class_check action=maybe_recompile pc=0x000001b322109490 method=org.gradle.internal.instantiation.generator.AbstractClassGenerator$InjectionAnnotationValidator.validateMethod(Ljava/lang/reflect/Method;Lorg/gradle/internal/reflect/Pro
Event: 100.682 Thread 0x000001b332bb5fd0 DEOPT PACKING pc=0x000001b322109490 sp=0x0000006d1e3f7fc0
Event: 100.682 Thread 0x000001b332bb5fd0 DEOPT UNPACKING pc=0x000001b321b569a3 sp=0x0000006d1e3f7f68 mode 2
Event: 100.700 Thread 0x000001b332bb5fd0 Uncommon trap: trap_request=0xffffffde fr.pc=0x000001b322109490 relative=0x0000000000000410
Event: 100.700 Thread 0x000001b332bb5fd0 Uncommon trap: reason=class_check action=maybe_recompile pc=0x000001b322109490 method=org.gradle.internal.instantiation.generator.AbstractClassGenerator$InjectionAnnotationValidator.validateMethod(Ljava/lang/reflect/Method;Lorg/gradle/internal/reflect/Pro
Event: 100.700 Thread 0x000001b332bb5fd0 DEOPT PACKING pc=0x000001b322109490 sp=0x0000006d1e3f7fc0
Event: 100.700 Thread 0x000001b332bb5fd0 DEOPT UNPACKING pc=0x000001b321b569a3 sp=0x0000006d1e3f7f68 mode 2
Event: 100.741 Thread 0x000001b332bb5fd0 Uncommon trap: trap_request=0xffffffde fr.pc=0x000001b322109490 relative=0x0000000000000410
Event: 100.741 Thread 0x000001b332bb5fd0 Uncommon trap: reason=class_check action=maybe_recompile pc=0x000001b322109490 method=org.gradle.internal.instantiation.generator.AbstractClassGenerator$InjectionAnnotationValidator.validateMethod(Ljava/lang/reflect/Method;Lorg/gradle/internal/reflect/Pro
Event: 100.741 Thread 0x000001b332bb5fd0 DEOPT PACKING pc=0x000001b322109490 sp=0x0000006d1e3f8150
Event: 100.741 Thread 0x000001b332bb5fd0 DEOPT UNPACKING pc=0x000001b321b569a3 sp=0x0000006d1e3f80f8 mode 2

Classes unloaded (0 events):
No events

Classes redefined (0 events):
No events

Internal exceptions (20 events):
Event: 79.373 Thread 0x000001b332bb5fd0 Exception <a 'java/lang/NoSuchMethodError'{0x000000008e31b148}: static Lorg/jetbrains/kotlin/gradle/plugin/internal/DefaultArtifactTypeAttributeAccessorVariantFactory;.<clinit>()V> (0x000000008e31b148) 
thrown [s\src\hotspot\share\prims\jni.cpp, line 1108]
Event: 79.392 Thread 0x000001b332bb5fd0 Exception <a 'java/lang/NoSuchMethodError'{0x000000008e335350}: static Lorg/jetbrains/kotlin/gradle/plugin/internal/MavenPluginConfigurator$DefaultMavenPluginConfiguratorVariantFactory;.<clinit>()V> (0x000000008e335350) 
thrown [s\src\hotspot\share\prims\jni.cpp, line 1108]
Event: 79.408 Thread 0x000001b332bb5fd0 Exception <a 'java/lang/NoSuchMethodError'{0x000000008e34eb98}: static Lorg/jetbrains/kotlin/gradle/plugin/internal/DefaultJavaSourceSetsAccessorVariantFactory;.<clinit>()V> (0x000000008e34eb98) 
thrown [s\src\hotspot\share\prims\jni.cpp, line 1108]
Event: 79.421 Thread 0x000001b332bb5fd0 Exception <a 'java/lang/NoSuchMethodError'{0x000000008e367d00}: static Lorg/jetbrains/kotlin/gradle/targets/js/nodejs/DefaultUnameExecutorVariantFactory;.<clinit>()V> (0x000000008e367d00) 
thrown [s\src\hotspot\share\prims\jni.cpp, line 1108]
Event: 79.428 Thread 0x000001b332bb5fd0 Exception <a 'java/lang/NoSuchMethodError'{0x000000008e381840}: static Lorg/jetbrains/kotlin/gradle/plugin/internal/DefaultBasePluginConfigurationVariantFactory;.<clinit>()V> (0x000000008e381840) 
thrown [s\src\hotspot\share\prims\jni.cpp, line 1108]
Event: 79.449 Thread 0x000001b332bb5fd0 Exception <a 'java/lang/NoSuchMethodError'{0x000000008e39a9a0}: static Lorg/jetbrains/kotlin/gradle/plugin/internal/DefaultIdeaSyncDetectorVariantFactory;.<clinit>()V> (0x000000008e39a9a0) 
thrown [s\src\hotspot\share\prims\jni.cpp, line 1108]
Event: 79.465 Thread 0x000001b332bb5fd0 Exception <a 'java/lang/NoSuchMethodError'{0x000000008e3b47e8}: static Lorg/jetbrains/kotlin/gradle/plugin/internal/DefaultKotlinTestReportCompatibilityHelperVariantFactory;.<clinit>()V> (0x000000008e3b47e8) 
thrown [s\src\hotspot\share\prims\jni.cpp, line 1108]
Event: 86.054 Thread 0x000001b332bb5fd0 Exception <a 'java/lang/ClassNotFoundException'{0x000000008b1e4478}: org/jetbrains/kotlin/gradle/targets/js/npm/DefaultNpmDependencyExtensionBeanInfo> (0x000000008b1e4478) 
thrown [s\src\hotspot\share\classfile\systemDictionary.cpp, line 256]
Event: 86.057 Thread 0x000001b332bb5fd0 Exception <a 'java/lang/ClassNotFoundException'{0x000000008b1f0bc8}: org/jetbrains/kotlin/gradle/targets/js/npm/DefaultNpmDependencyExtensionCustomizer> (0x000000008b1f0bc8) 
thrown [s\src\hotspot\share\classfile\systemDictionary.cpp, line 256]
Event: 86.080 Thread 0x000001b332bb5fd0 Exception <a 'java/lang/ClassNotFoundException'{0x000000008b059f28}: org/jetbrains/kotlin/gradle/targets/js/npm/NpmDependencyExtensionKt$defaultNpmDependencyDelegate$1BeanInfo> (0x000000008b059f28) 
thrown [s\src\hotspot\share\classfile\systemDictionary.cpp, line 256]
Event: 86.082 Thread 0x000001b332bb5fd0 Exception <a 'java/lang/ClassNotFoundException'{0x000000008b0666c0}: org/jetbrains/kotlin/gradle/targets/js/npm/NpmDependencyExtensionDelegateBeanInfo> (0x000000008b0666c0) 
thrown [s\src\hotspot\share\classfile\systemDictionary.cpp, line 256]
Event: 86.084 Thread 0x000001b332bb5fd0 Exception <a 'java/lang/ClassNotFoundException'{0x000000008b072e20}: org/jetbrains/kotlin/gradle/targets/js/npm/NpmDependencyExtensionDelegateCustomizer> (0x000000008b072e20) 
thrown [s\src\hotspot\share\classfile\systemDictionary.cpp, line 256]
Event: 86.090 Thread 0x000001b332bb5fd0 Exception <a 'java/lang/ClassNotFoundException'{0x000000008b094958}: org/jetbrains/kotlin/gradle/targets/js/npm/NpmDependencyExtensionKt$defaultNpmDependencyDelegate$1Customizer> (0x000000008b094958) 
thrown [s\src\hotspot\share\classfile\systemDictionary.cpp, line 256]
Event: 86.122 Thread 0x000001b332bb5fd0 Exception <a 'java/lang/ClassNotFoundException'{0x000000008b0cab00}: org/jetbrains/kotlin/gradle/targets/js/npm/DefaultDevNpmDependencyExtensionBeanInfo> (0x000000008b0cab00) 
thrown [s\src\hotspot\share\classfile\systemDictionary.cpp, line 256]
Event: 86.125 Thread 0x000001b332bb5fd0 Exception <a 'java/lang/ClassNotFoundException'{0x000000008b0d7268}: org/jetbrains/kotlin/gradle/targets/js/npm/DefaultDevNpmDependencyExtensionCustomizer> (0x000000008b0d7268) 
thrown [s\src\hotspot\share\classfile\systemDictionary.cpp, line 256]
Event: 86.142 Thread 0x000001b332bb5fd0 Exception <a 'java/lang/ClassNotFoundException'{0x000000008af10b28}: org/jetbrains/kotlin/gradle/targets/js/npm/DefaultPeerNpmDependencyExtensionBeanInfo> (0x000000008af10b28) 
thrown [s\src\hotspot\share\classfile\systemDictionary.cpp, line 256]
Event: 86.146 Thread 0x000001b332bb5fd0 Exception <a 'java/lang/ClassNotFoundException'{0x000000008af1d2e0}: org/jetbrains/kotlin/gradle/targets/js/npm/DefaultPeerNpmDependencyExtensionCustomizer> (0x000000008af1d2e0) 
thrown [s\src\hotspot\share\classfile\systemDictionary.cpp, line 256]
Event: 86.211 Thread 0x000001b332bb5fd0 Exception <a 'java/lang/ClassNotFoundException'{0x000000008af5d000}: org/jetbrains/kotlin/gradle/targets/js/npm/DefaultPeerNpmDependencyExtension$delegate$1BeanInfo> (0x000000008af5d000) 
thrown [s\src\hotspot\share\classfile\systemDictionary.cpp, line 256]
Event: 86.214 Thread 0x000001b332bb5fd0 Exception <a 'java/lang/ClassNotFoundException'{0x000000008af69a80}: org/jetbrains/kotlin/gradle/targets/js/npm/DefaultPeerNpmDependencyExtension$delegate$1Customizer> (0x000000008af69a80) 
thrown [s\src\hotspot\share\classfile\systemDictionary.cpp, line 256]
Event: 100.401 Thread 0x000001b332bb5fd0 Exception <a 'java/lang/NoSuchMethodError'{0x000000008abcf1d8}: 'int java.lang.invoke.DirectMethodHandle$Holder.invokeSpecialIFC(java.lang.Object, java.lang.Object, java.lang.Object, java.lang.Object, java.lang.Object)'> (0x000000008abcf1d8) 
thrown [s\src\hotspot\share\interpreter\linkResolver.cpp, line 771]

VM Operations (20 events):
Event: 89.824 Executing VM operation: Cleanup done
Event: 90.838 Executing VM operation: Cleanup
Event: 90.985 Executing VM operation: Cleanup done
Event: 92.000 Executing VM operation: Cleanup
Event: 92.000 Executing VM operation: Cleanup done
Event: 93.005 Executing VM operation: Cleanup
Event: 93.522 Executing VM operation: Cleanup done
Event: 94.530 Executing VM operation: Cleanup
Event: 94.532 Executing VM operation: Cleanup done
Event: 95.539 Executing VM operation: Cleanup
Event: 95.917 Executing VM operation: Cleanup done
Event: 96.920 Executing VM operation: Cleanup
Event: 96.922 Executing VM operation: Cleanup done
Event: 97.936 Executing VM operation: Cleanup
Event: 97.981 Executing VM operation: Cleanup done
Event: 98.992 Executing VM operation: Cleanup
Event: 99.001 Executing VM operation: Cleanup done
Event: 100.022 Executing VM operation: Cleanup
Event: 100.042 Executing VM operation: Cleanup done
Event: 101.055 Executing VM operation: Cleanup

Events (20 events):
Event: 89.174 loading class jdk/internal/loader/URLClassPath$FileLoader
Event: 89.175 loading class jdk/internal/loader/URLClassPath$FileLoader done
Event: 89.179 loading class jdk/internal/loader/URLClassPath$FileLoader$1
Event: 89.181 loading class jdk/internal/loader/URLClassPath$FileLoader$1 done
Event: 89.189 Thread 0x000001b331870110 flushing nmethod 0x000001b31a668b90
Event: 89.199 Thread 0x000001b331870110 flushing nmethod 0x000001b31a9e6f10
Event: 89.203 Thread 0x000001b331870110 flushing nmethod 0x000001b31ab7cb90
Event: 89.203 Thread 0x000001b331870110 flushing nmethod 0x000001b31ab8c690
Event: 89.212 Thread 0x000001b331870110 flushing nmethod 0x000001b31aeb0010
Event: 89.213 Thread 0x000001b331870110 flushing nmethod 0x000001b31af38810
Event: 90.110 Thread 0x000001b334314ad0 Thread exited: 0x000001b334314ad0
Event: 91.431 Thread 0x000001b334314ad0 Thread added: 0x000001b334314ad0
Event: 91.957 Thread 0x000001b334314ad0 Thread exited: 0x000001b334314ad0
Event: 92.089 loading class sun/reflect/generics/repository/FieldRepository
Event: 92.089 loading class sun/reflect/generics/repository/FieldRepository done
Event: 93.441 Thread 0x000001b334314ad0 Thread added: 0x000001b334314ad0
Event: 93.626 Thread 0x000001b334314ad0 Thread exited: 0x000001b334314ad0
Event: 93.963 loading class java/util/regex/Pattern$Caret
Event: 93.963 loading class java/util/regex/Pattern$Caret done
Event: 95.920 Thread 0x000001b33444b1c0 Thread exited: 0x000001b33444b1c0


Dynamic libraries:
0x00007ff7da100000 - 0x00007ff7da10a000 	C:\Program Files\Android\Android Studio\jbr\bin\java.exe
0x00007ff90e030000 - 0x00007ff90e228000 	C:\WINDOWS\SYSTEM32\ntdll.dll
0x00007ff90c2f0000 - 0x00007ff90c3af000 	C:\WINDOWS\System32\KERNEL32.DLL
0x00007ff90ba60000 - 0x00007ff90bd32000 	C:\WINDOWS\System32\KERNELBASE.dll
0x00007ff90bf50000 - 0x00007ff90c050000 	C:\WINDOWS\System32\ucrtbase.dll
0x00007ff8ff850000 - 0x00007ff8ff867000 	C:\Program Files\Android\Android Studio\jbr\bin\jli.dll
0x00007ff8fcc40000 - 0x00007ff8fcc5b000 	C:\Program Files\Android\Android Studio\jbr\bin\VCRUNTIME140.dll
0x00007ff90c940000 - 0x00007ff90cae1000 	C:\WINDOWS\System32\USER32.dll
0x00007ff90b920000 - 0x00007ff90b942000 	C:\WINDOWS\System32\win32u.dll
0x00007ff9050e0000 - 0x00007ff90537a000 	C:\WINDOWS\WinSxS\amd64_microsoft.windows.common-controls_6595b64144ccf1df_6.0.19041.1110_none_60b5254171f9507e\COMCTL32.dll
0x00007ff90d700000 - 0x00007ff90d72b000 	C:\WINDOWS\System32\GDI32.dll
0x00007ff90cdc0000 - 0x00007ff90ce5e000 	C:\WINDOWS\System32\msvcrt.dll
0x00007ff90b950000 - 0x00007ff90ba5f000 	C:\WINDOWS\System32\gdi32full.dll
0x00007ff90b780000 - 0x00007ff90b81d000 	C:\WINDOWS\System32\msvcp_win.dll
0x00007ff90d650000 - 0x00007ff90d680000 	C:\WINDOWS\System32\IMM32.DLL
0x00007ff90b540000 - 0x00007ff90b571000 	C:\WINDOWS\system32\nvinitx.dll
0x00007ff90caf0000 - 0x00007ff90cb9e000 	C:\WINDOWS\System32\ADVAPI32.dll
0x00007ff90cc50000 - 0x00007ff90ccec000 	C:\WINDOWS\System32\sechost.dll
0x00007ff90b530000 - 0x00007ff90b53a000 	C:\WINDOWS\SYSTEM32\VERSION.dll
0x00007ff90c1c0000 - 0x00007ff90c2e4000 	C:\WINDOWS\System32\RPCRT4.dll
0x000000000f000000 - 0x000000000f006000 	C:\Program Files\NVIDIA Corporation\CoProcManager\_etoured.dll
0x00007ff905c00000 - 0x00007ff905c32000 	C:\Program Files\NVIDIA Corporation\CoProcManager\nvd3d9wrapx.dll
0x00007ff90c3b0000 - 0x00007ff90c818000 	C:\WINDOWS\System32\SETUPAPI.dll
0x00007ff90b730000 - 0x00007ff90b77e000 	C:\WINDOWS\System32\cfgmgr32.dll
0x00007ff90c050000 - 0x00007ff90c077000 	C:\WINDOWS\System32\bcrypt.dll
0x00007ff905bd0000 - 0x00007ff905bf2000 	C:\Program Files\NVIDIA Corporation\CoProcManager\nvdxgiwrapx.dll
0x00007ff8fc900000 - 0x00007ff8fc90c000 	C:\Program Files\Android\Android Studio\jbr\bin\vcruntime140_1.dll
0x00007ff8ea1f0000 - 0x00007ff8ea27d000 	C:\Program Files\Android\Android Studio\jbr\bin\msvcp140.dll
0x00007ff8d4700000 - 0x00007ff8d536e000 	C:\Program Files\Android\Android Studio\jbr\bin\server\jvm.dll
0x00007ff905510000 - 0x00007ff905537000 	C:\WINDOWS\SYSTEM32\WINMM.dll
0x00007ff908eb0000 - 0x00007ff908eb9000 	C:\WINDOWS\SYSTEM32\WSOCK32.dll
0x00007ff90ccf0000 - 0x00007ff90cd5b000 	C:\WINDOWS\System32\WS2_32.dll
0x00007ff9094c0000 - 0x00007ff9094d2000 	C:\WINDOWS\SYSTEM32\kernel.appcore.dll
0x00007ff903ea0000 - 0x00007ff903eaa000 	C:\Program Files\Android\Android Studio\jbr\bin\jimage.dll
0x00007ff900210000 - 0x00007ff9003f4000 	C:\WINDOWS\SYSTEM32\DBGHELP.DLL
0x00007ff900640000 - 0x00007ff900675000 	C:\WINDOWS\SYSTEM32\dbgcore.DLL
0x00007ff90b820000 - 0x00007ff90b8a2000 	C:\WINDOWS\System32\bcryptPrimitives.dll
0x00007ff903c40000 - 0x00007ff903c65000 	C:\Program Files\Android\Android Studio\jbr\bin\java.dll
0x00007ff903c20000 - 0x00007ff903c38000 	C:\Program Files\Android\Android Studio\jbr\bin\zip.dll
0x00007ff90d730000 - 0x00007ff90de75000 	C:\WINDOWS\System32\SHELL32.dll
0x00007ff9097a0000 - 0x00007ff909f32000 	C:\WINDOWS\SYSTEM32\windows.storage.dll
0x00007ff90d1b0000 - 0x00007ff90d505000 	C:\WINDOWS\System32\combase.dll
0x00007ff90b060000 - 0x00007ff90b090000 	C:\WINDOWS\SYSTEM32\Wldp.dll
0x00007ff90cba0000 - 0x00007ff90cc4d000 	C:\WINDOWS\System32\SHCORE.dll
0x00007ff90cd60000 - 0x00007ff90cdb5000 	C:\WINDOWS\System32\shlwapi.dll
0x00007ff90b670000 - 0x00007ff90b68f000 	C:\WINDOWS\SYSTEM32\profapi.dll
0x00007ff903c00000 - 0x00007ff903c19000 	C:\Program Files\Android\Android Studio\jbr\bin\net.dll
0x00007ff9046f0000 - 0x00007ff9047fa000 	C:\WINDOWS\SYSTEM32\WINHTTP.dll
0x00007ff90adc0000 - 0x00007ff90ae2a000 	C:\WINDOWS\system32\mswsock.dll
0x00007ff903be0000 - 0x00007ff903bf6000 	C:\Program Files\Android\Android Studio\jbr\bin\nio.dll
0x00007ff903e80000 - 0x00007ff903e90000 	C:\Program Files\Android\Android Studio\jbr\bin\verify.dll
0x00007ff8f5fb0000 - 0x00007ff8f5fd7000 	C:\Users\Hakim\.gradle\native\68d5fa5c4cc2d200863cafc0d521ce42e7d3e7ee720ec0a83991735586a16f82\windows-amd64\native-platform.dll
0x00007ff8d45b0000 - 0x00007ff8d46f4000 	C:\Users\Hakim\.gradle\native\e376f236ea51e6404a007f0833ffe2c6e607c4080706a723a18a27aeea778392\windows-amd64\native-platform-file-events.dll
0x00007ff903c90000 - 0x00007ff903c99000 	C:\Program Files\Android\Android Studio\jbr\bin\management.dll
0x00007ff901010000 - 0x00007ff90101b000 	C:\Program Files\Android\Android Studio\jbr\bin\management_ext.dll
0x00007ff90c1b0000 - 0x00007ff90c1b8000 	C:\WINDOWS\System32\PSAPI.DLL
0x00007ff90afb0000 - 0x00007ff90afc8000 	C:\WINDOWS\SYSTEM32\CRYPTSP.dll
0x00007ff90a6e0000 - 0x00007ff90a714000 	C:\WINDOWS\system32\rsaenh.dll
0x00007ff90b5a0000 - 0x00007ff90b5ce000 	C:\WINDOWS\SYSTEM32\USERENV.dll
0x00007ff90afd0000 - 0x00007ff90afdc000 	C:\WINDOWS\SYSTEM32\CRYPTBASE.dll
0x00007ff90aab0000 - 0x00007ff90aaeb000 	C:\WINDOWS\SYSTEM32\IPHLPAPI.DLL
0x00007ff90d1a0000 - 0x00007ff90d1a8000 	C:\WINDOWS\System32\NSI.dll
0x00007ff905bb0000 - 0x00007ff905bc7000 	C:\WINDOWS\SYSTEM32\dhcpcsvc6.DLL
0x00007ff905480000 - 0x00007ff90549d000 	C:\WINDOWS\SYSTEM32\dhcpcsvc.DLL
0x00007ff90aaf0000 - 0x00007ff90abbb000 	C:\WINDOWS\SYSTEM32\DNSAPI.dll
0x00007ff903d40000 - 0x00007ff903d47000 	C:\WINDOWS\system32\wshunix.dll

dbghelp: loaded successfully - version: 4.0.5 - missing functions: none
symbol engine: initialized successfully - sym options: 0x614 - pdb path: .;C:\Program Files\Android\Android Studio\jbr\bin;C:\WINDOWS\SYSTEM32;C:\WINDOWS\WinSxS\amd64_microsoft.windows.common-controls_6595b64144ccf1df_6.0.19041.1110_none_60b5254171f9507e;C:\Program Files\NVIDIA Corporation\CoProcManager;C:\Program Files\Android\Android Studio\jbr\bin\server;C:\Users\Hakim\.gradle\native\68d5fa5c4cc2d200863cafc0d521ce42e7d3e7ee720ec0a83991735586a16f82\windows-amd64;C:\Users\Hakim\.gradle\native\e376f236ea51e6404a007f0833ffe2c6e607c4080706a723a18a27aeea778392\windows-amd64

VM Arguments:
jvm_args: --add-opens=java.base/java.util=ALL-UNNAMED --add-opens=java.base/java.lang=ALL-UNNAMED --add-opens=java.base/java.lang.invoke=ALL-UNNAMED --add-opens=java.prefs/java.util.prefs=ALL-UNNAMED --add-opens=java.base/java.nio.charset=ALL-UNNAMED --add-opens=java.base/java.net=ALL-UNNAMED --add-opens=java.base/java.util.concurrent.atomic=ALL-UNNAMED -Xmx2048m -Dfile.encoding=UTF-8 -Duser.country=US -Duser.language=en -Duser.variant 
java_command: org.gradle.launcher.daemon.bootstrap.GradleDaemon 8.0
java_class_path (initial): C:\Users\Hakim\.gradle\wrapper\dists\gradle-8.0-bin\ca5e32bp14vu59qr306oxotwh\gradle-8.0\lib\gradle-launcher-8.0.jar
Launcher Type: SUN_STANDARD

[Global flags]
     intx CICompilerCount                          = 3                                         {product} {ergonomic}
     uint ConcGCThreads                            = 1                                         {product} {ergonomic}
     uint G1ConcRefinementThreads                  = 4                                         {product} {ergonomic}
   size_t G1HeapRegionSize                         = 1048576                                   {product} {ergonomic}
    uintx GCDrainStackTargetSize                   = 64                                        {product} {ergonomic}
   size_t InitialHeapSize                          = 134217728                                 {product} {ergonomic}
   size_t MarkStackSize                            = 4194304                                   {product} {ergonomic}
   size_t MaxHeapSize                              = 2147483648                                {product} {command line}
   size_t MaxNewSize                               = 1287651328                                {product} {ergonomic}
   size_t MinHeapDeltaBytes                        = 1048576                                   {product} {ergonomic}
   size_t MinHeapSize                              = 8388608                                   {product} {ergonomic}
    uintx NonNMethodCodeHeapSize                   = 5832780                                {pd product} {ergonomic}
    uintx NonProfiledCodeHeapSize                  = 122912730                              {pd product} {ergonomic}
    uintx ProfiledCodeHeapSize                     = 122912730                              {pd product} {ergonomic}
    uintx ReservedCodeCacheSize                    = 251658240                              {pd product} {ergonomic}
     bool SegmentedCodeCache                       = true                                      {product} {ergonomic}
   size_t SoftMaxHeapSize                          = 2147483648                             {manageable} {ergonomic}
     bool UseCompressedClassPointers               = true                           {product lp64_product} {ergonomic}
     bool UseCompressedOops                        = true                           {product lp64_product} {ergonomic}
     bool UseG1GC                                  = true                                      {product} {ergonomic}
     bool UseLargePagesIndividualAllocation        = false                                  {pd product} {ergonomic}

Logging:
Log output configuration:
 #0: stdout all=warning uptime,level,tags
 #1: stderr all=off uptime,level,tags

Environment Variables:
JAVA_HOME=C:\Program Files\Java\jdk-18.0.2
PATH=C:\oraclexe\app\oracle\product\10.2.0\server\bin;C:\Program Files\Common Files\Oracle\Java\javapath;C:\Program Files (x86)\Common Files\Oracle\Java\javapath;C:\WINDOWS\system32;C:\WINDOWS;C:\WINDOWS\System32\Wbem;C:\WINDOWS\System32\WindowsPowerShell\v1.0\;C:\WINDOWS\System32\OpenSSH\;C:\Program Files (x86)\GtkSharp\2.12\bin;C:\Program Files\nodejs\;C:\Program Files\Git\cmd;C:\Users\Hakim\AppData\Local\Android\Sdk\platforms;C:\Users\Hakim\AppData\Local\Android\Sdk\platform-tools;C:\Users\Hakim\AppData\Local\Programs\Python\Python311\Scripts\;C:\Users\Hakim\AppData\Local\Programs\Python\Python311\;C:\Users\Hakim\AppData\Local\Microsoft\WindowsApps;C:\Users\Hakim\AppData\Roaming\npm;C:\Users\Hakim\AppData\Local\ComposerSetup\bin;C:\Users\Hakim\AppData\Roaming\Composer\vendor\bin;C:\Users\Hakim\composer;C:\wamp64\bin\php\php8.2.0;C:\Users\Hakim\AppData\Local\Programs\Microsoft VS Code\bin;C:\flutter\bin;
USERNAME=Hakim
OS=Windows_NT
PROCESSOR_IDENTIFIER=Intel64 Family 6 Model 42 Stepping 7, GenuineIntel
TMP=C:\Users\Hakim\AppData\Local\Temp
TEMP=C:\Users\Hakim\AppData\Local\Temp


JNI global refs:
JNI global refs: 25, weak refs: 2

JNI global refs memory usage: 843, weak refs: 841


---------------  S Y S T E M  ---------------

OS:
 Windows 10 , 64 bit Build 19041 (10.0.19041.2546)
OS uptime: 0 days 3:22 hours

CPU: total 4 (initial active 4) (2 cores per cpu, 2 threads per core) family 6 model 42 stepping 7 microcode 0x2f, cx8, cmov, fxsr, ht, mmx, sse, sse2, sse3, ssse3, sse4.1, sse4.2, popcnt, tsc, tscinvbit, avx, aes, clmul, vzeroupper, clflush

Memory: 4k page, system-wide physical 8099M (525M free)
TotalPageFile size 10007M (AvailPageFile size 5M)
current process WorkingSet (physical memory assigned to process): 441M, peak: 447M
current process commit charge ("private bytes"): 475M, peak: 480M

vm_info: OpenJDK 64-Bit Server VM (17.0.6+0-b2043.56-10027231) for windows-amd64 JRE (17.0.6+0-b2043.56-10027231), built on Apr 28 2023 00:43:19 by "androidbuild" with MS VC++ 16.10 / 16.11 (VS2019)

END.
