#
# There is insufficient memory for the Java Runtime Environment to continue.
# Native memory allocation (mmap) failed to map 515899392 bytes for G1 virtual space
# Possible reasons:
#   The system is out of physical RAM or swap space
#   The process is running with CompressedOops enabled, and the Java Heap may be blocking the growth of the native heap
# Possible solutions:
#   Reduce memory load on the system
#   Increase physical memory or swap space
#   Check if swap backing store is full
#   Decrease Java heap size (-Xmx/-Xms)
#   Decrease number of Java threads
#   Decrease Java thread stack sizes (-Xss)
#   Set larger code cache with -XX:ReservedCodeCacheSize=
#   JVM is running with Unscaled Compressed Oops mode in which the Java heap is
#     placed in the first 4GB address space. The Java Heap base address is the
#     maximum limit for the native heap growth. Please use -XX:HeapBaseMinAddress
#     to set the Java Heap base and to place the Java Heap above 4GB virtual address.
# This output file may be truncated or incomplete.
#
#  Out of Memory Error (os_windows.cpp:3769), pid=5308, tid=6896
#
# JRE version: OpenJDK Runtime Environment (17.0.6) (build 17.0.6+0-b2043.56-10027231)
# Java VM: OpenJDK 64-Bit Server VM (17.0.6+0-b2043.56-10027231, mixed mode, tiered, compressed oops, compressed class ptrs, g1 gc, windows-amd64)
# No core dump will be written. Minidumps are not enabled by default on client versions of Windows
#

---------------  S U M M A R Y ------------

Command Line: --add-opens=java.base/java.util=ALL-UNNAMED --add-opens=java.base/java.lang=ALL-UNNAMED --add-opens=java.base/java.lang.invoke=ALL-UNNAMED --add-opens=java.prefs/java.util.prefs=ALL-UNNAMED --add-opens=java.base/java.nio.charset=ALL-UNNAMED --add-opens=java.base/java.net=ALL-UNNAMED --add-opens=java.base/java.util.concurrent.atomic=ALL-UNNAMED -Xmx2048m -Dfile.encoding=UTF-8 -Duser.country=US -Duser.language=en -Duser.variant org.gradle.launcher.daemon.bootstrap.GradleDaemon 8.0

Host: Intel(R) Core(TM) i5-2430M CPU @ 2.40GHz, 4 cores, 7G,  Windows 10 , 64 bit Build 19041 (10.0.19041.2546)
Time: Wed Nov 22 16:51:51 2023 Pacific Standard Time elapsed time: 194.894224 seconds (0d 0h 3m 14s)

---------------  T H R E A D  ---------------

Current thread (0x000001f1fa820890):  VMThread "VM Thread" [stack: 0x00000031a2300000,0x00000031a2400000] [id=6896]

Stack: [0x00000031a2300000,0x00000031a2400000]
Native frames: (J=compiled Java code, j=interpreted, Vv=VM code, C=native code)
V  [jvm.dll+0x683c9a]
V  [jvm.dll+0x8427a4]
V  [jvm.dll+0x843f9e]
V  [jvm.dll+0x844603]
V  [jvm.dll+0x249b75]
V  [jvm.dll+0x680b69]
V  [jvm.dll+0x67505a]
V  [jvm.dll+0x309acb]
V  [jvm.dll+0x310f86]
V  [jvm.dll+0x3608ee]
V  [jvm.dll+0x360b1f]
V  [jvm.dll+0x2dfbf8]
V  [jvm.dll+0x2ddec4]
V  [jvm.dll+0x2dd4cc]
V  [jvm.dll+0x322261]
V  [jvm.dll+0x848ccb]
V  [jvm.dll+0x849a04]
V  [jvm.dll+0x849f1d]
V  [jvm.dll+0x84a2f4]
V  [jvm.dll+0x84a3c0]
V  [jvm.dll+0x7f274a]
V  [jvm.dll+0x682ad5]
C  [ucrtbase.dll+0x21bb2]
C  [KERNEL32.DLL+0x17614]
C  [ntdll.dll+0x526a1]

VM_Operation (0x00000031a40fe5c0): G1TryInitiateConcMark, mode: safepoint, requested by thread 0x000001f1fecc70c0


---------------  P R O C E S S  ---------------

Threads class SMR info:
_java_thread_list=0x000001f1837bae50, length=87, elements={
0x000001f1e08a8dd0, 0x000001f1fa833620, 0x000001f1fa834620, 0x000001f1f9e628a0,
0x000001f1fa866570, 0x000001f1fa868420, 0x000001f1fa873180, 0x000001f1fa874ab0,
0x000001f1fa8832f0, 0x000001f1fa8947c0, 0x000001f1fa9fdc90, 0x000001f1fa9fe980,
0x000001f1fd966490, 0x000001f1fa8bcea0, 0x000001f1fae3b500, 0x000001f1fcc490e0,
0x000001f1facd7030, 0x000001f1fb6c1be0, 0x000001f1fb6c20b0, 0x000001f1fb11da20,
0x000001f1fb11aa00, 0x000001f1fb11aed0, 0x000001f1fb11cbb0, 0x000001f1fb11d080,
0x000001f1fb11a060, 0x000001f1fb11b3a0, 0x000001f1fb11bd40, 0x000001f1fb11c210,
0x000001f1fb11c6e0, 0x000001f1fb11d550, 0x000001f1fecc1a20, 0x000001f1fecc1550,
0x000001f1fecc4570, 0x000001f1fecc4a40, 0x000001f1fecc2890, 0x000001f1fecc70c0,
0x000001f1fecc53e0, 0x000001f1fecc3230, 0x000001f1fecc1ef0, 0x000001f1fecc7a60,
0x000001f1fecc5d80, 0x000001f1fecc23c0, 0x000001f1fecc7f30, 0x000001f1fecc6250,
0x000001f1fecc6720, 0x000001f1fecc6bf0, 0x000001f1fecc8400, 0x000001f1fecc88d0,
0x000001f1fecc2d60, 0x000001f1fb22c840, 0x000001f1fb22e520, 0x000001f1fb232d50,
0x000001f1fb231a10, 0x000001f1fb230200, 0x000001f1fb22f390, 0x000001f1fb22f860,
0x000001f1fb22e9f0, 0x000001f1fb2336f0, 0x000001f1fb22eec0, 0x000001f1fb22fd30,
0x000001f1fb233bc0, 0x000001f1fb22cd10, 0x000001f1fb22db80, 0x000001f1fb231ee0,
0x000001f1fb232880, 0x000001f1fb22e050, 0x000001f1fb2306d0, 0x000001f1fb234090,
0x000001f1fb233220, 0x000001f1fb2323b0, 0x000001f1fb230ba0, 0x000001f1fb231070,
0x000001f1fb231540, 0x000001f1fb22d1e0, 0x000001f1fb22d6b0, 0x000001f1ff836740,
0x000001f1ff83a5d0, 0x000001f1ff837f50, 0x000001f1ff834f30, 0x000001f1ff838420,
0x000001f1ff833bf0, 0x000001f1ff8340c0, 0x000001f1ff836270, 0x000001f1ff839290,
0x000001f1ff833720, 0x000001f1ff838dc0, 0x000001f1ff839760
}

Java Threads: ( => current thread )
  0x000001f1e08a8dd0 JavaThread "main" [_thread_blocked, id=5244, stack(0x00000031a1d00000,0x00000031a1e00000)]
  0x000001f1fa833620 JavaThread "Reference Handler" daemon [_thread_blocked, id=1392, stack(0x00000031a2400000,0x00000031a2500000)]
  0x000001f1fa834620 JavaThread "Finalizer" daemon [_thread_blocked, id=6700, stack(0x00000031a2500000,0x00000031a2600000)]
  0x000001f1f9e628a0 JavaThread "Signal Dispatcher" daemon [_thread_blocked, id=2824, stack(0x00000031a2600000,0x00000031a2700000)]
  0x000001f1fa866570 JavaThread "Attach Listener" daemon [_thread_blocked, id=1096, stack(0x00000031a2700000,0x00000031a2800000)]
  0x000001f1fa868420 JavaThread "Service Thread" daemon [_thread_blocked, id=7952, stack(0x00000031a2800000,0x00000031a2900000)]
  0x000001f1fa873180 JavaThread "Monitor Deflation Thread" daemon [_thread_blocked, id=8408, stack(0x00000031a2900000,0x00000031a2a00000)]
  0x000001f1fa874ab0 JavaThread "C2 CompilerThread0" daemon [_thread_blocked, id=7640, stack(0x00000031a2a00000,0x00000031a2b00000)]
  0x000001f1fa8832f0 JavaThread "C1 CompilerThread0" daemon [_thread_blocked, id=2020, stack(0x00000031a2b00000,0x00000031a2c00000)]
  0x000001f1fa8947c0 JavaThread "Sweeper thread" daemon [_thread_blocked, id=2324, stack(0x00000031a2c00000,0x00000031a2d00000)]
  0x000001f1fa9fdc90 JavaThread "Common-Cleaner" daemon [_thread_blocked, id=8640, stack(0x00000031a2d00000,0x00000031a2e00000)]
  0x000001f1fa9fe980 JavaThread "Notification Thread" daemon [_thread_blocked, id=2164, stack(0x00000031a2e00000,0x00000031a2f00000)]
  0x000001f1fd966490 JavaThread "Daemon health stats" [_thread_blocked, id=3884, stack(0x00000031a3300000,0x00000031a3400000)]
  0x000001f1fa8bcea0 JavaThread "Incoming local TCP Connector on port 55915" [_thread_in_native, id=6756, stack(0x00000031a1b00000,0x00000031a1c00000)]
  0x000001f1fae3b500 JavaThread "Daemon periodic checks" [_thread_blocked, id=5880, stack(0x00000031a1c00000,0x00000031a1d00000)]
  0x000001f1fcc490e0 JavaThread "Daemon" [_thread_blocked, id=9060, stack(0x00000031a3400000,0x00000031a3500000)]
  0x000001f1facd7030 JavaThread "Handler for socket connection from /127.0.0.1:55915 to /127.0.0.1:55916" [_thread_in_native, id=6804, stack(0x00000031a3500000,0x00000031a3600000)]
  0x000001f1fb6c1be0 JavaThread "Cancel handler" [_thread_blocked, id=2712, stack(0x00000031a3600000,0x00000031a3700000)]
  0x000001f1fb6c20b0 JavaThread "Daemon worker" [_thread_blocked, id=5028, stack(0x00000031a3700000,0x00000031a3800000)]
  0x000001f1fb11da20 JavaThread "Asynchronous log dispatcher for DefaultDaemonConnection: socket connection from /127.0.0.1:55915 to /127.0.0.1:55916" [_thread_blocked, id=1264, stack(0x00000031a3800000,0x00000031a3900000)]
  0x000001f1fb11aa00 JavaThread "Daemon client event forwarder" [_thread_blocked, id=7268, stack(0x00000031a3a00000,0x00000031a3b00000)]
  0x000001f1fb11aed0 JavaThread "Cache worker for journal cache (C:\Users\Hakim\.gradle\caches\journal-1)" [_thread_blocked, id=420, stack(0x00000031a3b00000,0x00000031a3c00000)]
  0x000001f1fb11cbb0 JavaThread "File lock request listener" [_thread_in_native, id=8332, stack(0x00000031a3c00000,0x00000031a3d00000)]
  0x000001f1fb11d080 JavaThread "Cache worker for file hash cache (C:\Users\Hakim\.gradle\caches\8.0\fileHashes)" [_thread_blocked, id=8812, stack(0x00000031a3d00000,0x00000031a3e00000)]
  0x000001f1fb11a060 JavaThread "File watcher server" daemon [_thread_in_native, id=8668, stack(0x00000031a3e00000,0x00000031a3f00000)]
  0x000001f1fb11b3a0 JavaThread "File watcher consumer" daemon [_thread_blocked, id=6972, stack(0x00000031a3f00000,0x00000031a4000000)]
  0x000001f1fb11bd40 JavaThread "jar transforms" [_thread_blocked, id=9132, stack(0x00000031a4100000,0x00000031a4200000)]
  0x000001f1fb11c210 JavaThread "jar transforms Thread 2" [_thread_blocked, id=2620, stack(0x00000031a4200000,0x00000031a4300000)]
  0x000001f1fb11c6e0 JavaThread "jar transforms Thread 3" [_thread_blocked, id=8956, stack(0x00000031a4300000,0x00000031a4400000)]
  0x000001f1fb11d550 JavaThread "jar transforms Thread 4" [_thread_blocked, id=8300, stack(0x00000031a4400000,0x00000031a4500000)]
  0x000001f1fecc1a20 JavaThread "Cache worker for checksums cache (C:\Users\Hakim\OneDrive\Bureau\SwapShop\FrontEnd\MobileVersion\.gradle\8.0\checksums)" [_thread_blocked, id=9096, stack(0x00000031a4500000,0x00000031a4600000)]
  0x000001f1fecc1550 JavaThread "Cache worker for cache directory md-rule (C:\Users\Hakim\.gradle\caches\8.0\md-rule)" [_thread_blocked, id=168, stack(0x00000031a4600000,0x00000031a4700000)]
  0x000001f1fecc4570 JavaThread "Cache worker for file content cache (C:\Users\Hakim\.gradle\caches\8.0\fileContent)" [_thread_blocked, id=5396, stack(0x00000031a4700000,0x00000031a4800000)]
  0x000001f1fecc4a40 JavaThread "Cache worker for file hash cache (C:\Users\Hakim\OneDrive\Bureau\SwapShop\FrontEnd\MobileVersion\.gradle\8.0\fileHashes)" [_thread_blocked, id=5328, stack(0x00000031a4800000,0x00000031a4900000)]
  0x000001f1fecc2890 JavaThread "Cache worker for cache directory md-supplier (C:\Users\Hakim\.gradle\caches\8.0\md-supplier)" [_thread_blocked, id=6572, stack(0x00000031a4900000,0x00000031a4a00000)]
  0x000001f1fecc70c0 JavaThread "Cache worker for execution history cache (C:\Users\Hakim\.gradle\caches\8.0\executionHistory)" [_thread_blocked, id=7688, stack(0x00000031a4000000,0x00000031a4100000)]
  0x000001f1fecc53e0 JavaThread "Cache worker for kotlin-dsl (C:\Users\Hakim\.gradle\caches\8.0\kotlin-dsl)" [_thread_blocked, id=7504, stack(0x00000031a4b00000,0x00000031a4c00000)]
  0x000001f1fecc3230 JavaThread "Cache worker for dependencies-accessors (C:\Users\Hakim\OneDrive\Bureau\SwapShop\FrontEnd\MobileVersion\.gradle\8.0\dependencies-accessors)" [_thread_blocked, id=4876, stack(0x00000031a4c00000,0x00000031a4d00000)]
  0x000001f1fecc1ef0 JavaThread "Cache worker for Build Output Cleanup Cache (C:\Users\Hakim\OneDrive\Bureau\SwapShop\FrontEnd\MobileVersion\.gradle\buildOutputCleanup)" [_thread_blocked, id=1208, stack(0x00000031a4d00000,0x00000031a4e00000)]
  0x000001f1fecc7a60 JavaThread "Unconstrained build operations" [_thread_blocked, id=7248, stack(0x00000031a4a00000,0x00000031a4b00000)]
  0x000001f1fecc5d80 JavaThread "Unconstrained build operations Thread 2" [_thread_blocked, id=644, stack(0x00000031a4e00000,0x00000031a4f00000)]
  0x000001f1fecc23c0 JavaThread "Unconstrained build operations Thread 3" [_thread_blocked, id=6488, stack(0x00000031a4f00000,0x00000031a5000000)]
  0x000001f1fecc7f30 JavaThread "Unconstrained build operations Thread 4" [_thread_blocked, id=2124, stack(0x00000031a5000000,0x00000031a5100000)]
  0x000001f1fecc6250 JavaThread "Unconstrained build operations Thread 5" [_thread_blocked, id=8560, stack(0x00000031a5100000,0x00000031a5200000)]
  0x000001f1fecc6720 JavaThread "Unconstrained build operations Thread 6" [_thread_blocked, id=7484, stack(0x00000031a5200000,0x00000031a5300000)]
  0x000001f1fecc6bf0 JavaThread "Unconstrained build operations Thread 7" [_thread_blocked, id=4732, stack(0x00000031a5300000,0x00000031a5400000)]
  0x000001f1fecc8400 JavaThread "Unconstrained build operations Thread 8" [_thread_blocked, id=3736, stack(0x00000031a5400000,0x00000031a5500000)]
  0x000001f1fecc88d0 JavaThread "Unconstrained build operations Thread 9" [_thread_blocked, id=3552, stack(0x00000031a5500000,0x00000031a5600000)]
  0x000001f1fecc2d60 JavaThread "Unconstrained build operations Thread 10" [_thread_blocked, id=1256, stack(0x00000031a5600000,0x00000031a5700000)]
  0x000001f1fb22c840 JavaThread "Unconstrained build operations Thread 11" [_thread_blocked, id=8548, stack(0x00000031a5700000,0x00000031a5800000)]
  0x000001f1fb22e520 JavaThread "Unconstrained build operations Thread 12" [_thread_blocked, id=6764, stack(0x00000031a5800000,0x00000031a5900000)]
  0x000001f1fb232d50 JavaThread "Unconstrained build operations Thread 13" [_thread_blocked, id=4924, stack(0x00000031a5900000,0x00000031a5a00000)]
  0x000001f1fb231a10 JavaThread "Unconstrained build operations Thread 14" [_thread_blocked, id=6828, stack(0x00000031a5a00000,0x00000031a5b00000)]
  0x000001f1fb230200 JavaThread "Unconstrained build operations Thread 15" [_thread_blocked, id=8768, stack(0x00000031a5b00000,0x00000031a5c00000)]
  0x000001f1fb22f390 JavaThread "Unconstrained build operations Thread 16" [_thread_blocked, id=2932, stack(0x00000031a5c00000,0x00000031a5d00000)]
  0x000001f1fb22f860 JavaThread "Unconstrained build operations Thread 17" [_thread_blocked, id=1312, stack(0x00000031a5d00000,0x00000031a5e00000)]
  0x000001f1fb22e9f0 JavaThread "Unconstrained build operations Thread 18" [_thread_blocked, id=8608, stack(0x00000031a5e00000,0x00000031a5f00000)]
  0x000001f1fb2336f0 JavaThread "Unconstrained build operations Thread 19" [_thread_blocked, id=7608, stack(0x00000031a5f00000,0x00000031a6000000)]
  0x000001f1fb22eec0 JavaThread "Unconstrained build operations Thread 20" [_thread_blocked, id=6256, stack(0x00000031a6000000,0x00000031a6100000)]
  0x000001f1fb22fd30 JavaThread "Unconstrained build operations Thread 21" [_thread_blocked, id=7264, stack(0x00000031a6100000,0x00000031a6200000)]
  0x000001f1fb233bc0 JavaThread "Unconstrained build operations Thread 22" [_thread_blocked, id=8916, stack(0x00000031a6200000,0x00000031a6300000)]
  0x000001f1fb22cd10 JavaThread "Unconstrained build operations Thread 23" [_thread_blocked, id=3376, stack(0x00000031a6300000,0x00000031a6400000)]
  0x000001f1fb22db80 JavaThread "Unconstrained build operations Thread 24" [_thread_blocked, id=2172, stack(0x00000031a6500000,0x00000031a6600000)]
  0x000001f1fb231ee0 JavaThread "Unconstrained build operations Thread 25" [_thread_blocked, id=8696, stack(0x00000031a6600000,0x00000031a6700000)]
  0x000001f1fb232880 JavaThread "Unconstrained build operations Thread 26" [_thread_blocked, id=4956, stack(0x00000031a6700000,0x00000031a6800000)]
  0x000001f1fb22e050 JavaThread "Unconstrained build operations Thread 27" [_thread_blocked, id=1816, stack(0x00000031a6800000,0x00000031a6900000)]
  0x000001f1fb2306d0 JavaThread "Unconstrained build operations Thread 28" [_thread_blocked, id=4136, stack(0x00000031a6900000,0x00000031a6a00000)]
  0x000001f1fb234090 JavaThread "Unconstrained build operations Thread 29" [_thread_blocked, id=5656, stack(0x00000031a6a00000,0x00000031a6b00000)]
  0x000001f1fb233220 JavaThread "Unconstrained build operations Thread 30" [_thread_blocked, id=1836, stack(0x00000031a6b00000,0x00000031a6c00000)]
  0x000001f1fb2323b0 JavaThread "Unconstrained build operations Thread 31" [_thread_blocked, id=7636, stack(0x00000031a6c00000,0x00000031a6d00000)]
  0x000001f1fb230ba0 JavaThread "Unconstrained build operations Thread 32" [_thread_blocked, id=1252, stack(0x00000031a6d00000,0x00000031a6e00000)]
  0x000001f1fb231070 JavaThread "Unconstrained build operations Thread 33" [_thread_blocked, id=5968, stack(0x00000031a6e00000,0x00000031a6f00000)]
  0x000001f1fb231540 JavaThread "Unconstrained build operations Thread 34" [_thread_blocked, id=7224, stack(0x00000031a6f00000,0x00000031a7000000)]
  0x000001f1fb22d1e0 JavaThread "Unconstrained build operations Thread 35" [_thread_blocked, id=7972, stack(0x00000031a7000000,0x00000031a7100000)]
  0x000001f1fb22d6b0 JavaThread "Unconstrained build operations Thread 36" [_thread_blocked, id=6248, stack(0x00000031a7100000,0x00000031a7200000)]
  0x000001f1ff836740 JavaThread "Unconstrained build operations Thread 37" [_thread_blocked, id=7108, stack(0x00000031a7200000,0x00000031a7300000)]
  0x000001f1ff83a5d0 JavaThread "Unconstrained build operations Thread 38" [_thread_blocked, id=8932, stack(0x00000031a7300000,0x00000031a7400000)]
  0x000001f1ff837f50 JavaThread "Unconstrained build operations Thread 39" [_thread_blocked, id=5364, stack(0x00000031a7400000,0x00000031a7500000)]
  0x000001f1ff834f30 JavaThread "Unconstrained build operations Thread 40" [_thread_blocked, id=8572, stack(0x00000031a7500000,0x00000031a7600000)]
  0x000001f1ff838420 JavaThread "Memory manager" [_thread_blocked, id=8364, stack(0x00000031a7600000,0x00000031a7700000)]
  0x000001f1ff833bf0 JavaThread "build event listener" [_thread_blocked, id=2120, stack(0x00000031a7700000,0x00000031a7800000)]
  0x000001f1ff8340c0 JavaThread "build event listener" [_thread_blocked, id=2532, stack(0x00000031a7800000,0x00000031a7900000)]
  0x000001f1ff836270 JavaThread "Execution worker" [_thread_blocked, id=2484, stack(0x00000031a6400000,0x00000031a6500000)]
  0x000001f1ff839290 JavaThread "Execution worker Thread 2" [_thread_blocked, id=6412, stack(0x00000031a7900000,0x00000031a7a00000)]
  0x000001f1ff833720 JavaThread "Execution worker Thread 3" [_thread_blocked, id=1148, stack(0x00000031a7a00000,0x00000031a7b00000)]
  0x000001f1ff838dc0 JavaThread "Cache worker for execution history cache (C:\Users\Hakim\OneDrive\Bureau\SwapShop\FrontEnd\MobileVersion\.gradle\8.0\executionHistory)" [_thread_blocked, id=6240, stack(0x00000031a7b00000,0x00000031a7c00000)]
  0x000001f1ff839760 JavaThread "idea-tooling-model-converter" [_thread_blocked, id=5804, stack(0x00000031a7d00000,0x00000031a7e00000)]

Other Threads:
=>0x000001f1fa820890 VMThread "VM Thread" [stack: 0x00000031a2300000,0x00000031a2400000] [id=6896]
  0x000001f1faa00e60 WatcherThread [stack: 0x00000031a2f00000,0x00000031a3000000] [id=460]
  0x000001f1e0903280 GCTaskThread "GC Thread#0" [stack: 0x00000031a1e00000,0x00000031a1f00000] [id=1276]
  0x000001f1fb2798e0 GCTaskThread "GC Thread#1" [stack: 0x00000031a3100000,0x00000031a3200000] [id=3064]
  0x000001f1fae145e0 GCTaskThread "GC Thread#2" [stack: 0x00000031a3200000,0x00000031a3300000] [id=3420]
  0x000001f1fb983b60 GCTaskThread "GC Thread#3" [stack: 0x00000031a3000000,0x00000031a3100000] [id=9152]
  0x000001f1e09150e0 ConcurrentGCThread "G1 Main Marker" [stack: 0x00000031a1f00000,0x00000031a2000000] [id=2972]
  0x000001f1e0915a00 ConcurrentGCThread "G1 Conc#0" [stack: 0x00000031a2000000,0x00000031a2100000] [id=8580]
  0x000001f1f9cc6a60 ConcurrentGCThread "G1 Refine#0" [stack: 0x00000031a2100000,0x00000031a2200000] [id=3792]
  0x000001f180f63430 ConcurrentGCThread "G1 Refine#1" [stack: 0x00000031a7e00000,0x00000031a7f00000] [id=1056]
  0x000001f180f63150 ConcurrentGCThread "G1 Refine#2" [stack: 0x00000031a7f00000,0x00000031a8000000] [id=6408]
  0x000001f180f628b0 ConcurrentGCThread "G1 Refine#3" [stack: 0x00000031a8000000,0x00000031a8100000] [id=8868]
  0x000001f1f9cc7390 ConcurrentGCThread "G1 Service" [stack: 0x00000031a2200000,0x00000031a2300000] [id=5956]

Threads with active compile tasks:

VM state: at safepoint (normal execution)

VM Mutex/Monitor currently owned by a thread:  ([mutex/lock_event])
[0x000001f1de79dc10] Threads_lock - owner thread: 0x000001f1fa820890
[0x000001f1e08a4030] Heap_lock - owner thread: 0x000001f1fecc70c0

Heap address: 0x0000000080000000, size: 2048 MB, Compressed Oops mode: 32-bit

CDS archive(s) not mapped
Compressed class space mapped at: 0x0000000100000000-0x0000000140000000, reserved size: 1073741824
Narrow klass base: 0x0000000000000000, Narrow klass shift: 3, Narrow klass range: 0x140000000

GC Precious Log:
 CPUs: 4 total, 4 available
 Memory: 8099M
 Large Page Support: Disabled
 NUMA Support: Disabled
 Compressed Oops: Enabled (32-bit)
 Heap Region Size: 1M
 Heap Min Capacity: 8M
 Heap Initial Capacity: 128M
 Heap Max Capacity: 2G
 Pre-touch: Disabled
 Parallel Workers: 4
 Concurrent Workers: 1
 Concurrent Refinement Workers: 4
 Periodic GC: Disabled

Heap:
 garbage-first heap   total 299008K, used 173061K [0x0000000080000000, 0x0000000100000000)
  region size 1024K, 3 young (3072K), 3 survivors (3072K)
 Metaspace       used 93250K, committed 93952K, reserved 1130496K
  class space    used 12790K, committed 13120K, reserved 1048576K

Heap Regions: E=young(eden), S=young(survivor), O=old, HS=humongous(starts), HC=humongous(continues), CS=collection set, F=free, OA=open archive, CA=closed archive, TAMS=top-at-mark-start (previous, next)
|   0|0x0000000080000000, 0x0000000080100000, 0x0000000080100000|100%| O|  |TAMS 0x0000000080100000, 0x0000000080100000| Untracked 
|   1|0x0000000080100000, 0x0000000080200000, 0x0000000080200000|100%| O|  |TAMS 0x0000000080200000, 0x0000000080200000| Untracked 
|   2|0x0000000080200000, 0x0000000080300000, 0x0000000080300000|100%|HS|  |TAMS 0x0000000080300000, 0x0000000080300000| Complete 
|   3|0x0000000080300000, 0x0000000080400000, 0x0000000080400000|100%|HC|  |TAMS 0x0000000080400000, 0x0000000080400000| Complete 
|   4|0x0000000080400000, 0x0000000080500000, 0x0000000080500000|100%|HC|  |TAMS 0x0000000080500000, 0x0000000080500000| Complete 
|   5|0x0000000080500000, 0x0000000080600000, 0x0000000080600000|100%|HC|  |TAMS 0x0000000080600000, 0x0000000080600000| Complete 
|   6|0x0000000080600000, 0x0000000080700000, 0x0000000080700000|100%| O|  |TAMS 0x0000000080700000, 0x0000000080700000| Untracked 
|   7|0x0000000080700000, 0x0000000080800000, 0x0000000080800000|100%| O|  |TAMS 0x0000000080800000, 0x0000000080800000| Untracked 
|   8|0x0000000080800000, 0x0000000080900000, 0x0000000080900000|100%| O|  |TAMS 0x0000000080900000, 0x0000000080900000| Untracked 
|   9|0x0000000080900000, 0x0000000080a00000, 0x0000000080a00000|100%| O|  |TAMS 0x0000000080a00000, 0x0000000080a00000| Untracked 
|  10|0x0000000080a00000, 0x0000000080b00000, 0x0000000080b00000|100%| O|  |TAMS 0x0000000080b00000, 0x0000000080b00000| Untracked 
|  11|0x0000000080b00000, 0x0000000080c00000, 0x0000000080c00000|100%| O|  |TAMS 0x0000000080c00000, 0x0000000080c00000| Untracked 
|  12|0x0000000080c00000, 0x0000000080d00000, 0x0000000080d00000|100%| O|  |TAMS 0x0000000080d00000, 0x0000000080d00000| Untracked 
|  13|0x0000000080d00000, 0x0000000080e00000, 0x0000000080e00000|100%| O|  |TAMS 0x0000000080e00000, 0x0000000080e00000| Untracked 
|  14|0x0000000080e00000, 0x0000000080f00000, 0x0000000080f00000|100%| O|  |TAMS 0x0000000080f00000, 0x0000000080f00000| Untracked 
|  15|0x0000000080f00000, 0x0000000081000000, 0x0000000081000000|100%| O|  |TAMS 0x0000000081000000, 0x0000000081000000| Untracked 
|  16|0x0000000081000000, 0x0000000081100000, 0x0000000081100000|100%| O|  |TAMS 0x0000000081100000, 0x0000000081100000| Untracked 
|  17|0x0000000081100000, 0x0000000081200000, 0x0000000081200000|100%| O|  |TAMS 0x0000000081200000, 0x0000000081200000| Untracked 
|  18|0x0000000081200000, 0x0000000081300000, 0x0000000081300000|100%| O|  |TAMS 0x0000000081300000, 0x0000000081300000| Untracked 
|  19|0x0000000081300000, 0x0000000081400000, 0x0000000081400000|100%| O|  |TAMS 0x0000000081400000, 0x0000000081400000| Untracked 
|  20|0x0000000081400000, 0x0000000081500000, 0x0000000081500000|100%| O|  |TAMS 0x0000000081500000, 0x0000000081500000| Untracked 
|  21|0x0000000081500000, 0x0000000081600000, 0x0000000081600000|100%| O|  |TAMS 0x0000000081600000, 0x0000000081600000| Untracked 
|  22|0x0000000081600000, 0x0000000081700000, 0x0000000081700000|100%|HS|  |TAMS 0x0000000081700000, 0x0000000081700000| Complete 
|  23|0x0000000081700000, 0x0000000081800000, 0x0000000081800000|100%|HC|  |TAMS 0x0000000081800000, 0x0000000081800000| Complete 
|  24|0x0000000081800000, 0x0000000081900000, 0x0000000081900000|100%|HS|  |TAMS 0x0000000081900000, 0x0000000081900000| Complete 
|  25|0x0000000081900000, 0x0000000081a00000, 0x0000000081a00000|100%|HC|  |TAMS 0x0000000081a00000, 0x0000000081a00000| Complete 
|  26|0x0000000081a00000, 0x0000000081b00000, 0x0000000081b00000|100%|HC|  |TAMS 0x0000000081b00000, 0x0000000081b00000| Complete 
|  27|0x0000000081b00000, 0x0000000081c00000, 0x0000000081c00000|100%|HS|  |TAMS 0x0000000081c00000, 0x0000000081c00000| Complete 
|  28|0x0000000081c00000, 0x0000000081d00000, 0x0000000081d00000|100%|HC|  |TAMS 0x0000000081d00000, 0x0000000081d00000| Complete 
|  29|0x0000000081d00000, 0x0000000081e00000, 0x0000000081e00000|100%|HC|  |TAMS 0x0000000081e00000, 0x0000000081e00000| Complete 
|  30|0x0000000081e00000, 0x0000000081f00000, 0x0000000081f00000|100%| O|  |TAMS 0x0000000081f00000, 0x0000000081f00000| Untracked 
|  31|0x0000000081f00000, 0x0000000082000000, 0x0000000082000000|100%| O|  |TAMS 0x0000000082000000, 0x0000000082000000| Untracked 
|  32|0x0000000082000000, 0x0000000082100000, 0x0000000082100000|100%|HS|  |TAMS 0x0000000082100000, 0x0000000082100000| Complete 
|  33|0x0000000082100000, 0x0000000082200000, 0x0000000082200000|100%|HC|  |TAMS 0x0000000082200000, 0x0000000082200000| Complete 
|  34|0x0000000082200000, 0x0000000082300000, 0x0000000082300000|100%| O|  |TAMS 0x0000000082300000, 0x0000000082300000| Untracked 
|  35|0x0000000082300000, 0x0000000082400000, 0x0000000082400000|100%| O|  |TAMS 0x0000000082400000, 0x0000000082400000| Untracked 
|  36|0x0000000082400000, 0x0000000082500000, 0x0000000082500000|100%| O|  |TAMS 0x0000000082500000, 0x0000000082500000| Untracked 
|  37|0x0000000082500000, 0x0000000082600000, 0x0000000082600000|100%| O|  |TAMS 0x0000000082600000, 0x0000000082600000| Untracked 
|  38|0x0000000082600000, 0x0000000082700000, 0x0000000082700000|100%| O|  |TAMS 0x0000000082700000, 0x0000000082700000| Untracked 
|  39|0x0000000082700000, 0x0000000082800000, 0x0000000082800000|100%| O|  |TAMS 0x0000000082800000, 0x0000000082800000| Untracked 
|  40|0x0000000082800000, 0x0000000082900000, 0x0000000082900000|100%| O|  |TAMS 0x0000000082900000, 0x0000000082900000| Untracked 
|  41|0x0000000082900000, 0x0000000082a00000, 0x0000000082a00000|100%|HS|  |TAMS 0x0000000082a00000, 0x0000000082a00000| Complete 
|  42|0x0000000082a00000, 0x0000000082b00000, 0x0000000082b00000|100%|HC|  |TAMS 0x0000000082b00000, 0x0000000082b00000| Complete 
|  43|0x0000000082b00000, 0x0000000082c00000, 0x0000000082c00000|100%|HC|  |TAMS 0x0000000082c00000, 0x0000000082c00000| Complete 
|  44|0x0000000082c00000, 0x0000000082d00000, 0x0000000082d00000|100%|HS|  |TAMS 0x0000000082d00000, 0x0000000082d00000| Complete 
|  45|0x0000000082d00000, 0x0000000082e00000, 0x0000000082e00000|100%|HC|  |TAMS 0x0000000082e00000, 0x0000000082e00000| Complete 
|  46|0x0000000082e00000, 0x0000000082f00000, 0x0000000082f00000|100%|HC|  |TAMS 0x0000000082f00000, 0x0000000082f00000| Complete 
|  47|0x0000000082f00000, 0x0000000083000000, 0x0000000083000000|100%|HC|  |TAMS 0x0000000083000000, 0x0000000083000000| Complete 
|  48|0x0000000083000000, 0x0000000083100000, 0x0000000083100000|100%|HC|  |TAMS 0x0000000083100000, 0x0000000083100000| Complete 
|  49|0x0000000083100000, 0x0000000083200000, 0x0000000083200000|100%|HC|  |TAMS 0x0000000083200000, 0x0000000083200000| Complete 
|  50|0x0000000083200000, 0x0000000083300000, 0x0000000083300000|100%|HC|  |TAMS 0x0000000083300000, 0x0000000083300000| Complete 
|  51|0x0000000083300000, 0x0000000083400000, 0x0000000083400000|100%|HC|  |TAMS 0x0000000083400000, 0x0000000083400000| Complete 
|  52|0x0000000083400000, 0x0000000083500000, 0x0000000083500000|100%|HC|  |TAMS 0x0000000083500000, 0x0000000083500000| Complete 
|  53|0x0000000083500000, 0x0000000083600000, 0x0000000083600000|100%|HC|  |TAMS 0x0000000083600000, 0x0000000083600000| Complete 
|  54|0x0000000083600000, 0x0000000083700000, 0x0000000083700000|100%|HC|  |TAMS 0x0000000083700000, 0x0000000083700000| Complete 
|  55|0x0000000083700000, 0x0000000083800000, 0x0000000083800000|100%|HC|  |TAMS 0x0000000083800000, 0x0000000083800000| Complete 
|  56|0x0000000083800000, 0x0000000083900000, 0x0000000083900000|100%|HS|  |TAMS 0x0000000083900000, 0x0000000083900000| Complete 
|  57|0x0000000083900000, 0x0000000083a00000, 0x0000000083a00000|100%|HC|  |TAMS 0x0000000083a00000, 0x0000000083a00000| Complete 
|  58|0x0000000083a00000, 0x0000000083b00000, 0x0000000083b00000|100%|HC|  |TAMS 0x0000000083b00000, 0x0000000083b00000| Complete 
|  59|0x0000000083b00000, 0x0000000083c00000, 0x0000000083c00000|100%| O|  |TAMS 0x0000000083c00000, 0x0000000083c00000| Untracked 
|  60|0x0000000083c00000, 0x0000000083d00000, 0x0000000083d00000|100%| O|  |TAMS 0x0000000083d00000, 0x0000000083d00000| Untracked 
|  61|0x0000000083d00000, 0x0000000083e00000, 0x0000000083e00000|100%| O|  |TAMS 0x0000000083e00000, 0x0000000083e00000| Untracked 
|  62|0x0000000083e00000, 0x0000000083f00000, 0x0000000083f00000|100%| O|  |TAMS 0x0000000083f00000, 0x0000000083f00000| Untracked 
|  63|0x0000000083f00000, 0x0000000084000000, 0x0000000084000000|100%| O|  |TAMS 0x0000000084000000, 0x0000000084000000| Untracked 
|  64|0x0000000084000000, 0x0000000084100000, 0x0000000084100000|100%| O|  |TAMS 0x0000000084100000, 0x0000000084100000| Untracked 
|  65|0x0000000084100000, 0x0000000084200000, 0x0000000084200000|100%| O|  |TAMS 0x0000000084200000, 0x0000000084200000| Untracked 
|  66|0x0000000084200000, 0x0000000084300000, 0x0000000084300000|100%| O|  |TAMS 0x0000000084300000, 0x0000000084300000| Untracked 
|  67|0x0000000084300000, 0x0000000084400000, 0x0000000084400000|100%| O|  |TAMS 0x0000000084400000, 0x0000000084400000| Untracked 
|  68|0x0000000084400000, 0x0000000084500000, 0x0000000084500000|100%| O|  |TAMS 0x0000000084500000, 0x0000000084500000| Untracked 
|  69|0x0000000084500000, 0x0000000084600000, 0x0000000084600000|100%| O|  |TAMS 0x0000000084600000, 0x0000000084600000| Untracked 
|  70|0x0000000084600000, 0x0000000084700000, 0x0000000084700000|100%| O|  |TAMS 0x0000000084700000, 0x0000000084700000| Untracked 
|  71|0x0000000084700000, 0x0000000084800000, 0x0000000084800000|100%| O|  |TAMS 0x0000000084800000, 0x0000000084800000| Untracked 
|  72|0x0000000084800000, 0x0000000084900000, 0x0000000084900000|100%|HS|  |TAMS 0x0000000084900000, 0x0000000084900000| Complete 
|  73|0x0000000084900000, 0x0000000084a00000, 0x0000000084a00000|100%|HS|  |TAMS 0x0000000084a00000, 0x0000000084a00000| Complete 
|  74|0x0000000084a00000, 0x0000000084b00000, 0x0000000084b00000|100%|HS|  |TAMS 0x0000000084b00000, 0x0000000084b00000| Complete 
|  75|0x0000000084b00000, 0x0000000084c00000, 0x0000000084c00000|100%|HC|  |TAMS 0x0000000084c00000, 0x0000000084c00000| Complete 
|  76|0x0000000084c00000, 0x0000000084d00000, 0x0000000084d00000|100%|HS|  |TAMS 0x0000000084d00000, 0x0000000084d00000| Complete 
|  77|0x0000000084d00000, 0x0000000084e00000, 0x0000000084e00000|100%|HS|  |TAMS 0x0000000084e00000, 0x0000000084e00000| Complete 
|  78|0x0000000084e00000, 0x0000000084f00000, 0x0000000084f00000|100%|HC|  |TAMS 0x0000000084f00000, 0x0000000084f00000| Complete 
|  79|0x0000000084f00000, 0x0000000085000000, 0x0000000085000000|100%|HC|  |TAMS 0x0000000085000000, 0x0000000085000000| Complete 
|  80|0x0000000085000000, 0x0000000085100000, 0x0000000085100000|100%|HC|  |TAMS 0x0000000085100000, 0x0000000085100000| Complete 
|  81|0x0000000085100000, 0x0000000085200000, 0x0000000085200000|100%| O|  |TAMS 0x0000000085200000, 0x0000000085200000| Untracked 
|  82|0x0000000085200000, 0x0000000085300000, 0x0000000085300000|100%| O|  |TAMS 0x0000000085300000, 0x0000000085300000| Untracked 
|  83|0x0000000085300000, 0x0000000085400000, 0x0000000085400000|100%| O|  |TAMS 0x0000000085400000, 0x0000000085400000| Untracked 
|  84|0x0000000085400000, 0x0000000085500000, 0x0000000085500000|100%| O|  |TAMS 0x0000000085500000, 0x0000000085500000| Untracked 
|  85|0x0000000085500000, 0x0000000085600000, 0x0000000085600000|100%| O|  |TAMS 0x0000000085600000, 0x0000000085600000| Untracked 
|  86|0x0000000085600000, 0x0000000085700000, 0x0000000085700000|100%| O|  |TAMS 0x0000000085700000, 0x0000000085700000| Untracked 
|  87|0x0000000085700000, 0x0000000085800000, 0x0000000085800000|100%| O|  |TAMS 0x0000000085800000, 0x0000000085800000| Untracked 
|  88|0x0000000085800000, 0x0000000085900000, 0x0000000085900000|100%| O|  |TAMS 0x0000000085900000, 0x0000000085900000| Untracked 
|  89|0x0000000085900000, 0x0000000085a00000, 0x0000000085a00000|100%| O|  |TAMS 0x0000000085a00000, 0x0000000085a00000| Untracked 
|  90|0x0000000085a00000, 0x0000000085b00000, 0x0000000085b00000|100%| O|  |TAMS 0x0000000085b00000, 0x0000000085b00000| Untracked 
|  91|0x0000000085b00000, 0x0000000085c00000, 0x0000000085c00000|100%| O|  |TAMS 0x0000000085c00000, 0x0000000085c00000| Untracked 
|  92|0x0000000085c00000, 0x0000000085d00000, 0x0000000085d00000|100%| O|  |TAMS 0x0000000085d00000, 0x0000000085d00000| Untracked 
|  93|0x0000000085d00000, 0x0000000085e00000, 0x0000000085e00000|100%| O|  |TAMS 0x0000000085e00000, 0x0000000085e00000| Untracked 
|  94|0x0000000085e00000, 0x0000000085f00000, 0x0000000085f00000|100%| O|  |TAMS 0x0000000085f00000, 0x0000000085f00000| Untracked 
|  95|0x0000000085f00000, 0x0000000086000000, 0x0000000086000000|100%| O|  |TAMS 0x0000000086000000, 0x0000000086000000| Untracked 
|  96|0x0000000086000000, 0x0000000086100000, 0x0000000086100000|100%| O|  |TAMS 0x0000000086100000, 0x0000000086100000| Untracked 
|  97|0x0000000086100000, 0x0000000086200000, 0x0000000086200000|100%| O|  |TAMS 0x0000000086200000, 0x0000000086200000| Untracked 
|  98|0x0000000086200000, 0x0000000086300000, 0x0000000086300000|100%| O|  |TAMS 0x0000000086300000, 0x0000000086300000| Untracked 
|  99|0x0000000086300000, 0x0000000086400000, 0x0000000086400000|100%| O|  |TAMS 0x0000000086400000, 0x0000000086400000| Untracked 
| 100|0x0000000086400000, 0x0000000086500000, 0x0000000086500000|100%| O|  |TAMS 0x0000000086400000, 0x0000000086500000| Untracked 
| 101|0x0000000086500000, 0x0000000086600000, 0x0000000086600000|100%| O|  |TAMS 0x0000000086600000, 0x0000000086600000| Untracked 
| 102|0x0000000086600000, 0x0000000086700000, 0x0000000086700000|100%| O|  |TAMS 0x0000000086700000, 0x0000000086700000| Untracked 
| 103|0x0000000086700000, 0x0000000086800000, 0x0000000086800000|100%| O|  |TAMS 0x0000000086800000, 0x0000000086800000| Untracked 
| 104|0x0000000086800000, 0x0000000086900000, 0x0000000086900000|100%| O|  |TAMS 0x0000000086900000, 0x0000000086900000| Untracked 
| 105|0x0000000086900000, 0x0000000086a00000, 0x0000000086a00000|100%| O|  |TAMS 0x0000000086a00000, 0x0000000086a00000| Untracked 
| 106|0x0000000086a00000, 0x0000000086b00000, 0x0000000086b00000|100%|HS|  |TAMS 0x0000000086b00000, 0x0000000086b00000| Complete 
| 107|0x0000000086b00000, 0x0000000086c00000, 0x0000000086c00000|100%|HC|  |TAMS 0x0000000086c00000, 0x0000000086c00000| Complete 
| 108|0x0000000086c00000, 0x0000000086d00000, 0x0000000086d00000|100%|HS|  |TAMS 0x0000000086d00000, 0x0000000086d00000| Complete 
| 109|0x0000000086d00000, 0x0000000086e00000, 0x0000000086e00000|100%|HC|  |TAMS 0x0000000086e00000, 0x0000000086e00000| Complete 
| 110|0x0000000086e00000, 0x0000000086f00000, 0x0000000086f00000|100%|HC|  |TAMS 0x0000000086f00000, 0x0000000086f00000| Complete 
| 111|0x0000000086f00000, 0x0000000087000000, 0x0000000087000000|100%|HS|  |TAMS 0x0000000087000000, 0x0000000087000000| Complete 
| 112|0x0000000087000000, 0x0000000087100000, 0x0000000087100000|100%|HC|  |TAMS 0x0000000087100000, 0x0000000087100000| Complete 
| 113|0x0000000087100000, 0x0000000087200000, 0x0000000087200000|100%|HC|  |TAMS 0x0000000087200000, 0x0000000087200000| Complete 
| 114|0x0000000087200000, 0x0000000087300000, 0x0000000087300000|100%|HS|  |TAMS 0x0000000087300000, 0x0000000087300000| Complete 
| 115|0x0000000087300000, 0x0000000087400000, 0x0000000087400000|100%|HC|  |TAMS 0x0000000087400000, 0x0000000087400000| Complete 
| 116|0x0000000087400000, 0x0000000087500000, 0x0000000087500000|100%|HC|  |TAMS 0x0000000087500000, 0x0000000087500000| Complete 
| 117|0x0000000087500000, 0x0000000087600000, 0x0000000087600000|100%|HC|  |TAMS 0x0000000087600000, 0x0000000087600000| Complete 
| 118|0x0000000087600000, 0x0000000087700000, 0x0000000087700000|100%|HC|  |TAMS 0x0000000087700000, 0x0000000087700000| Complete 
| 119|0x0000000087700000, 0x0000000087800000, 0x0000000087800000|100%|HC|  |TAMS 0x0000000087800000, 0x0000000087800000| Complete 
| 120|0x0000000087800000, 0x0000000087900000, 0x0000000087900000|100%|HC|  |TAMS 0x0000000087900000, 0x0000000087900000| Complete 
| 121|0x0000000087900000, 0x0000000087a00000, 0x0000000087a00000|100%|HC|  |TAMS 0x0000000087a00000, 0x0000000087a00000| Complete 
| 122|0x0000000087a00000, 0x0000000087b00000, 0x0000000087b00000|100%|HC|  |TAMS 0x0000000087b00000, 0x0000000087b00000| Complete 
| 123|0x0000000087b00000, 0x0000000087c00000, 0x0000000087c00000|100%|HC|  |TAMS 0x0000000087c00000, 0x0000000087c00000| Complete 
| 124|0x0000000087c00000, 0x0000000087d00000, 0x0000000087d00000|100%|HC|  |TAMS 0x0000000087d00000, 0x0000000087d00000| Complete 
| 125|0x0000000087d00000, 0x0000000087e00000, 0x0000000087e00000|100%|HC|  |TAMS 0x0000000087e00000, 0x0000000087e00000| Complete 
| 126|0x0000000087e00000, 0x0000000087f00000, 0x0000000087f00000|100%|HS|  |TAMS 0x0000000087f00000, 0x0000000087f00000| Complete 
| 127|0x0000000087f00000, 0x0000000088000000, 0x0000000088000000|100%|HC|  |TAMS 0x0000000088000000, 0x0000000088000000| Complete 
| 128|0x0000000088000000, 0x0000000088100000, 0x0000000088100000|100%| O|  |TAMS 0x0000000088100000, 0x0000000088100000| Untracked 
| 129|0x0000000088100000, 0x0000000088200000, 0x0000000088200000|100%| O|  |TAMS 0x0000000088200000, 0x0000000088200000| Untracked 
| 130|0x0000000088200000, 0x0000000088300000, 0x0000000088300000|100%| O|  |TAMS 0x0000000088300000, 0x0000000088300000| Untracked 
| 131|0x0000000088300000, 0x0000000088400000, 0x0000000088400000|100%| O|  |TAMS 0x0000000088400000, 0x0000000088400000| Untracked 
| 132|0x0000000088400000, 0x0000000088500000, 0x0000000088500000|100%| O|  |TAMS 0x0000000088500000, 0x0000000088500000| Untracked 
| 133|0x0000000088500000, 0x0000000088600000, 0x0000000088600000|100%| O|  |TAMS 0x0000000088600000, 0x0000000088600000| Untracked 
| 134|0x0000000088600000, 0x0000000088700000, 0x0000000088700000|100%| O|  |TAMS 0x0000000088700000, 0x0000000088700000| Untracked 
| 135|0x0000000088700000, 0x0000000088800000, 0x0000000088800000|100%| O|  |TAMS 0x0000000088800000, 0x0000000088800000| Untracked 
| 136|0x0000000088800000, 0x0000000088900000, 0x0000000088900000|100%| O|  |TAMS 0x0000000088900000, 0x0000000088900000| Untracked 
| 137|0x0000000088900000, 0x0000000088a00000, 0x0000000088a00000|100%| O|  |TAMS 0x0000000088a00000, 0x0000000088a00000| Untracked 
| 138|0x0000000088a00000, 0x0000000088b00000, 0x0000000088b00000|100%| O|  |TAMS 0x0000000088b00000, 0x0000000088b00000| Untracked 
| 139|0x0000000088b00000, 0x0000000088c00000, 0x0000000088c00000|100%| O|  |TAMS 0x0000000088c00000, 0x0000000088c00000| Untracked 
| 140|0x0000000088c00000, 0x0000000088d00000, 0x0000000088d00000|100%| O|  |TAMS 0x0000000088d00000, 0x0000000088d00000| Untracked 
| 141|0x0000000088d00000, 0x0000000088e00000, 0x0000000088e00000|100%| O|  |TAMS 0x0000000088e00000, 0x0000000088e00000| Untracked 
| 142|0x0000000088e00000, 0x0000000088f00000, 0x0000000088f00000|100%| O|  |TAMS 0x0000000088f00000, 0x0000000088f00000| Untracked 
| 143|0x0000000088f00000, 0x0000000089000000, 0x0000000089000000|100%| O|  |TAMS 0x0000000089000000, 0x0000000089000000| Untracked 
| 144|0x0000000089000000, 0x0000000089100000, 0x0000000089100000|100%| O|  |TAMS 0x0000000089100000, 0x0000000089100000| Untracked 
| 145|0x0000000089100000, 0x0000000089200000, 0x0000000089200000|100%| O|  |TAMS 0x0000000089200000, 0x0000000089200000| Untracked 
| 146|0x0000000089200000, 0x0000000089300000, 0x0000000089300000|100%| O|  |TAMS 0x0000000089300000, 0x0000000089300000| Untracked 
| 147|0x0000000089300000, 0x0000000089400000, 0x0000000089400000|100%| O|  |TAMS 0x0000000089400000, 0x0000000089400000| Untracked 
| 148|0x0000000089400000, 0x0000000089500000, 0x0000000089500000|100%| O|  |TAMS 0x0000000089500000, 0x0000000089500000| Untracked 
| 149|0x0000000089500000, 0x0000000089600000, 0x0000000089600000|100%| O|  |TAMS 0x0000000089600000, 0x0000000089600000| Untracked 
| 150|0x0000000089600000, 0x0000000089700000, 0x0000000089700000|100%| O|  |TAMS 0x0000000089700000, 0x0000000089700000| Untracked 
| 151|0x0000000089700000, 0x0000000089800000, 0x0000000089800000|100%| O|  |TAMS 0x0000000089800000, 0x0000000089800000| Untracked 
| 152|0x0000000089800000, 0x0000000089900000, 0x0000000089900000|100%| O|  |TAMS 0x0000000089900000, 0x0000000089900000| Untracked 
| 153|0x0000000089900000, 0x0000000089a00000, 0x0000000089a00000|100%| O|  |TAMS 0x0000000089a00000, 0x0000000089a00000| Untracked 
| 154|0x0000000089a00000, 0x0000000089b00000, 0x0000000089b00000|100%| O|  |TAMS 0x0000000089a00000, 0x0000000089b00000| Untracked 
| 155|0x0000000089b00000, 0x0000000089c00000, 0x0000000089c00000|100%| O|  |TAMS 0x0000000089c00000, 0x0000000089c00000| Untracked 
| 156|0x0000000089c00000, 0x0000000089d00000, 0x0000000089d00000|100%| O|  |TAMS 0x0000000089d00000, 0x0000000089d00000| Untracked 
| 157|0x0000000089d00000, 0x0000000089e00000, 0x0000000089e00000|100%| O|  |TAMS 0x0000000089e00000, 0x0000000089e00000| Untracked 
| 158|0x0000000089e00000, 0x0000000089f00000, 0x0000000089f00000|100%| O|  |TAMS 0x0000000089f00000, 0x0000000089f00000| Untracked 
| 159|0x0000000089f00000, 0x000000008a000000, 0x000000008a000000|100%| O|  |TAMS 0x000000008a000000, 0x000000008a000000| Untracked 
| 160|0x000000008a000000, 0x000000008a000000, 0x000000008a100000|  0%| F|  |TAMS 0x000000008a000000, 0x000000008a000000| Untracked 
| 161|0x000000008a100000, 0x000000008a200000, 0x000000008a200000|100%| O|  |TAMS 0x000000008a200000, 0x000000008a200000| Untracked 
| 162|0x000000008a200000, 0x000000008a200000, 0x000000008a300000|  0%| F|  |TAMS 0x000000008a200000, 0x000000008a200000| Untracked 
| 163|0x000000008a300000, 0x000000008a300000, 0x000000008a400000|  0%| F|  |TAMS 0x000000008a300000, 0x000000008a300000| Untracked 
| 164|0x000000008a400000, 0x000000008a500000, 0x000000008a500000|100%| O|  |TAMS 0x000000008a48a000, 0x000000008a500000| Untracked 
| 165|0x000000008a500000, 0x000000008a600000, 0x000000008a600000|100%| O|  |TAMS 0x000000008a500000, 0x000000008a600000| Untracked 
| 166|0x000000008a600000, 0x000000008a700000, 0x000000008a700000|100%| O|  |TAMS 0x000000008a600000, 0x000000008a700000| Untracked 
| 167|0x000000008a700000, 0x000000008a800000, 0x000000008a800000|100%| O|  |TAMS 0x000000008a700000, 0x000000008a800000| Untracked 
| 168|0x000000008a800000, 0x000000008a900000, 0x000000008a900000|100%| O|  |TAMS 0x000000008a800000, 0x000000008a900000| Untracked 
| 169|0x000000008a900000, 0x000000008a907c00, 0x000000008aa00000|  3%| O|  |TAMS 0x000000008a900000, 0x000000008a907c00| Untracked 
| 170|0x000000008aa00000, 0x000000008aa00000, 0x000000008ab00000|  0%| F|  |TAMS 0x000000008aa00000, 0x000000008aa00000| Untracked 
| 171|0x000000008ab00000, 0x000000008ab00000, 0x000000008ac00000|  0%| F|  |TAMS 0x000000008ab00000, 0x000000008ab00000| Untracked 
| 172|0x000000008ac00000, 0x000000008ac00000, 0x000000008ad00000|  0%| F|  |TAMS 0x000000008ac00000, 0x000000008ac00000| Untracked 
| 173|0x000000008ad00000, 0x000000008ad00000, 0x000000008ae00000|  0%| F|  |TAMS 0x000000008ad00000, 0x000000008ad00000| Untracked 
| 174|0x000000008ae00000, 0x000000008ae00000, 0x000000008af00000|  0%| F|  |TAMS 0x000000008ae00000, 0x000000008ae00000| Untracked 
| 175|0x000000008af00000, 0x000000008af00000, 0x000000008b000000|  0%| F|  |TAMS 0x000000008af00000, 0x000000008af00000| Untracked 
| 176|0x000000008b000000, 0x000000008b000000, 0x000000008b100000|  0%| F|  |TAMS 0x000000008b000000, 0x000000008b000000| Untracked 
| 177|0x000000008b100000, 0x000000008b100000, 0x000000008b200000|  0%| F|  |TAMS 0x000000008b100000, 0x000000008b100000| Untracked 
| 178|0x000000008b200000, 0x000000008b200000, 0x000000008b300000|  0%| F|  |TAMS 0x000000008b200000, 0x000000008b200000| Untracked 
| 179|0x000000008b300000, 0x000000008b300000, 0x000000008b400000|  0%| F|  |TAMS 0x000000008b300000, 0x000000008b300000| Untracked 
| 180|0x000000008b400000, 0x000000008b400000, 0x000000008b500000|  0%| F|  |TAMS 0x000000008b400000, 0x000000008b400000| Untracked 
| 181|0x000000008b500000, 0x000000008b500000, 0x000000008b600000|  0%| F|  |TAMS 0x000000008b500000, 0x000000008b500000| Untracked 
| 182|0x000000008b600000, 0x000000008b600000, 0x000000008b700000|  0%| F|  |TAMS 0x000000008b600000, 0x000000008b600000| Untracked 
| 183|0x000000008b700000, 0x000000008b700000, 0x000000008b800000|  0%| F|  |TAMS 0x000000008b700000, 0x000000008b700000| Untracked 
| 184|0x000000008b800000, 0x000000008b800000, 0x000000008b900000|  0%| F|  |TAMS 0x000000008b800000, 0x000000008b800000| Untracked 
| 185|0x000000008b900000, 0x000000008b900000, 0x000000008ba00000|  0%| F|  |TAMS 0x000000008b900000, 0x000000008b900000| Untracked 
| 186|0x000000008ba00000, 0x000000008ba00000, 0x000000008bb00000|  0%| F|  |TAMS 0x000000008ba00000, 0x000000008ba00000| Untracked 
| 187|0x000000008bb00000, 0x000000008bb00000, 0x000000008bc00000|  0%| F|  |TAMS 0x000000008bb00000, 0x000000008bb00000| Untracked 
| 188|0x000000008bc00000, 0x000000008bc00000, 0x000000008bd00000|  0%| F|  |TAMS 0x000000008bc00000, 0x000000008bc00000| Untracked 
| 189|0x000000008bd00000, 0x000000008bd00000, 0x000000008be00000|  0%| F|  |TAMS 0x000000008bd00000, 0x000000008bd00000| Untracked 
| 190|0x000000008be00000, 0x000000008be00000, 0x000000008bf00000|  0%| F|  |TAMS 0x000000008be00000, 0x000000008be00000| Untracked 
| 191|0x000000008bf00000, 0x000000008bf00000, 0x000000008c000000|  0%| F|  |TAMS 0x000000008bf00000, 0x000000008bf00000| Untracked 
| 192|0x000000008c000000, 0x000000008c000000, 0x000000008c100000|  0%| F|  |TAMS 0x000000008c000000, 0x000000008c000000| Untracked 
| 193|0x000000008c100000, 0x000000008c100000, 0x000000008c200000|  0%| F|  |TAMS 0x000000008c100000, 0x000000008c100000| Untracked 
| 194|0x000000008c200000, 0x000000008c200000, 0x000000008c300000|  0%| F|  |TAMS 0x000000008c200000, 0x000000008c200000| Untracked 
| 195|0x000000008c300000, 0x000000008c300000, 0x000000008c400000|  0%| F|  |TAMS 0x000000008c300000, 0x000000008c300000| Untracked 
| 196|0x000000008c400000, 0x000000008c400000, 0x000000008c500000|  0%| F|  |TAMS 0x000000008c400000, 0x000000008c400000| Untracked 
| 197|0x000000008c500000, 0x000000008c500000, 0x000000008c600000|  0%| F|  |TAMS 0x000000008c500000, 0x000000008c500000| Untracked 
| 198|0x000000008c600000, 0x000000008c600000, 0x000000008c700000|  0%| F|  |TAMS 0x000000008c600000, 0x000000008c600000| Untracked 
| 199|0x000000008c700000, 0x000000008c700000, 0x000000008c800000|  0%| F|  |TAMS 0x000000008c700000, 0x000000008c700000| Untracked 
| 200|0x000000008c800000, 0x000000008c800000, 0x000000008c900000|  0%| F|  |TAMS 0x000000008c800000, 0x000000008c800000| Untracked 
| 201|0x000000008c900000, 0x000000008c900000, 0x000000008ca00000|  0%| F|  |TAMS 0x000000008c900000, 0x000000008c900000| Untracked 
| 202|0x000000008ca00000, 0x000000008ca00000, 0x000000008cb00000|  0%| F|  |TAMS 0x000000008ca00000, 0x000000008ca00000| Untracked 
| 203|0x000000008cb00000, 0x000000008cb00000, 0x000000008cc00000|  0%| F|  |TAMS 0x000000008cb00000, 0x000000008cb00000| Untracked 
| 204|0x000000008cc00000, 0x000000008cc00000, 0x000000008cd00000|  0%| F|  |TAMS 0x000000008cc00000, 0x000000008cc00000| Untracked 
| 205|0x000000008cd00000, 0x000000008cd00000, 0x000000008ce00000|  0%| F|  |TAMS 0x000000008cd00000, 0x000000008cd00000| Untracked 
| 206|0x000000008ce00000, 0x000000008ce00000, 0x000000008cf00000|  0%| F|  |TAMS 0x000000008ce00000, 0x000000008ce00000| Untracked 
| 207|0x000000008cf00000, 0x000000008cf00000, 0x000000008d000000|  0%| F|  |TAMS 0x000000008cf00000, 0x000000008cf00000| Untracked 
| 208|0x000000008d000000, 0x000000008d000000, 0x000000008d100000|  0%| F|  |TAMS 0x000000008d000000, 0x000000008d000000| Untracked 
| 209|0x000000008d100000, 0x000000008d100000, 0x000000008d200000|  0%| F|  |TAMS 0x000000008d100000, 0x000000008d100000| Untracked 
| 210|0x000000008d200000, 0x000000008d200000, 0x000000008d300000|  0%| F|  |TAMS 0x000000008d200000, 0x000000008d200000| Untracked 
| 211|0x000000008d300000, 0x000000008d300000, 0x000000008d400000|  0%| F|  |TAMS 0x000000008d300000, 0x000000008d300000| Untracked 
| 212|0x000000008d400000, 0x000000008d400000, 0x000000008d500000|  0%| F|  |TAMS 0x000000008d400000, 0x000000008d400000| Untracked 
| 213|0x000000008d500000, 0x000000008d500000, 0x000000008d600000|  0%| F|  |TAMS 0x000000008d500000, 0x000000008d500000| Untracked 
| 214|0x000000008d600000, 0x000000008d600000, 0x000000008d700000|  0%| F|  |TAMS 0x000000008d600000, 0x000000008d600000| Untracked 
| 215|0x000000008d700000, 0x000000008d700000, 0x000000008d800000|  0%| F|  |TAMS 0x000000008d700000, 0x000000008d700000| Untracked 
| 216|0x000000008d800000, 0x000000008d800000, 0x000000008d900000|  0%| F|  |TAMS 0x000000008d800000, 0x000000008d800000| Untracked 
| 217|0x000000008d900000, 0x000000008d900000, 0x000000008da00000|  0%| F|  |TAMS 0x000000008d900000, 0x000000008d900000| Untracked 
| 218|0x000000008da00000, 0x000000008da00000, 0x000000008db00000|  0%| F|  |TAMS 0x000000008da00000, 0x000000008da00000| Untracked 
| 219|0x000000008db00000, 0x000000008db00000, 0x000000008dc00000|  0%| F|  |TAMS 0x000000008db00000, 0x000000008db00000| Untracked 
| 220|0x000000008dc00000, 0x000000008dc00000, 0x000000008dd00000|  0%| F|  |TAMS 0x000000008dc00000, 0x000000008dc00000| Untracked 
| 221|0x000000008dd00000, 0x000000008dd00000, 0x000000008de00000|  0%| F|  |TAMS 0x000000008dd00000, 0x000000008dd00000| Untracked 
| 222|0x000000008de00000, 0x000000008de00000, 0x000000008df00000|  0%| F|  |TAMS 0x000000008de00000, 0x000000008de00000| Untracked 
| 223|0x000000008df00000, 0x000000008df00000, 0x000000008e000000|  0%| F|  |TAMS 0x000000008df00000, 0x000000008df00000| Untracked 
| 224|0x000000008e000000, 0x000000008e000000, 0x000000008e100000|  0%| F|  |TAMS 0x000000008e000000, 0x000000008e000000| Untracked 
| 225|0x000000008e100000, 0x000000008e100000, 0x000000008e200000|  0%| F|  |TAMS 0x000000008e100000, 0x000000008e100000| Untracked 
| 226|0x000000008e200000, 0x000000008e200000, 0x000000008e300000|  0%| F|  |TAMS 0x000000008e200000, 0x000000008e200000| Untracked 
| 227|0x000000008e300000, 0x000000008e300000, 0x000000008e400000|  0%| F|  |TAMS 0x000000008e300000, 0x000000008e300000| Untracked 
| 228|0x000000008e400000, 0x000000008e400000, 0x000000008e500000|  0%| F|  |TAMS 0x000000008e400000, 0x000000008e400000| Untracked 
| 229|0x000000008e500000, 0x000000008e500000, 0x000000008e600000|  0%| F|  |TAMS 0x000000008e500000, 0x000000008e500000| Untracked 
| 230|0x000000008e600000, 0x000000008e600000, 0x000000008e700000|  0%| F|  |TAMS 0x000000008e600000, 0x000000008e600000| Untracked 
| 231|0x000000008e700000, 0x000000008e700000, 0x000000008e800000|  0%| F|  |TAMS 0x000000008e700000, 0x000000008e700000| Untracked 
| 232|0x000000008e800000, 0x000000008e800000, 0x000000008e900000|  0%| F|  |TAMS 0x000000008e800000, 0x000000008e800000| Untracked 
| 233|0x000000008e900000, 0x000000008e900000, 0x000000008ea00000|  0%| F|  |TAMS 0x000000008e900000, 0x000000008e900000| Untracked 
| 234|0x000000008ea00000, 0x000000008ea00000, 0x000000008eb00000|  0%| F|  |TAMS 0x000000008ea00000, 0x000000008ea00000| Untracked 
| 235|0x000000008eb00000, 0x000000008eb00000, 0x000000008ec00000|  0%| F|  |TAMS 0x000000008eb00000, 0x000000008eb00000| Untracked 
| 236|0x000000008ec00000, 0x000000008ec00000, 0x000000008ed00000|  0%| F|  |TAMS 0x000000008ec00000, 0x000000008ec00000| Untracked 
| 237|0x000000008ed00000, 0x000000008ed00000, 0x000000008ee00000|  0%| F|  |TAMS 0x000000008ed00000, 0x000000008ed00000| Untracked 
| 238|0x000000008ee00000, 0x000000008ee00000, 0x000000008ef00000|  0%| F|  |TAMS 0x000000008ee00000, 0x000000008ee00000| Untracked 
| 239|0x000000008ef00000, 0x000000008ef00000, 0x000000008f000000|  0%| F|  |TAMS 0x000000008ef00000, 0x000000008ef00000| Untracked 
| 240|0x000000008f000000, 0x000000008f000000, 0x000000008f100000|  0%| F|  |TAMS 0x000000008f000000, 0x000000008f000000| Untracked 
| 241|0x000000008f100000, 0x000000008f100000, 0x000000008f200000|  0%| F|  |TAMS 0x000000008f100000, 0x000000008f100000| Untracked 
| 242|0x000000008f200000, 0x000000008f200000, 0x000000008f300000|  0%| F|  |TAMS 0x000000008f200000, 0x000000008f200000| Untracked 
| 243|0x000000008f300000, 0x000000008f300000, 0x000000008f400000|  0%| F|  |TAMS 0x000000008f300000, 0x000000008f300000| Untracked 
| 244|0x000000008f400000, 0x000000008f400000, 0x000000008f500000|  0%| F|  |TAMS 0x000000008f400000, 0x000000008f400000| Untracked 
| 245|0x000000008f500000, 0x000000008f500000, 0x000000008f600000|  0%| F|  |TAMS 0x000000008f500000, 0x000000008f500000| Untracked 
| 246|0x000000008f600000, 0x000000008f600000, 0x000000008f700000|  0%| F|  |TAMS 0x000000008f600000, 0x000000008f600000| Untracked 
| 247|0x000000008f700000, 0x000000008f700000, 0x000000008f800000|  0%| F|  |TAMS 0x000000008f700000, 0x000000008f700000| Untracked 
| 248|0x000000008f800000, 0x000000008f800000, 0x000000008f900000|  0%| F|  |TAMS 0x000000008f800000, 0x000000008f800000| Untracked 
| 249|0x000000008f900000, 0x000000008f900000, 0x000000008fa00000|  0%| F|  |TAMS 0x000000008f900000, 0x000000008f900000| Untracked 
| 250|0x000000008fa00000, 0x000000008fa00000, 0x000000008fb00000|  0%| F|  |TAMS 0x000000008fa00000, 0x000000008fa00000| Untracked 
| 251|0x000000008fb00000, 0x000000008fb00000, 0x000000008fc00000|  0%| F|  |TAMS 0x000000008fb00000, 0x000000008fb00000| Untracked 
| 252|0x000000008fc00000, 0x000000008fc00000, 0x000000008fd00000|  0%| F|  |TAMS 0x000000008fc00000, 0x000000008fc00000| Untracked 
| 253|0x000000008fd00000, 0x000000008fd00000, 0x000000008fe00000|  0%| F|  |TAMS 0x000000008fd00000, 0x000000008fd00000| Untracked 
| 254|0x000000008fe00000, 0x000000008fe00000, 0x000000008ff00000|  0%| F|  |TAMS 0x000000008fe00000, 0x000000008fe00000| Untracked 
| 255|0x000000008ff00000, 0x000000008ff00000, 0x0000000090000000|  0%| F|  |TAMS 0x000000008ff00000, 0x000000008ff00000| Untracked 
| 256|0x0000000090000000, 0x0000000090000000, 0x0000000090100000|  0%| F|  |TAMS 0x0000000090000000, 0x0000000090000000| Untracked 
| 257|0x0000000090100000, 0x0000000090100000, 0x0000000090200000|  0%| F|  |TAMS 0x0000000090100000, 0x0000000090100000| Untracked 
| 258|0x0000000090200000, 0x0000000090200000, 0x0000000090300000|  0%| F|  |TAMS 0x0000000090200000, 0x0000000090200000| Untracked 
| 259|0x0000000090300000, 0x0000000090300000, 0x0000000090400000|  0%| F|  |TAMS 0x0000000090300000, 0x0000000090300000| Untracked 
| 260|0x0000000090400000, 0x0000000090400000, 0x0000000090500000|  0%| F|  |TAMS 0x0000000090400000, 0x0000000090400000| Untracked 
| 261|0x0000000090500000, 0x0000000090500000, 0x0000000090600000|  0%| F|  |TAMS 0x0000000090500000, 0x0000000090500000| Untracked 
| 262|0x0000000090600000, 0x0000000090600000, 0x0000000090700000|  0%| F|  |TAMS 0x0000000090600000, 0x0000000090600000| Untracked 
| 263|0x0000000090700000, 0x0000000090700000, 0x0000000090800000|  0%| F|  |TAMS 0x0000000090700000, 0x0000000090700000| Untracked 
| 264|0x0000000090800000, 0x0000000090800000, 0x0000000090900000|  0%| F|  |TAMS 0x0000000090800000, 0x0000000090800000| Untracked 
| 265|0x0000000090900000, 0x0000000090900000, 0x0000000090a00000|  0%| F|  |TAMS 0x0000000090900000, 0x0000000090900000| Untracked 
| 266|0x0000000090a00000, 0x0000000090a00000, 0x0000000090b00000|  0%| F|  |TAMS 0x0000000090a00000, 0x0000000090a00000| Untracked 
| 267|0x0000000090b00000, 0x0000000090b00000, 0x0000000090c00000|  0%| F|  |TAMS 0x0000000090b00000, 0x0000000090b00000| Untracked 
| 268|0x0000000090c00000, 0x0000000090c00000, 0x0000000090d00000|  0%| F|  |TAMS 0x0000000090c00000, 0x0000000090c00000| Untracked 
| 269|0x0000000090d00000, 0x0000000090d00000, 0x0000000090e00000|  0%| F|  |TAMS 0x0000000090d00000, 0x0000000090d00000| Untracked 
| 270|0x0000000090e00000, 0x0000000090e00000, 0x0000000090f00000|  0%| F|  |TAMS 0x0000000090e00000, 0x0000000090e00000| Untracked 
| 271|0x0000000090f00000, 0x0000000090f00000, 0x0000000091000000|  0%| F|  |TAMS 0x0000000090f00000, 0x0000000090f00000| Untracked 
| 272|0x0000000091000000, 0x0000000091000000, 0x0000000091100000|  0%| F|  |TAMS 0x0000000091000000, 0x0000000091000000| Untracked 
| 273|0x0000000091100000, 0x0000000091100000, 0x0000000091200000|  0%| F|  |TAMS 0x0000000091100000, 0x0000000091100000| Untracked 
| 274|0x0000000091200000, 0x0000000091200000, 0x0000000091300000|  0%| F|  |TAMS 0x0000000091200000, 0x0000000091200000| Untracked 
| 275|0x0000000091300000, 0x0000000091300000, 0x0000000091400000|  0%| F|  |TAMS 0x0000000091300000, 0x0000000091300000| Untracked 
| 276|0x0000000091400000, 0x0000000091400000, 0x0000000091500000|  0%| F|  |TAMS 0x0000000091400000, 0x0000000091400000| Untracked 
| 277|0x0000000091500000, 0x00000000915f99f0, 0x0000000091600000| 97%| S|CS|TAMS 0x0000000091500000, 0x0000000091500000| Complete 
| 278|0x0000000091600000, 0x0000000091700000, 0x0000000091700000|100%| S|CS|TAMS 0x0000000091600000, 0x0000000091600000| Complete 
| 279|0x0000000091700000, 0x0000000091800000, 0x0000000091800000|100%| S|CS|TAMS 0x0000000091700000, 0x0000000091700000| Complete 
| 280|0x0000000091800000, 0x0000000091800000, 0x0000000091900000|  0%| F|  |TAMS 0x0000000091800000, 0x0000000091800000| Untracked 
| 281|0x0000000091900000, 0x0000000091900000, 0x0000000091a00000|  0%| F|  |TAMS 0x0000000091900000, 0x0000000091900000| Untracked 
| 282|0x0000000091a00000, 0x0000000091a00000, 0x0000000091b00000|  0%| F|  |TAMS 0x0000000091a00000, 0x0000000091a00000| Untracked 
| 283|0x0000000091b00000, 0x0000000091b00000, 0x0000000091c00000|  0%| F|  |TAMS 0x0000000091b00000, 0x0000000091b00000| Untracked 
| 284|0x0000000091c00000, 0x0000000091c00000, 0x0000000091d00000|  0%| F|  |TAMS 0x0000000091c00000, 0x0000000091c00000| Untracked 
| 285|0x0000000091d00000, 0x0000000091d00000, 0x0000000091e00000|  0%| F|  |TAMS 0x0000000091d00000, 0x0000000091d00000| Untracked 
| 286|0x0000000091e00000, 0x0000000091e00000, 0x0000000091f00000|  0%| F|  |TAMS 0x0000000091e00000, 0x0000000091e00000| Untracked 
| 287|0x0000000091f00000, 0x0000000091f00000, 0x0000000092000000|  0%| F|  |TAMS 0x0000000091f00000, 0x0000000091f00000| Untracked 
| 288|0x0000000092000000, 0x0000000092000000, 0x0000000092100000|  0%| F|  |TAMS 0x0000000092000000, 0x0000000092000000| Untracked 
| 289|0x0000000092100000, 0x0000000092100000, 0x0000000092200000|  0%| F|  |TAMS 0x0000000092100000, 0x0000000092100000| Untracked 
| 290|0x0000000092200000, 0x0000000092200000, 0x0000000092300000|  0%| F|  |TAMS 0x0000000092200000, 0x0000000092200000| Untracked 
| 291|0x0000000092300000, 0x0000000092300000, 0x0000000092400000|  0%| F|  |TAMS 0x0000000092300000, 0x0000000092300000| Untracked 

Card table byte_map: [0x000001f1f3140000,0x000001f1f3540000] _byte_map_base: 0x000001f1f2d40000

Marking Bits (Prev, Next): (CMBitMap*) 0x000001f1e09047f0, (CMBitMap*) 0x000001f1e09047b0
 Prev Bits: [0x000001f1f5940000, 0x000001f1f7940000)
 Next Bits: [0x000001f1f3940000, 0x000001f1f5940000)

Polling page: 0x000001f1dea00000

Metaspace:

Usage:
  Non-class:     78.57 MB used.
      Class:     12.49 MB used.
       Both:     91.07 MB used.

Virtual space:
  Non-class space:       80.00 MB reserved,      78.94 MB ( 99%) committed,  10 nodes.
      Class space:        1.00 GB reserved,      12.81 MB (  1%) committed,  1 nodes.
             Both:        1.08 GB reserved,      91.75 MB (  8%) committed. 

Chunk freelists:
   Non-Class:  837.00 KB
       Class:  3.12 MB
        Both:  3.94 MB

MaxMetaspaceSize: unlimited
CompressedClassSpaceSize: 1.00 GB
Initial GC threshold: 21.00 MB
Current GC threshold: 152.94 MB
CDS: off
MetaspaceReclaimPolicy: balanced
 - commit_granule_bytes: 65536.
 - commit_granule_words: 8192.
 - virtual_space_node_default_size: 1048576.
 - enlarge_chunks_in_place: 1.
 - new_chunks_are_fully_committed: 0.
 - uncommit_free_chunks: 1.
 - use_allocation_guard: 0.
 - handle_deallocations: 1.


Internal statistics:

num_allocs_failed_limit: 3.
num_arena_births: 1024.
num_arena_deaths: 0.
num_vsnodes_births: 11.
num_vsnodes_deaths: 0.
num_space_committed: 1468.
num_space_uncommitted: 0.
num_chunks_returned_to_freelist: 3.
num_chunks_taken_from_freelist: 4507.
num_chunk_merges: 3.
num_chunk_splits: 2991.
num_chunks_enlarged: 1988.
num_purges: 0.
num_inconsistent_stats: 0.

CodeHeap 'non-profiled nmethods': size=120000Kb used=5620Kb max_used=5748Kb free=114379Kb
 bounds [0x000001f1eb810000, 0x000001f1ebdb0000, 0x000001f1f2d40000]
CodeHeap 'profiled nmethods': size=120000Kb used=16534Kb max_used=18685Kb free=103465Kb
 bounds [0x000001f1e3d40000, 0x000001f1e4f80000, 0x000001f1eb270000]
CodeHeap 'non-nmethods': size=5760Kb used=2397Kb max_used=2501Kb free=3362Kb
 bounds [0x000001f1eb270000, 0x000001f1eb4f0000, 0x000001f1eb810000]
 total_blobs=9577 nmethods=8640 adapters=849
 compilation: enabled
              stopped_count=0, restarted_count=0
 full_count=0

Compilation events (20 events):
Event: 190.785 Thread 0x000001f1fa874ab0 10308       4       com.google.common.cache.LocalCache$Segment::enqueueNotification (67 bytes)
Event: 190.789 Thread 0x000001f1fa874ab0 nmethod 10308 0x000001f1ebbcbc10 code [0x000001f1ebbcbda0, 0x000001f1ebbcbed8]
Event: 192.242 Thread 0x000001f1fa874ab0 10309       4       sun.nio.fs.WindowsNativeDispatcher::asNativeBuffer (103 bytes)
Event: 192.309 Thread 0x000001f1fa874ab0 nmethod 10309 0x000001f1eba8be10 code [0x000001f1eba8c020, 0x000001f1eba8cb00]
Event: 192.723 Thread 0x000001f1fa874ab0 10310       4       java.util.AbstractCollection::remove (67 bytes)
Event: 192.768 Thread 0x000001f1fa874ab0 nmethod 10310 0x000001f1eb965e10 code [0x000001f1eb965fe0, 0x000001f1eb966848]
Event: 192.945 Thread 0x000001f1fa874ab0 10311       4       com.google.common.cache.LocalCache$Segment::copyEntry (81 bytes)
Event: 193.001 Thread 0x000001f1fa874ab0 nmethod 10311 0x000001f1eba8a610 code [0x000001f1eba8a820, 0x000001f1eba8b778]
Event: 193.002 Thread 0x000001f1fa874ab0 10312       4       com.google.common.cache.LocalCache$EntryFactory::copyEntry (19 bytes)
Event: 193.023 Thread 0x000001f1fa874ab0 nmethod 10312 0x000001f1eb9dda10 code [0x000001f1eb9ddbc0, 0x000001f1eb9de238]
Event: 193.308 Thread 0x000001f1fa874ab0 10313       4       com.google.common.cache.LocalCache$AccessQueue::iterator (13 bytes)
Event: 193.321 Thread 0x000001f1fa874ab0 nmethod 10313 0x000001f1eba8a010 code [0x000001f1eba8a1a0, 0x000001f1eba8a418]
Event: 194.012 Thread 0x000001f1fa8832f0 10314       3       java.util.concurrent.ScheduledThreadPoolExecutor$ScheduledFutureTask::isPeriodic (15 bytes)
Event: 194.012 Thread 0x000001f1fa8832f0 nmethod 10314 0x000001f1e3f94d90 code [0x000001f1e3f94f20, 0x000001f1e3f95098]
Event: 194.061 Thread 0x000001f1fa874ab0 10315       4       com.google.common.collect.AbstractSequentialIterator::hasNext (13 bytes)
Event: 194.062 Thread 0x000001f1fa874ab0 nmethod 10315 0x000001f1ebd61310 code [0x000001f1ebd61480, 0x000001f1ebd61518]
Event: 194.635 Thread 0x000001f1fa874ab0 10316   !   4       org.gradle.launcher.daemon.server.exec.DaemonConnectionBackedEventConsumer$ForwardEvents::getNextEvent (27 bytes)
Event: 194.639 Thread 0x000001f1fa874ab0 nmethod 10316 0x000001f1eba21d10 code [0x000001f1eba21ea0, 0x000001f1eba21fa8]
Event: 194.853 Thread 0x000001f1fa8832f0 10317       1       com.google.common.collect.RegularImmutableSortedSet::unsafeComparator (5 bytes)
Event: 194.854 Thread 0x000001f1fa8832f0 nmethod 10317 0x000001f1eba21890 code [0x000001f1eba21a20, 0x000001f1eba21af8]

GC Heap History (20 events):
Event: 138.900 GC heap after
{Heap after GC invocations=51 (full 0):
 garbage-first heap   total 283648K, used 159543K [0x0000000080000000, 0x0000000100000000)
  region size 1024K, 2 young (2048K), 2 survivors (2048K)
 Metaspace       used 93166K, committed 93952K, reserved 1130496K
  class space    used 12776K, committed 13120K, reserved 1048576K
}
Event: 147.356 GC heap before
{Heap before GC invocations=51 (full 0):
 garbage-first heap   total 283648K, used 224055K [0x0000000080000000, 0x0000000100000000)
  region size 1024K, 66 young (67584K), 2 survivors (2048K)
 Metaspace       used 93203K, committed 93952K, reserved 1130496K
  class space    used 12777K, committed 13120K, reserved 1048576K
}
Event: 147.390 GC heap after
{Heap after GC invocations=52 (full 0):
 garbage-first heap   total 283648K, used 165481K [0x0000000080000000, 0x0000000100000000)
  region size 1024K, 8 young (8192K), 8 survivors (8192K)
 Metaspace       used 93203K, committed 93952K, reserved 1130496K
  class space    used 12777K, committed 13120K, reserved 1048576K
}
Event: 153.639 GC heap before
{Heap before GC invocations=53 (full 0):
 garbage-first heap   total 286720K, used 225897K [0x0000000080000000, 0x0000000100000000)
  region size 1024K, 69 young (70656K), 8 survivors (8192K)
 Metaspace       used 93204K, committed 93952K, reserved 1130496K
  class space    used 12777K, committed 13120K, reserved 1048576K
}
Event: 153.676 GC heap after
{Heap after GC invocations=54 (full 0):
 garbage-first heap   total 286720K, used 165993K [0x0000000080000000, 0x0000000100000000)
  region size 1024K, 5 young (5120K), 5 survivors (5120K)
 Metaspace       used 93204K, committed 93952K, reserved 1130496K
  class space    used 12777K, committed 13120K, reserved 1048576K
}
Event: 154.795 GC heap before
{Heap before GC invocations=54 (full 0):
 garbage-first heap   total 286720K, used 175209K [0x0000000080000000, 0x0000000100000000)
  region size 1024K, 14 young (14336K), 5 survivors (5120K)
 Metaspace       used 93204K, committed 93952K, reserved 1130496K
  class space    used 12777K, committed 13120K, reserved 1048576K
}
Event: 154.822 GC heap after
{Heap after GC invocations=55 (full 0):
 garbage-first heap   total 286720K, used 163835K [0x0000000080000000, 0x0000000100000000)
  region size 1024K, 2 young (2048K), 2 survivors (2048K)
 Metaspace       used 93204K, committed 93952K, reserved 1130496K
  class space    used 12777K, committed 13120K, reserved 1048576K
}
Event: 162.832 GC heap before
{Heap before GC invocations=55 (full 0):
 garbage-first heap   total 286720K, used 233467K [0x0000000080000000, 0x0000000100000000)
  region size 1024K, 70 young (71680K), 2 survivors (2048K)
 Metaspace       used 93206K, committed 93952K, reserved 1130496K
  class space    used 12777K, committed 13120K, reserved 1048576K
}
Event: 162.853 GC heap after
{Heap after GC invocations=56 (full 0):
 garbage-first heap   total 286720K, used 166672K [0x0000000080000000, 0x0000000100000000)
  region size 1024K, 5 young (5120K), 5 survivors (5120K)
 Metaspace       used 93206K, committed 93952K, reserved 1130496K
  class space    used 12777K, committed 13120K, reserved 1048576K
}
Event: 175.128 GC heap before
{Heap before GC invocations=57 (full 0):
 garbage-first heap   total 286720K, used 236304K [0x0000000080000000, 0x0000000100000000)
  region size 1024K, 73 young (74752K), 5 survivors (5120K)
 Metaspace       used 93213K, committed 93952K, reserved 1130496K
  class space    used 12779K, committed 13120K, reserved 1048576K
}
Event: 175.162 GC heap after
{Heap after GC invocations=58 (full 0):
 garbage-first heap   total 286720K, used 169161K [0x0000000080000000, 0x0000000100000000)
  region size 1024K, 8 young (8192K), 8 survivors (8192K)
 Metaspace       used 93213K, committed 93952K, reserved 1130496K
  class space    used 12779K, committed 13120K, reserved 1048576K
}
Event: 175.559 GC heap before
{Heap before GC invocations=58 (full 0):
 garbage-first heap   total 286720K, used 175305K [0x0000000080000000, 0x0000000100000000)
  region size 1024K, 14 young (14336K), 8 survivors (8192K)
 Metaspace       used 93213K, committed 93952K, reserved 1130496K
  class space    used 12779K, committed 13120K, reserved 1048576K
}
Event: 175.593 GC heap after
{Heap after GC invocations=59 (full 0):
 garbage-first heap   total 286720K, used 168488K [0x0000000080000000, 0x0000000100000000)
  region size 1024K, 2 young (2048K), 2 survivors (2048K)
 Metaspace       used 93213K, committed 93952K, reserved 1130496K
  class space    used 12779K, committed 13120K, reserved 1048576K
}
Event: 185.268 GC heap before
{Heap before GC invocations=59 (full 0):
 garbage-first heap   total 286720K, used 238120K [0x0000000080000000, 0x0000000100000000)
  region size 1024K, 70 young (71680K), 2 survivors (2048K)
 Metaspace       used 93213K, committed 93952K, reserved 1130496K
  class space    used 12779K, committed 13120K, reserved 1048576K
}
Event: 185.295 GC heap after
{Heap after GC invocations=60 (full 0):
 garbage-first heap   total 286720K, used 171243K [0x0000000080000000, 0x0000000100000000)
  region size 1024K, 5 young (5120K), 5 survivors (5120K)
 Metaspace       used 93213K, committed 93952K, reserved 1130496K
  class space    used 12779K, committed 13120K, reserved 1048576K
}
Event: 193.202 GC heap before
{Heap before GC invocations=61 (full 0):
 garbage-first heap   total 299008K, used 239851K [0x0000000080000000, 0x0000000100000000)
  region size 1024K, 72 young (73728K), 5 survivors (5120K)
 Metaspace       used 93215K, committed 93952K, reserved 1130496K
  class space    used 12779K, committed 13120K, reserved 1048576K
}
Event: 193.235 GC heap after
{Heap after GC invocations=62 (full 0):
 garbage-first heap   total 299008K, used 173415K [0x0000000080000000, 0x0000000100000000)
  region size 1024K, 7 young (7168K), 7 survivors (7168K)
 Metaspace       used 93215K, committed 93952K, reserved 1130496K
  class space    used 12779K, committed 13120K, reserved 1048576K
}
Event: 193.871 GC heap before
{Heap before GC invocations=62 (full 0):
 garbage-first heap   total 299008K, used 180583K [0x0000000080000000, 0x0000000100000000)
  region size 1024K, 14 young (14336K), 7 survivors (7168K)
 Metaspace       used 93215K, committed 93952K, reserved 1130496K
  class space    used 12779K, committed 13120K, reserved 1048576K
}
Event: 193.919 GC heap after
{Heap after GC invocations=63 (full 0):
 garbage-first heap   total 299008K, used 172063K [0x0000000080000000, 0x0000000100000000)
  region size 1024K, 2 young (2048K), 2 survivors (2048K)
 Metaspace       used 93215K, committed 93952K, reserved 1130496K
  class space    used 12779K, committed 13120K, reserved 1048576K
}
Event: 194.876 GC heap before
{Heap before GC invocations=63 (full 0):
 garbage-first heap   total 299008K, used 181279K [0x0000000080000000, 0x0000000100000000)
  region size 1024K, 12 young (12288K), 2 survivors (2048K)
 Metaspace       used 93250K, committed 93952K, reserved 1130496K
  class space    used 12790K, committed 13120K, reserved 1048576K
}

Dll operation events (2 events):
Event: 0.031 Loaded shared library C:\Program Files\Android\Android Studio\jbr\bin\java.dll
Event: 2.832 Loaded shared library C:\Program Files\Android\Android Studio\jbr\bin\verify.dll

Deoptimization events (20 events):
Event: 159.553 Thread 0x000001f1fb11d080 Uncommon trap: trap_request=0xffffff45 fr.pc=0x000001f1ebb19864 relative=0x0000000000000e04
Event: 159.553 Thread 0x000001f1fb11d080 Uncommon trap: reason=unstable_if action=reinterpret pc=0x000001f1ebb19864 method=java.math.BigInteger.makePositive([BII)[I @ 40 c2
Event: 159.553 Thread 0x000001f1fb11d080 DEOPT PACKING pc=0x000001f1ebb19864 sp=0x00000031a3dfec70
Event: 159.553 Thread 0x000001f1fb11d080 DEOPT UNPACKING pc=0x000001f1eb2c69a3 sp=0x00000031a3dfeb88 mode 2
Event: 185.186 Thread 0x000001f1fb230ba0 Uncommon trap: trap_request=0xffffff45 fr.pc=0x000001f1ebd89f88 relative=0x0000000000001008
Event: 185.186 Thread 0x000001f1fb230ba0 Uncommon trap: reason=unstable_if action=reinterpret pc=0x000001f1ebd89f88 method=org.gradle.internal.snapshot.ChildMapFactory.childMapFromSorted(Ljava/util/List;)Lorg/gradle/internal/snapshot/ChildMap; @ 8 c2
Event: 185.186 Thread 0x000001f1fb230ba0 DEOPT PACKING pc=0x000001f1ebd89f88 sp=0x00000031a6dfbde0
Event: 185.187 Thread 0x000001f1fb230ba0 DEOPT UNPACKING pc=0x000001f1eb2c69a3 sp=0x00000031a6dfbd20 mode 2
Event: 194.818 Thread 0x000001f1fb230ba0 Uncommon trap: trap_request=0xffffffde fr.pc=0x000001f1eba4a1d8 relative=0x0000000000000378
Event: 194.818 Thread 0x000001f1fb230ba0 Uncommon trap: reason=class_check action=maybe_recompile pc=0x000001f1eba4a1d8 method=org.gradle.internal.snapshot.impl.DirectorySnapshotterStatistics$CollectingFileVisitor.postVisitDirectory(Ljava/lang/Object;Ljava/io/IOException;)Ljava/nio/file/FileVisi
Event: 194.818 Thread 0x000001f1fb230ba0 DEOPT PACKING pc=0x000001f1eba4a1d8 sp=0x00000031a6dfbfc0
Event: 194.818 Thread 0x000001f1fb230ba0 DEOPT UNPACKING pc=0x000001f1eb2c69a3 sp=0x00000031a6dfbf98 mode 2
Event: 194.853 Thread 0x000001f1fb230ba0 Uncommon trap: trap_request=0xffffffde fr.pc=0x000001f1eb873b68 relative=0x0000000000000d68
Event: 194.853 Thread 0x000001f1fb230ba0 Uncommon trap: reason=class_check action=maybe_recompile pc=0x000001f1eb873b68 method=org.gradle.internal.snapshot.SnapshotUtil$1.handleAsDescendantOfChild(Lorg/gradle/internal/snapshot/VfsRelativePath;Ljava/lang/Object;)Ljava/lang/Object; @ 3 c2
Event: 194.853 Thread 0x000001f1fb230ba0 DEOPT PACKING pc=0x000001f1eb873b68 sp=0x00000031a6dfd000
Event: 194.854 Thread 0x000001f1fb230ba0 DEOPT UNPACKING pc=0x000001f1eb2c69a3 sp=0x00000031a6dfcf70 mode 2
Event: 194.855 Thread 0x000001f1fb230ba0 Uncommon trap: trap_request=0xffffff76 fr.pc=0x000001f1ebbb9500 relative=0x0000000000001420
Event: 194.856 Thread 0x000001f1fb230ba0 Uncommon trap: reason=predicate action=maybe_recompile pc=0x000001f1ebbb9500 method=java.util.TimSort.binarySort([Ljava/lang/Object;IIILjava/util/Comparator;)V @ 34 c2
Event: 194.856 Thread 0x000001f1fb230ba0 DEOPT PACKING pc=0x000001f1ebbb9500 sp=0x00000031a6dfd7f0
Event: 194.856 Thread 0x000001f1fb230ba0 DEOPT UNPACKING pc=0x000001f1eb2c69a3 sp=0x00000031a6dfd6f8 mode 2

Classes unloaded (0 events):
No events

Classes redefined (0 events):
No events

Internal exceptions (20 events):
Event: 136.016 Thread 0x000001f1fb6c20b0 Exception <a 'java/lang/ClassNotFoundException'{0x000000008dffb418}: org/gradle/internal/extensibility/ExtensionsStorage$ExtensionHolderBeanInfo> (0x000000008dffb418) 
thrown [s\src\hotspot\share\classfile\systemDictionary.cpp, line 256]
Event: 136.018 Thread 0x000001f1fb6c20b0 Exception <a 'java/lang/ClassNotFoundException'{0x000000008de03cf0}: org/gradle/internal/extensibility/ExtensionsStorage$ExtensionHolderCustomizer> (0x000000008de03cf0) 
thrown [s\src\hotspot\share\classfile\systemDictionary.cpp, line 256]
Event: 136.490 Thread 0x000001f1fb6c20b0 Exception <a 'java/lang/ClassNotFoundException'{0x000000008de60ad0}: org/gradle/internal/service/scopes/ProjectScopeServicesBeanInfo> (0x000000008de60ad0) 
thrown [s\src\hotspot\share\classfile\systemDictionary.cpp, line 256]
Event: 136.492 Thread 0x000001f1fb6c20b0 Exception <a 'java/lang/ClassNotFoundException'{0x000000008de68de8}: org/gradle/internal/service/scopes/ProjectScopeServicesCustomizer> (0x000000008de68de8) 
thrown [s\src\hotspot\share\classfile\systemDictionary.cpp, line 256]
Event: 136.503 Thread 0x000001f1fb6c20b0 Exception <a 'java/lang/ClassNotFoundException'{0x000000008dd0fc10}: org/gradle/api/internal/catalog/DefaultDependenciesAccessorsBeanInfo> (0x000000008dd0fc10) 
thrown [s\src\hotspot\share\classfile\systemDictionary.cpp, line 256]
Event: 136.506 Thread 0x000001f1fb6c20b0 Exception <a 'java/lang/ClassNotFoundException'{0x000000008dd19b58}: org/gradle/api/internal/catalog/DefaultDependenciesAccessorsCustomizer> (0x000000008dd19b58) 
thrown [s\src\hotspot\share\classfile\systemDictionary.cpp, line 256]
Event: 136.516 Thread 0x000001f1fb6c20b0 Exception <a 'java/lang/ClassNotFoundException'{0x000000008dd3b730}: org/gradle/internal/classpath/DefaultClassPathBeanInfo> (0x000000008dd3b730) 
thrown [s\src\hotspot\share\classfile\systemDictionary.cpp, line 256]
Event: 136.518 Thread 0x000001f1fb6c20b0 Exception <a 'java/lang/ClassNotFoundException'{0x000000008dd437d0}: org/gradle/internal/classpath/DefaultClassPathCustomizer> (0x000000008dd437d0) 
thrown [s\src\hotspot\share\classfile\systemDictionary.cpp, line 256]
Event: 136.571 Thread 0x000001f1fb6c20b0 Exception <a 'java/lang/ClassNotFoundException'{0x000000008dc59890}: org/gradle/internal/classpath/DefaultClassPath$ImmutableUniqueListBeanInfo> (0x000000008dc59890) 
thrown [s\src\hotspot\share\classfile\systemDictionary.cpp, line 256]
Event: 136.572 Thread 0x000001f1fb6c20b0 Exception <a 'java/lang/ClassNotFoundException'{0x000000008dc5de00}: java/util/AbstractListBeanInfo> (0x000000008dc5de00) 
thrown [s\src\hotspot\share\classfile\systemDictionary.cpp, line 256]
Event: 136.573 Thread 0x000001f1fb6c20b0 Exception <a 'java/lang/ClassNotFoundException'{0x000000008dc62348}: java/util/AbstractListCustomizer> (0x000000008dc62348) 
thrown [s\src\hotspot\share\classfile\systemDictionary.cpp, line 256]
Event: 136.582 Thread 0x000001f1fb6c20b0 Exception <a 'java/lang/ClassNotFoundException'{0x000000008dc75b68}: org/gradle/internal/classpath/DefaultClassPath$ImmutableUniqueListCustomizer> (0x000000008dc75b68) 
thrown [s\src\hotspot\share\classfile\systemDictionary.cpp, line 256]
Event: 136.603 Thread 0x000001f1fb6c20b0 Exception <a 'java/lang/ClassNotFoundException'{0x000000008dcb8c08}: org/jetbrains/plugins/gradle/model/DefaultDependencyAccessorsModelBeanInfo> (0x000000008dcb8c08) 
thrown [s\src\hotspot\share\classfile\systemDictionary.cpp, line 256]
Event: 136.605 Thread 0x000001f1fb6c20b0 Exception <a 'java/lang/ClassNotFoundException'{0x000000008dcc1018}: org/jetbrains/plugins/gradle/model/DefaultDependencyAccessorsModelCustomizer> (0x000000008dcc1018) 
thrown [s\src\hotspot\share\classfile\systemDictionary.cpp, line 256]
Event: 136.633 Thread 0x000001f1ff839760 Exception <a 'java/lang/NoSuchMethodError'{0x000000008dee91c8}: static Lorg/jetbrains/plugins/gradle/tooling/internal/VersionCatalogsModelImpl;.<clinit>()V> (0x000000008dee91c8) 
thrown [s\src\hotspot\share\prims\jni.cpp, line 1108]
Event: 136.688 Thread 0x000001f1fb6c20b0 Exception <a 'java/lang/ClassNotFoundException'{0x000000008d949568}: org/gradle/api/internal/tasks/DefaultSourceSetContainer_DecoratedBeanInfo> (0x000000008d949568) 
thrown [s\src\hotspot\share\classfile\systemDictionary.cpp, line 256]
Event: 136.689 Thread 0x000001f1fb6c20b0 Exception <a 'java/lang/ClassNotFoundException'{0x000000008d953458}: org/gradle/api/internal/tasks/DefaultSourceSetContainerBeanInfo> (0x000000008d953458) 
thrown [s\src\hotspot\share\classfile\systemDictionary.cpp, line 256]
Event: 136.691 Thread 0x000001f1fb6c20b0 Exception <a 'java/lang/ClassNotFoundException'{0x000000008d95d368}: org/gradle/api/internal/tasks/DefaultSourceSetContainerCustomizer> (0x000000008d95d368) 
thrown [s\src\hotspot\share\classfile\systemDictionary.cpp, line 256]
Event: 136.695 Thread 0x000001f1fb6c20b0 Exception <a 'java/lang/ClassNotFoundException'{0x000000008d972aa8}: org/gradle/api/internal/tasks/DefaultSourceSetContainer_DecoratedCustomizer> (0x000000008d972aa8) 
thrown [s\src\hotspot\share\classfile\systemDictionary.cpp, line 256]
Event: 137.612 Thread 0x000001f1fb230ba0 Exception <a 'java/lang/NoSuchMethodError'{0x000000008d214ae0}: 'java.lang.Object java.lang.invoke.DirectMethodHandle$Holder.invokeSpecialIFC(java.lang.Object, java.lang.Object, java.lang.Object)'> (0x000000008d214ae0) 
thrown [s\src\hotspot\share\interpreter\linkResolver.cpp, line 771]

VM Operations (20 events):
Event: 168.778 Executing VM operation: Cleanup done
Event: 175.128 Executing VM operation: G1CollectForAllocation
Event: 175.162 Executing VM operation: G1CollectForAllocation done
Event: 175.558 Executing VM operation: G1CollectForAllocation
Event: 175.593 Executing VM operation: G1CollectForAllocation done
Event: 178.623 Executing VM operation: Cleanup
Event: 178.623 Executing VM operation: Cleanup done
Event: 185.268 Executing VM operation: G1CollectForAllocation
Event: 185.295 Executing VM operation: G1CollectForAllocation done
Event: 186.022 Executing VM operation: G1Concurrent
Event: 186.047 Executing VM operation: G1Concurrent done
Event: 186.369 Executing VM operation: G1Concurrent
Event: 186.370 Executing VM operation: G1Concurrent done
Event: 191.435 Executing VM operation: Cleanup
Event: 191.436 Executing VM operation: Cleanup done
Event: 193.201 Executing VM operation: G1CollectForAllocation
Event: 193.239 Executing VM operation: G1CollectForAllocation done
Event: 193.871 Executing VM operation: G1CollectForAllocation
Event: 193.919 Executing VM operation: G1CollectForAllocation done
Event: 194.876 Executing VM operation: G1TryInitiateConcMark

Events (20 events):
Event: 142.086 Thread 0x000001f1fa8947c0 flushing nmethod 0x000001f1e4d08390
Event: 142.086 Thread 0x000001f1fa8947c0 flushing nmethod 0x000001f1e4d09010
Event: 142.086 Thread 0x000001f1fa8947c0 flushing nmethod 0x000001f1e4d4f990
Event: 142.087 Thread 0x000001f1fa8947c0 flushing nmethod 0x000001f1e4d69890
Event: 142.087 Thread 0x000001f1fa8947c0 flushing nmethod 0x000001f1e4d6c890
Event: 142.087 Thread 0x000001f1fa8947c0 flushing nmethod 0x000001f1e4d80790
Event: 142.087 Thread 0x000001f1fa8947c0 flushing nmethod 0x000001f1e4d83190
Event: 142.087 Thread 0x000001f1fa8947c0 flushing nmethod 0x000001f1e4d97a10
Event: 142.088 Thread 0x000001f1fa8947c0 flushing nmethod 0x000001f1e4e1d390
Event: 142.088 Thread 0x000001f1fa8947c0 flushing nmethod 0x000001f1e4e43f90
Event: 142.089 Thread 0x000001f1fa8947c0 flushing nmethod 0x000001f1e4e7b210
Event: 142.089 Thread 0x000001f1fa8947c0 flushing nmethod 0x000001f1e4e93f90
Event: 142.089 Thread 0x000001f1fa8947c0 flushing nmethod 0x000001f1e4ea5e10
Event: 142.089 Thread 0x000001f1fa8947c0 flushing nmethod 0x000001f1e4ea6410
Event: 142.090 Thread 0x000001f1fa8947c0 flushing nmethod 0x000001f1e4f43610
Event: 142.090 Thread 0x000001f1fa8947c0 flushing nmethod 0x000001f1e4f43d90
Event: 142.090 Thread 0x000001f1fa8947c0 flushing nmethod 0x000001f1e4f44490
Event: 142.090 Thread 0x000001f1fa8947c0 flushing nmethod 0x000001f1e4f45f10
Event: 142.090 Thread 0x000001f1fa8947c0 flushing nmethod 0x000001f1e4f57210
Event: 191.342 Thread 0x000001f1ff836c10 Thread exited: 0x000001f1ff836c10


Dynamic libraries:
0x00007ff7da100000 - 0x00007ff7da10a000 	C:\Program Files\Android\Android Studio\jbr\bin\java.exe
0x00007ff90e030000 - 0x00007ff90e228000 	C:\WINDOWS\SYSTEM32\ntdll.dll
0x00007ff90c2f0000 - 0x00007ff90c3af000 	C:\WINDOWS\System32\KERNEL32.DLL
0x00007ff90ba60000 - 0x00007ff90bd32000 	C:\WINDOWS\System32\KERNELBASE.dll
0x00007ff90bf50000 - 0x00007ff90c050000 	C:\WINDOWS\System32\ucrtbase.dll
0x00007ff8ff850000 - 0x00007ff8ff867000 	C:\Program Files\Android\Android Studio\jbr\bin\jli.dll
0x00007ff90c940000 - 0x00007ff90cae1000 	C:\WINDOWS\System32\USER32.dll
0x00007ff90b920000 - 0x00007ff90b942000 	C:\WINDOWS\System32\win32u.dll
0x00007ff90d700000 - 0x00007ff90d72b000 	C:\WINDOWS\System32\GDI32.dll
0x00007ff90b950000 - 0x00007ff90ba5f000 	C:\WINDOWS\System32\gdi32full.dll
0x00007ff90b780000 - 0x00007ff90b81d000 	C:\WINDOWS\System32\msvcp_win.dll
0x00007ff8fcc40000 - 0x00007ff8fcc5b000 	C:\Program Files\Android\Android Studio\jbr\bin\VCRUNTIME140.dll
0x00007ff9050e0000 - 0x00007ff90537a000 	C:\WINDOWS\WinSxS\amd64_microsoft.windows.common-controls_6595b64144ccf1df_6.0.19041.1110_none_60b5254171f9507e\COMCTL32.dll
0x00007ff90cdc0000 - 0x00007ff90ce5e000 	C:\WINDOWS\System32\msvcrt.dll
0x00007ff90d650000 - 0x00007ff90d680000 	C:\WINDOWS\System32\IMM32.DLL
0x00007ff90b540000 - 0x00007ff90b571000 	C:\WINDOWS\system32\nvinitx.dll
0x00007ff90caf0000 - 0x00007ff90cb9e000 	C:\WINDOWS\System32\ADVAPI32.dll
0x00007ff90cc50000 - 0x00007ff90ccec000 	C:\WINDOWS\System32\sechost.dll
0x00007ff90c1c0000 - 0x00007ff90c2e4000 	C:\WINDOWS\System32\RPCRT4.dll
0x00007ff90b530000 - 0x00007ff90b53a000 	C:\WINDOWS\SYSTEM32\VERSION.dll
0x000000000f000000 - 0x000000000f006000 	C:\Program Files\NVIDIA Corporation\CoProcManager\_etoured.dll
0x00007ff905c00000 - 0x00007ff905c32000 	C:\Program Files\NVIDIA Corporation\CoProcManager\nvd3d9wrapx.dll
0x00007ff90c3b0000 - 0x00007ff90c818000 	C:\WINDOWS\System32\SETUPAPI.dll
0x00007ff90b730000 - 0x00007ff90b77e000 	C:\WINDOWS\System32\cfgmgr32.dll
0x00007ff90c050000 - 0x00007ff90c077000 	C:\WINDOWS\System32\bcrypt.dll
0x00007ff905bd0000 - 0x00007ff905bf2000 	C:\Program Files\NVIDIA Corporation\CoProcManager\nvdxgiwrapx.dll
0x00007ff8fc900000 - 0x00007ff8fc90c000 	C:\Program Files\Android\Android Studio\jbr\bin\vcruntime140_1.dll
0x00007ff8ea1f0000 - 0x00007ff8ea27d000 	C:\Program Files\Android\Android Studio\jbr\bin\msvcp140.dll
0x00007ff8d4700000 - 0x00007ff8d536e000 	C:\Program Files\Android\Android Studio\jbr\bin\server\jvm.dll
0x00007ff908eb0000 - 0x00007ff908eb9000 	C:\WINDOWS\SYSTEM32\WSOCK32.dll
0x00007ff90ccf0000 - 0x00007ff90cd5b000 	C:\WINDOWS\System32\WS2_32.dll
0x00007ff905510000 - 0x00007ff905537000 	C:\WINDOWS\SYSTEM32\WINMM.dll
0x00007ff9094c0000 - 0x00007ff9094d2000 	C:\WINDOWS\SYSTEM32\kernel.appcore.dll
0x00007ff903ea0000 - 0x00007ff903eaa000 	C:\Program Files\Android\Android Studio\jbr\bin\jimage.dll
0x00007ff900210000 - 0x00007ff9003f4000 	C:\WINDOWS\SYSTEM32\DBGHELP.DLL
0x00007ff900640000 - 0x00007ff900675000 	C:\WINDOWS\SYSTEM32\dbgcore.DLL
0x00007ff90b820000 - 0x00007ff90b8a2000 	C:\WINDOWS\System32\bcryptPrimitives.dll
0x00007ff903c40000 - 0x00007ff903c65000 	C:\Program Files\Android\Android Studio\jbr\bin\java.dll
0x00007ff903c20000 - 0x00007ff903c38000 	C:\Program Files\Android\Android Studio\jbr\bin\zip.dll
0x00007ff90d730000 - 0x00007ff90de75000 	C:\WINDOWS\System32\SHELL32.dll
0x00007ff9097a0000 - 0x00007ff909f32000 	C:\WINDOWS\SYSTEM32\windows.storage.dll
0x00007ff90d1b0000 - 0x00007ff90d505000 	C:\WINDOWS\System32\combase.dll
0x00007ff90b060000 - 0x00007ff90b090000 	C:\WINDOWS\SYSTEM32\Wldp.dll
0x00007ff90cba0000 - 0x00007ff90cc4d000 	C:\WINDOWS\System32\SHCORE.dll
0x00007ff90cd60000 - 0x00007ff90cdb5000 	C:\WINDOWS\System32\shlwapi.dll
0x00007ff90b670000 - 0x00007ff90b68f000 	C:\WINDOWS\SYSTEM32\profapi.dll
0x00007ff903c00000 - 0x00007ff903c19000 	C:\Program Files\Android\Android Studio\jbr\bin\net.dll
0x00007ff9046f0000 - 0x00007ff9047fa000 	C:\WINDOWS\SYSTEM32\WINHTTP.dll
0x00007ff90adc0000 - 0x00007ff90ae2a000 	C:\WINDOWS\system32\mswsock.dll
0x00007ff903be0000 - 0x00007ff903bf6000 	C:\Program Files\Android\Android Studio\jbr\bin\nio.dll
0x00007ff903e80000 - 0x00007ff903e90000 	C:\Program Files\Android\Android Studio\jbr\bin\verify.dll
0x00007ff8f5fb0000 - 0x00007ff8f5fd7000 	C:\Users\Hakim\.gradle\native\68d5fa5c4cc2d200863cafc0d521ce42e7d3e7ee720ec0a83991735586a16f82\windows-amd64\native-platform.dll
0x00007ff8d45b0000 - 0x00007ff8d46f4000 	C:\Users\Hakim\.gradle\native\e376f236ea51e6404a007f0833ffe2c6e607c4080706a723a18a27aeea778392\windows-amd64\native-platform-file-events.dll
0x00007ff903c90000 - 0x00007ff903c99000 	C:\Program Files\Android\Android Studio\jbr\bin\management.dll
0x00007ff901010000 - 0x00007ff90101b000 	C:\Program Files\Android\Android Studio\jbr\bin\management_ext.dll
0x00007ff90c1b0000 - 0x00007ff90c1b8000 	C:\WINDOWS\System32\PSAPI.DLL
0x00007ff90afb0000 - 0x00007ff90afc8000 	C:\WINDOWS\SYSTEM32\CRYPTSP.dll
0x00007ff90a6e0000 - 0x00007ff90a714000 	C:\WINDOWS\system32\rsaenh.dll
0x00007ff90b5a0000 - 0x00007ff90b5ce000 	C:\WINDOWS\SYSTEM32\USERENV.dll
0x00007ff90afd0000 - 0x00007ff90afdc000 	C:\WINDOWS\SYSTEM32\CRYPTBASE.dll
0x00007ff90aab0000 - 0x00007ff90aaeb000 	C:\WINDOWS\SYSTEM32\IPHLPAPI.DLL
0x00007ff90d1a0000 - 0x00007ff90d1a8000 	C:\WINDOWS\System32\NSI.dll
0x00007ff905bb0000 - 0x00007ff905bc7000 	C:\WINDOWS\SYSTEM32\dhcpcsvc6.DLL
0x00007ff905480000 - 0x00007ff90549d000 	C:\WINDOWS\SYSTEM32\dhcpcsvc.DLL
0x00007ff90aaf0000 - 0x00007ff90abbb000 	C:\WINDOWS\SYSTEM32\DNSAPI.dll
0x00007ff903d40000 - 0x00007ff903d47000 	C:\WINDOWS\system32\wshunix.dll

dbghelp: loaded successfully - version: 4.0.5 - missing functions: none
symbol engine: initialized successfully - sym options: 0x614 - pdb path: .;C:\Program Files\Android\Android Studio\jbr\bin;C:\WINDOWS\SYSTEM32;C:\WINDOWS\WinSxS\amd64_microsoft.windows.common-controls_6595b64144ccf1df_6.0.19041.1110_none_60b5254171f9507e;C:\Program Files\NVIDIA Corporation\CoProcManager;C:\Program Files\Android\Android Studio\jbr\bin\server;C:\Users\Hakim\.gradle\native\68d5fa5c4cc2d200863cafc0d521ce42e7d3e7ee720ec0a83991735586a16f82\windows-amd64;C:\Users\Hakim\.gradle\native\e376f236ea51e6404a007f0833ffe2c6e607c4080706a723a18a27aeea778392\windows-amd64

VM Arguments:
jvm_args: --add-opens=java.base/java.util=ALL-UNNAMED --add-opens=java.base/java.lang=ALL-UNNAMED --add-opens=java.base/java.lang.invoke=ALL-UNNAMED --add-opens=java.prefs/java.util.prefs=ALL-UNNAMED --add-opens=java.base/java.nio.charset=ALL-UNNAMED --add-opens=java.base/java.net=ALL-UNNAMED --add-opens=java.base/java.util.concurrent.atomic=ALL-UNNAMED -Xmx2048m -Dfile.encoding=UTF-8 -Duser.country=US -Duser.language=en -Duser.variant 
java_command: org.gradle.launcher.daemon.bootstrap.GradleDaemon 8.0
java_class_path (initial): C:\Users\Hakim\.gradle\wrapper\dists\gradle-8.0-bin\ca5e32bp14vu59qr306oxotwh\gradle-8.0\lib\gradle-launcher-8.0.jar
Launcher Type: SUN_STANDARD

[Global flags]
     intx CICompilerCount                          = 3                                         {product} {ergonomic}
     uint ConcGCThreads                            = 1                                         {product} {ergonomic}
     uint G1ConcRefinementThreads                  = 4                                         {product} {ergonomic}
   size_t G1HeapRegionSize                         = 1048576                                   {product} {ergonomic}
    uintx GCDrainStackTargetSize                   = 64                                        {product} {ergonomic}
   size_t InitialHeapSize                          = 134217728                                 {product} {ergonomic}
   size_t MarkStackSize                            = 4194304                                   {product} {ergonomic}
   size_t MaxHeapSize                              = 2147483648                                {product} {command line}
   size_t MaxNewSize                               = 1287651328                                {product} {ergonomic}
   size_t MinHeapDeltaBytes                        = 1048576                                   {product} {ergonomic}
   size_t MinHeapSize                              = 8388608                                   {product} {ergonomic}
    uintx NonNMethodCodeHeapSize                   = 5832780                                {pd product} {ergonomic}
    uintx NonProfiledCodeHeapSize                  = 122912730                              {pd product} {ergonomic}
    uintx ProfiledCodeHeapSize                     = 122912730                              {pd product} {ergonomic}
    uintx ReservedCodeCacheSize                    = 251658240                              {pd product} {ergonomic}
     bool SegmentedCodeCache                       = true                                      {product} {ergonomic}
   size_t SoftMaxHeapSize                          = 2147483648                             {manageable} {ergonomic}
     bool UseCompressedClassPointers               = true                           {product lp64_product} {ergonomic}
     bool UseCompressedOops                        = true                           {product lp64_product} {ergonomic}
     bool UseG1GC                                  = true                                      {product} {ergonomic}
     bool UseLargePagesIndividualAllocation        = false                                  {pd product} {ergonomic}

Logging:
Log output configuration:
 #0: stdout all=warning uptime,level,tags
 #1: stderr all=off uptime,level,tags

Environment Variables:
JAVA_HOME=C:\Program Files\Java\jdk-18.0.2
PATH=C:\oraclexe\app\oracle\product\10.2.0\server\bin;C:\Program Files\Common Files\Oracle\Java\javapath;C:\Program Files (x86)\Common Files\Oracle\Java\javapath;C:\WINDOWS\system32;C:\WINDOWS;C:\WINDOWS\System32\Wbem;C:\WINDOWS\System32\WindowsPowerShell\v1.0\;C:\WINDOWS\System32\OpenSSH\;C:\Program Files (x86)\GtkSharp\2.12\bin;C:\Program Files\nodejs\;C:\Program Files\Git\cmd;C:\Users\Hakim\AppData\Local\Android\Sdk\platforms;C:\Users\Hakim\AppData\Local\Android\Sdk\platform-tools;C:\Users\Hakim\AppData\Local\Programs\Python\Python311\Scripts\;C:\Users\Hakim\AppData\Local\Programs\Python\Python311\;C:\Users\Hakim\AppData\Local\Microsoft\WindowsApps;C:\Users\Hakim\AppData\Roaming\npm;C:\Users\Hakim\AppData\Local\ComposerSetup\bin;C:\Users\Hakim\AppData\Roaming\Composer\vendor\bin;C:\Users\Hakim\composer;C:\wamp64\bin\php\php8.2.0;C:\Users\Hakim\AppData\Local\Programs\Microsoft VS Code\bin;C:\flutter\bin;
USERNAME=Hakim
OS=Windows_NT
PROCESSOR_IDENTIFIER=Intel64 Family 6 Model 42 Stepping 7, GenuineIntel
TMP=C:\Users\Hakim\AppData\Local\Temp
TEMP=C:\Users\Hakim\AppData\Local\Temp


JNI global refs:
JNI global refs: 24, weak refs: 0

JNI global refs memory usage: 843, weak refs: 841


---------------  S Y S T E M  ---------------

OS:
 Windows 10 , 64 bit Build 19041 (10.0.19041.2546)
OS uptime: 0 days 3:20 hours

CPU: total 4 (initial active 4) (2 cores per cpu, 2 threads per core) family 6 model 42 stepping 7 microcode 0x2f, cx8, cmov, fxsr, ht, mmx, sse, sse2, sse3, ssse3, sse4.1, sse4.2, popcnt, tsc, tscinvbit, avx, aes, clmul, vzeroupper, clflush

Memory: 4k page, system-wide physical 8099M (541M free)
TotalPageFile size 10007M (AvailPageFile size 31M)
current process WorkingSet (physical memory assigned to process): 539M, peak: 539M
current process commit charge ("private bytes"): 568M, peak: 1060M

vm_info: OpenJDK 64-Bit Server VM (17.0.6+0-b2043.56-10027231) for windows-amd64 JRE (17.0.6+0-b2043.56-10027231), built on Apr 28 2023 00:43:19 by "androidbuild" with MS VC++ 16.10 / 16.11 (VS2019)

END.
