#
# There is insufficient memory for the Java Runtime Environment to continue.
# Native memory allocation (mmap) failed to map 134217728 bytes for G1 virtual space
# Possible reasons:
#   The system is out of physical RAM or swap space
#   The process is running with CompressedOops enabled, and the Java Heap may be blocking the growth of the native heap
# Possible solutions:
#   Reduce memory load on the system
#   Increase physical memory or swap space
#   Check if swap backing store is full
#   Decrease Java heap size (-Xmx/-Xms)
#   Decrease number of Java threads
#   Decrease Java thread stack sizes (-Xss)
#   Set larger code cache with -XX:ReservedCodeCacheSize=
#   JVM is running with Unscaled Compressed Oops mode in which the Java heap is
#     placed in the first 4GB address space. The Java Heap base address is the
#     maximum limit for the native heap growth. Please use -XX:HeapBaseMinAddress
#     to set the Java Heap base and to place the Java Heap above 4GB virtual address.
# This output file may be truncated or incomplete.
#
#  Out of Memory Error (os_windows.cpp:3769), pid=8808, tid=6376
#
# JRE version:  (17.0.6) (build )
# Java VM: OpenJDK 64-Bit Server VM (17.0.6+0-b2043.56-10027231, mixed mode, sharing, tiered, compressed oops, compressed class ptrs, g1 gc, windows-amd64)
# No core dump will be written. Minidumps are not enabled by default on client versions of Windows
#

---------------  S U M M A R Y ------------

Command Line: org.jetbrains.kotlin.cli.jvm.K2JVMCompiler @C:\Users\Hakim\OneDrive\Bureau\SwapShop\FrontEnd\MobileVersion\app\build\20231121_5623188372217761891.compiler.options

Host: Intel(R) Core(TM) i5-2430M CPU @ 2.40GHz, 4 cores, 7G,  Windows 10 , 64 bit Build 19041 (10.0.19041.2546)
Time: Tue Nov 21 21:07:10 2023 Pacific Standard Time elapsed time: 0.209072 seconds (0d 0h 0m 0s)

---------------  T H R E A D  ---------------

Current thread (0x000002006eb3bc00):  JavaThread "Unknown thread" [_thread_in_vm, id=6376, stack(0x000000200fb00000,0x000000200fc00000)]

Stack: [0x000000200fb00000,0x000000200fc00000]
Native frames: (J=compiled Java code, j=interpreted, Vv=VM code, C=native code)
V  [jvm.dll+0x683c9a]
V  [jvm.dll+0x8427a4]
V  [jvm.dll+0x843f9e]
V  [jvm.dll+0x844603]
V  [jvm.dll+0x249b75]
V  [jvm.dll+0x680b69]
V  [jvm.dll+0x67505a]
V  [jvm.dll+0x309acb]
V  [jvm.dll+0x310f86]
V  [jvm.dll+0x3608ee]
V  [jvm.dll+0x360b1f]
V  [jvm.dll+0x2dfbf8]
V  [jvm.dll+0x2e0b64]
V  [jvm.dll+0x814091]
V  [jvm.dll+0x36e6a1]
V  [jvm.dll+0x7f35cc]
V  [jvm.dll+0x3f0e8f]
V  [jvm.dll+0x3f29d1]
C  [jli.dll+0x526b]
C  [ucrtbase.dll+0x21bb2]
C  [KERNEL32.DLL+0x17614]
C  [ntdll.dll+0x526a1]


---------------  P R O C E S S  ---------------

Threads class SMR info:
_java_thread_list=0x00007ffe7993c058, length=0, elements={
}

Java Threads: ( => current thread )

Other Threads:
  0x000002006eb92480 GCTaskThread "GC Thread#0" [stack: 0x000000200fc00000,0x000000200fd00000] [id=7920]
  0x000002006eba5030 ConcurrentGCThread "G1 Main Marker" [stack: 0x000000200fd00000,0x000000200fe00000] [id=7668]
  0x000002006eba5950 ConcurrentGCThread "G1 Conc#0" [stack: 0x000000200fe00000,0x000000200ff00000] [id=3876]

[error occurred during error reporting (printing all threads), id 0xc0000005, EXCEPTION_ACCESS_VIOLATION (0xc0000005) at pc=0x00007ffe790f0797]

VM state: not at safepoint (not fully initialized)

VM Mutex/Monitor currently owned by a thread:  ([mutex/lock_event])
[0x000002006eb3a2d0] Heap_lock - owner thread: 0x000002006eb3bc00

Heap address: 0x0000000081600000, size: 2026 MB, Compressed Oops mode: 32-bit

CDS archive(s) mapped at: [0x0000000000000000-0x0000000000000000-0x0000000000000000), size 0, SharedBaseAddress: 0x0000000800000000, ArchiveRelocationMode: 0.
Narrow klass base: 0x0000000000000000, Narrow klass shift: 0, Narrow klass range: 0x0

GC Precious Log:
<Empty>

Heap:
 garbage-first heap   total 0K, used 0K [0x0000000081600000, 0x0000000100000000)
  region size 1024K, 0 young (0K), 0 survivors (0K)

[error occurred during error reporting (printing heap information), id 0xc0000005, EXCEPTION_ACCESS_VIOLATION (0xc0000005) at pc=0x00007ffe794dda89]

GC Heap History (0 events):
No events

Dll operation events (1 events):
Event: 0.185 Loaded shared library C:\Program Files\Android\Android Studio\jbr\bin\java.dll

Deoptimization events (0 events):
No events

Classes unloaded (0 events):
No events

Classes redefined (0 events):
No events

Internal exceptions (0 events):
No events

VM Operations (0 events):
No events

Events (0 events):
No events


Dynamic libraries:
0x00007ff6b0300000 - 0x00007ff6b030a000 	C:\Program Files\Android\Android Studio\jbr\bin\java.exe
0x00007ffea9590000 - 0x00007ffea9788000 	C:\WINDOWS\SYSTEM32\ntdll.dll
0x00007ffea9020000 - 0x00007ffea90df000 	C:\WINDOWS\System32\KERNEL32.DLL
0x00007ffea6e40000 - 0x00007ffea7112000 	C:\WINDOWS\System32\KERNELBASE.dll
0x00007ffea6ce0000 - 0x00007ffea6de0000 	C:\WINDOWS\System32\ucrtbase.dll
0x00007ffe9c760000 - 0x00007ffe9c777000 	C:\Program Files\Android\Android Studio\jbr\bin\jli.dll
0x00007ffe84620000 - 0x00007ffe8463b000 	C:\Program Files\Android\Android Studio\jbr\bin\VCRUNTIME140.dll
0x00007ffea8170000 - 0x00007ffea8311000 	C:\WINDOWS\System32\USER32.dll
0x00007ffea6de0000 - 0x00007ffea6e02000 	C:\WINDOWS\System32\win32u.dll
0x00007ffea0480000 - 0x00007ffea071a000 	C:\WINDOWS\WinSxS\amd64_microsoft.windows.common-controls_6595b64144ccf1df_6.0.19041.1110_none_60b5254171f9507e\COMCTL32.dll
0x00007ffea7db0000 - 0x00007ffea7ddb000 	C:\WINDOWS\System32\GDI32.dll
0x00007ffea7780000 - 0x00007ffea781e000 	C:\WINDOWS\System32\msvcrt.dll
0x00007ffea7120000 - 0x00007ffea722f000 	C:\WINDOWS\System32\gdi32full.dll
0x00007ffea7420000 - 0x00007ffea74bd000 	C:\WINDOWS\System32\msvcp_win.dll
0x00007ffea75f0000 - 0x00007ffea7620000 	C:\WINDOWS\System32\IMM32.DLL
0x00007ffea6aa0000 - 0x00007ffea6ad1000 	C:\WINDOWS\system32\nvinitx.dll
0x00007ffea8c90000 - 0x00007ffea8d3e000 	C:\WINDOWS\System32\ADVAPI32.dll
0x00007ffea7eb0000 - 0x00007ffea7f4c000 	C:\WINDOWS\System32\sechost.dll
0x00007ffea6a90000 - 0x00007ffea6a9a000 	C:\WINDOWS\SYSTEM32\VERSION.dll
0x00007ffea8d40000 - 0x00007ffea8e64000 	C:\WINDOWS\System32\RPCRT4.dll
0x000000000f000000 - 0x000000000f006000 	C:\Program Files\NVIDIA Corporation\CoProcManager\_etoured.dll
0x00007ffea10a0000 - 0x00007ffea10d2000 	C:\Program Files\NVIDIA Corporation\CoProcManager\nvd3d9wrapx.dll
0x00007ffea7820000 - 0x00007ffea7c88000 	C:\WINDOWS\System32\SETUPAPI.dll
0x00007ffea6c90000 - 0x00007ffea6cde000 	C:\WINDOWS\System32\cfgmgr32.dll
0x00007ffea6e10000 - 0x00007ffea6e37000 	C:\WINDOWS\System32\bcrypt.dll
0x00007ffea1070000 - 0x00007ffea1092000 	C:\Program Files\NVIDIA Corporation\CoProcManager\nvdxgiwrapx.dll
0x00007ffe8cfd0000 - 0x00007ffe8cfdc000 	C:\Program Files\Android\Android Studio\jbr\bin\vcruntime140_1.dll
0x00007ffe823e0000 - 0x00007ffe8246d000 	C:\Program Files\Android\Android Studio\jbr\bin\msvcp140.dll
0x00007ffe78e00000 - 0x00007ffe79a6e000 	C:\Program Files\Android\Android Studio\jbr\bin\server\jvm.dll
0x00007ffe8c350000 - 0x00007ffe8c359000 	C:\WINDOWS\SYSTEM32\WSOCK32.dll
0x00007ffea7620000 - 0x00007ffea768b000 	C:\WINDOWS\System32\WS2_32.dll
0x00007ffea08b0000 - 0x00007ffea08d7000 	C:\WINDOWS\SYSTEM32\WINMM.dll
0x00007ffea4a20000 - 0x00007ffea4a32000 	C:\WINDOWS\SYSTEM32\kernel.appcore.dll
0x00007ffea3e20000 - 0x00007ffea3e2a000 	C:\Program Files\Android\Android Studio\jbr\bin\jimage.dll
0x00007ffe9a760000 - 0x00007ffe9a944000 	C:\WINDOWS\SYSTEM32\DBGHELP.DLL
0x00007ffe9a210000 - 0x00007ffe9a245000 	C:\WINDOWS\SYSTEM32\dbgcore.DLL
0x00007ffea7230000 - 0x00007ffea72b2000 	C:\WINDOWS\System32\bcryptPrimitives.dll
0x00007ffea3d80000 - 0x00007ffea3da5000 	C:\Program Files\Android\Android Studio\jbr\bin\java.dll

dbghelp: loaded successfully - version: 4.0.5 - missing functions: none
symbol engine: initialized successfully - sym options: 0x614 - pdb path: .;C:\Program Files\Android\Android Studio\jbr\bin;C:\WINDOWS\SYSTEM32;C:\WINDOWS\WinSxS\amd64_microsoft.windows.common-controls_6595b64144ccf1df_6.0.19041.1110_none_60b5254171f9507e;C:\Program Files\NVIDIA Corporation\CoProcManager;C:\Program Files\Android\Android Studio\jbr\bin\server

VM Arguments:
java_command: org.jetbrains.kotlin.cli.jvm.K2JVMCompiler @C:\Users\Hakim\OneDrive\Bureau\SwapShop\FrontEnd\MobileVersion\app\build\20231121_5623188372217761891.compiler.options
java_class_path (initial): C:\Users\Hakim\.gradle\caches\modules-2\files-2.1\org.jetbrains.kotlin\kotlin-compiler-embeddable\1.9.0\2c8c3a7402becca891f12739b3e9fd2dc2adbd7a\kotlin-compiler-embeddable-1.9.0.jar;C:\Users\Hakim\.gradle\caches\modules-2\files-2.1\org.jetbrains.kotlin\kotlin-stdlib\1.9.0\8ee15ef0c67dc83d874f412d84378d7f0eb50b63\kotlin-stdlib-1.9.0.jar;C:\Users\Hakim\.gradle\caches\modules-2\files-2.1\org.jetbrains.kotlin\kotlin-script-runtime\1.9.0\4b3102cbbb7e1b58d9d1adf89563f00069ffa7d1\kotlin-script-runtime-1.9.0.jar;C:\Users\Hakim\.gradle\caches\modules-2\files-2.1\org.jetbrains.kotlin\kotlin-reflect\1.6.10\1cbe9c92c12a94eea200d23c2bbaedaf3daf5132\kotlin-reflect-1.6.10.jar;C:\Users\Hakim\.gradle\caches\modules-2\files-2.1\org.jetbrains.kotlin\kotlin-daemon-embeddable\1.9.0\186543f5e28cf8d9a0290fecc2cf34301c40a65c\kotlin-daemon-embeddable-1.9.0.jar;C:\Users\Hakim\.gradle\caches\modules-2\files-2.1\org.jetbrains.intellij.deps\trove4j\1.0.20200330\3afb14d5f9ceb459d724e907a21145e8ff394f02\trove4j-1.0.20200330.jar;C:\Users\Hakim\.gradle\caches\modules-2\files-2.1\org.jetbrains.kotlin\kotlin-stdlib-common\1.9.0\cd65c21cfd1eec4d44ef09f9f52b6d9f8a720636\kotlin-stdlib-common-1.9.0.jar;C:\Users\Hakim\.gradle\caches\modules-2\files-2.1\org.jetbrains\annotations\13.0\919f0dfe192fb4e063e7dacadee7f8bb9a2672a9\annotations-13.0.jar
Launcher Type: SUN_STANDARD

[Global flags]
     intx CICompilerCount                          = 3                                         {product} {ergonomic}
     uint ConcGCThreads                            = 1                                         {product} {ergonomic}
     uint G1ConcRefinementThreads                  = 4                                         {product} {ergonomic}
   size_t G1HeapRegionSize                         = 1048576                                   {product} {ergonomic}
    uintx GCDrainStackTargetSize                   = 64                                        {product} {ergonomic}
   size_t InitialHeapSize                          = 134217728                                 {product} {ergonomic}
   size_t MarkStackSize                            = 4194304                                   {product} {ergonomic}
   size_t MaxHeapSize                              = 2124414976                                {product} {ergonomic}
   size_t MinHeapDeltaBytes                        = 1048576                                   {product} {ergonomic}
   size_t MinHeapSize                              = 8388608                                   {product} {ergonomic}
    uintx NonNMethodCodeHeapSize                   = 5832780                                {pd product} {ergonomic}
    uintx NonProfiledCodeHeapSize                  = 122912730                              {pd product} {ergonomic}
    uintx ProfiledCodeHeapSize                     = 122912730                              {pd product} {ergonomic}
    uintx ReservedCodeCacheSize                    = 251658240                              {pd product} {ergonomic}
     bool SegmentedCodeCache                       = true                                      {product} {ergonomic}
   size_t SoftMaxHeapSize                          = 2124414976                             {manageable} {ergonomic}
     bool UseCompressedClassPointers               = true                           {product lp64_product} {ergonomic}
     bool UseCompressedOops                        = true                           {product lp64_product} {ergonomic}
     bool UseG1GC                                  = true                                      {product} {ergonomic}
     bool UseLargePagesIndividualAllocation        = false                                  {pd product} {ergonomic}

Logging:
Log output configuration:
 #0: stdout all=warning uptime,level,tags
 #1: stderr all=off uptime,level,tags

Environment Variables:
JAVA_HOME=C:\Program Files\Java\jdk-18.0.2
PATH=C:\oraclexe\app\oracle\product\10.2.0\server\bin;C:\Program Files\Common Files\Oracle\Java\javapath;C:\Program Files (x86)\Common Files\Oracle\Java\javapath;C:\WINDOWS\system32;C:\WINDOWS;C:\WINDOWS\System32\Wbem;C:\WINDOWS\System32\WindowsPowerShell\v1.0\;C:\WINDOWS\System32\OpenSSH\;C:\Program Files (x86)\GtkSharp\2.12\bin;C:\Program Files\nodejs\;C:\Program Files\Git\cmd;C:\Users\Hakim\AppData\Local\Android\Sdk\platforms;C:\Users\Hakim\AppData\Local\Android\Sdk\platform-tools;C:\Users\Hakim\AppData\Local\Programs\Python\Python311\Scripts\;C:\Users\Hakim\AppData\Local\Programs\Python\Python311\;C:\Users\Hakim\AppData\Local\Microsoft\WindowsApps;C:\Users\Hakim\AppData\Roaming\npm;C:\Users\Hakim\AppData\Local\ComposerSetup\bin;C:\Users\Hakim\AppData\Roaming\Composer\vendor\bin;C:\Users\Hakim\composer;C:\wamp64\bin\php\php8.2.0;C:\Users\Hakim\AppData\Local\Programs\Microsoft VS Code\bin;C:\flutter\bin;
USERNAME=Hakim
OS=Windows_NT
PROCESSOR_IDENTIFIER=Intel64 Family 6 Model 42 Stepping 7, GenuineIntel
TMP=C:\Users\Hakim\AppData\Local\Temp
TEMP=C:\Users\Hakim\AppData\Local\Temp


JNI global refs:

[error occurred during error reporting (JNI global references), id 0xc0000005, EXCEPTION_ACCESS_VIOLATION (0xc0000005) at pc=0x00007ffe78eb7a10]


---------------  S Y S T E M  ---------------

OS:
 Windows 10 , 64 bit Build 19041 (10.0.19041.2546)
OS uptime: 0 days 3:01 hours

CPU: total 4 (initial active 4) (2 cores per cpu, 2 threads per core) family 6 model 42 stepping 7 microcode 0x2f, cx8, cmov, fxsr, ht, mmx, sse, sse2, sse3, ssse3, sse4.1, sse4.2, popcnt, tsc, tscinvbit, avx, aes, clmul, vzeroupper, clflush

Memory: 4k page, system-wide physical 8099M (777M free)
TotalPageFile size 10007M (AvailPageFile size 113M)
current process WorkingSet (physical memory assigned to process): 11M, peak: 11M
current process commit charge ("private bytes"): 52M, peak: 180M

vm_info: OpenJDK 64-Bit Server VM (17.0.6+0-b2043.56-10027231) for windows-amd64 JRE (17.0.6+0-b2043.56-10027231), built on Apr 28 2023 00:43:19 by "androidbuild" with MS VC++ 16.10 / 16.11 (VS2019)

END.
