#
# There is insufficient memory for the Java Runtime Environment to continue.
# Native memory allocation (mmap) failed to map 132120576 bytes for G1 virtual space
# Possible reasons:
#   The system is out of physical RAM or swap space
#   The process is running with CompressedOops enabled, and the Java Heap may be blocking the growth of the native heap
# Possible solutions:
#   Reduce memory load on the system
#   Increase physical memory or swap space
#   Check if swap backing store is full
#   Decrease Java heap size (-Xmx/-Xms)
#   Decrease number of Java threads
#   Decrease Java thread stack sizes (-Xss)
#   Set larger code cache with -XX:ReservedCodeCacheSize=
#   JVM is running with Unscaled Compressed Oops mode in which the Java heap is
#     placed in the first 4GB address space. The Java Heap base address is the
#     maximum limit for the native heap growth. Please use -XX:HeapBaseMinAddress
#     to set the Java Heap base and to place the Java Heap above 4GB virtual address.
# This output file may be truncated or incomplete.
#
#  Out of Memory Error (os_windows.cpp:3769), pid=8660, tid=6104
#
# JRE version: OpenJDK Runtime Environment (17.0.6) (build 17.0.6+0-b2043.56-10027231)
# Java VM: OpenJDK 64-Bit Server VM (17.0.6+0-b2043.56-10027231, mixed mode, tiered, compressed oops, compressed class ptrs, g1 gc, windows-amd64)
# No core dump will be written. Minidumps are not enabled by default on client versions of Windows
#

---------------  S U M M A R Y ------------

Command Line: --add-opens=java.base/java.util=ALL-UNNAMED --add-opens=java.base/java.lang=ALL-UNNAMED --add-opens=java.base/java.lang.invoke=ALL-UNNAMED --add-opens=java.prefs/java.util.prefs=ALL-UNNAMED --add-opens=java.base/java.nio.charset=ALL-UNNAMED --add-opens=java.base/java.net=ALL-UNNAMED --add-opens=java.base/java.util.concurrent.atomic=ALL-UNNAMED -Xmx2048m -Dfile.encoding=UTF-8 -Duser.country=US -Duser.language=en -Duser.variant org.gradle.launcher.daemon.bootstrap.GradleDaemon 8.0

Host: Intel(R) Core(TM) i5-2430M CPU @ 2.40GHz, 4 cores, 7G,  Windows 10 , 64 bit Build 19041 (10.0.19041.2546)
Time: Tue Nov 21 22:05:43 2023 Pacific Standard Time elapsed time: 120.579739 seconds (0d 0h 2m 0s)

---------------  T H R E A D  ---------------

Current thread (0x000001f7af68b6e0):  VMThread "VM Thread" [stack: 0x00000051eb700000,0x00000051eb800000] [id=6104]

Stack: [0x00000051eb700000,0x00000051eb800000]
Native frames: (J=compiled Java code, j=interpreted, Vv=VM code, C=native code)
V  [jvm.dll+0x683c9a]
V  [jvm.dll+0x8427a4]
V  [jvm.dll+0x843f9e]
V  [jvm.dll+0x844603]
V  [jvm.dll+0x249b75]
V  [jvm.dll+0x680b69]
V  [jvm.dll+0x67505a]
V  [jvm.dll+0x309acb]
V  [jvm.dll+0x310f86]
V  [jvm.dll+0x3608ee]
V  [jvm.dll+0x360b1f]
V  [jvm.dll+0x2dfbf8]
V  [jvm.dll+0x2ddec4]
V  [jvm.dll+0x2dd4cc]
V  [jvm.dll+0x321f3b]
V  [jvm.dll+0x848ccb]
V  [jvm.dll+0x849a04]
V  [jvm.dll+0x849f1d]
V  [jvm.dll+0x84a2f4]
V  [jvm.dll+0x84a3c0]
V  [jvm.dll+0x7f274a]
V  [jvm.dll+0x682ad5]
C  [ucrtbase.dll+0x21bb2]
C  [KERNEL32.DLL+0x17614]
C  [ntdll.dll+0x526a1]

VM_Operation (0x00000051ecdf3230): G1CollectForAllocation, mode: safepoint, requested by thread 0x000001f7b0f2f040


---------------  P R O C E S S  ---------------

Threads class SMR info:
_java_thread_list=0x000001f7b5e9d8f0, length=83, elements={
0x000001f7961196f0, 0x000001f7af6c9130, 0x000001f7af6c9eb0, 0x000001f7af6de5b0,
0x000001f7b00081d0, 0x000001f7b0009c00, 0x000001f7b000a4c0, 0x000001f7b000b160,
0x000001f7b000bb10, 0x000001f7b0057000, 0x000001f7b01fa010, 0x000001f7b01e0090,
0x000001f7b2f2a6d0, 0x000001f7b10a6ae0, 0x000001f7b08d9310, 0x000001f7b18f37a0,
0x000001f7b18f3c70, 0x000001f7b1638b20, 0x000001f7b0f2f040, 0x000001f7b0149540,
0x000001f7b08d5d20, 0x000001f7b08d4eb0, 0x000001f7b08d5850, 0x000001f7b08d5380,
0x000001f7b08d7060, 0x000001f7b08d7530, 0x000001f7b08d66c0, 0x000001f7b08d4510,
0x000001f7b08d49e0, 0x000001f7b4b535a0, 0x000001f7b4b582a0, 0x000001f7b4b59f80,
0x000001f7b4b54db0, 0x000001f7b4b595e0, 0x000001f7b4b54410, 0x000001f7b4b548e0,
0x000001f7b4b55280, 0x000001f7b4b55750, 0x000001f7b4b560f0, 0x000001f7b4b56a90,
0x000001f7b4b56f60, 0x000001f7b4b57430, 0x000001f7b4b57dd0, 0x000001f7b4b58c40,
0x000001f7b6664e90, 0x000001f7b66644f0, 0x000001f7b6665360, 0x000001f7b6662ce0,
0x000001f7b6665830, 0x000001f7b6663680, 0x000001f7b6661e70, 0x000001f7b6663b50,
0x000001f7b66631b0, 0x000001f7b6662340, 0x000001f7b6662810, 0x000001f7b66649c0,
0x000001f7b6664020, 0x000001f7b0525180, 0x000001f7b0525b20, 0x000001f7b0527800,
0x000001f7b052acf0, 0x000001f7b0527330, 0x000001f7b052a350, 0x000001f7b05264c0,
0x000001f7b0529e80, 0x000001f7b0528b40, 0x000001f7b052b1c0, 0x000001f7b052c9d0,
0x000001f7b0526990, 0x000001f7b05281a0, 0x000001f7b052a820, 0x000001f7b0529010,
0x000001f7b0526e60, 0x000001f7b0527cd0, 0x000001f7b0525ff0, 0x000001f7b052b690,
0x000001f7b052bb60, 0x000001f7b0528670, 0x000001f7b052c030, 0x000001f7b05294e0,
0x000001f7b052c500, 0x000001f7b0525650, 0x000001f7b4a37ff0
}

Java Threads: ( => current thread )
  0x000001f7961196f0 JavaThread "main" [_thread_blocked, id=2920, stack(0x00000051eb100000,0x00000051eb200000)]
  0x000001f7af6c9130 JavaThread "Reference Handler" daemon [_thread_blocked, id=1768, stack(0x00000051eb800000,0x00000051eb900000)]
  0x000001f7af6c9eb0 JavaThread "Finalizer" daemon [_thread_blocked, id=7196, stack(0x00000051eb900000,0x00000051eba00000)]
  0x000001f7af6de5b0 JavaThread "Signal Dispatcher" daemon [_thread_blocked, id=472, stack(0x00000051eba00000,0x00000051ebb00000)]
  0x000001f7b00081d0 JavaThread "Attach Listener" daemon [_thread_blocked, id=6316, stack(0x00000051ebb00000,0x00000051ebc00000)]
  0x000001f7b0009c00 JavaThread "Service Thread" daemon [_thread_blocked, id=4912, stack(0x00000051ebc00000,0x00000051ebd00000)]
  0x000001f7b000a4c0 JavaThread "Monitor Deflation Thread" daemon [_thread_blocked, id=3604, stack(0x00000051ebd00000,0x00000051ebe00000)]
  0x000001f7b000b160 JavaThread "C2 CompilerThread0" daemon [_thread_blocked, id=7588, stack(0x00000051ebe00000,0x00000051ebf00000)]
  0x000001f7b000bb10 JavaThread "C1 CompilerThread0" daemon [_thread_blocked, id=6508, stack(0x00000051ebf00000,0x00000051ec000000)]
  0x000001f7b0057000 JavaThread "Sweeper thread" daemon [_thread_blocked, id=8112, stack(0x00000051ec000000,0x00000051ec100000)]
  0x000001f7b01fa010 JavaThread "Common-Cleaner" daemon [_thread_blocked, id=4388, stack(0x00000051ec100000,0x00000051ec200000)]
  0x000001f7b01e0090 JavaThread "Notification Thread" daemon [_thread_blocked, id=3576, stack(0x00000051ec200000,0x00000051ec300000)]
  0x000001f7b2f2a6d0 JavaThread "Daemon health stats" [_thread_blocked, id=7956, stack(0x00000051ec600000,0x00000051ec700000)]
  0x000001f7b10a6ae0 JavaThread "Incoming local TCP Connector on port 57636" [_thread_in_native, id=2260, stack(0x00000051ec800000,0x00000051ec900000)]
  0x000001f7b08d9310 JavaThread "Daemon periodic checks" [_thread_blocked, id=7604, stack(0x00000051ec900000,0x00000051eca00000)]
  0x000001f7b18f37a0 JavaThread "Daemon" [_thread_blocked, id=8936, stack(0x00000051eca00000,0x00000051ecb00000)]
  0x000001f7b18f3c70 JavaThread "Handler for socket connection from /127.0.0.1:57636 to /127.0.0.1:57637" [_thread_in_native, id=8324, stack(0x00000051ecb00000,0x00000051ecc00000)]
  0x000001f7b1638b20 JavaThread "Cancel handler" [_thread_blocked, id=3412, stack(0x00000051ecc00000,0x00000051ecd00000)]
  0x000001f7b0f2f040 JavaThread "Daemon worker" [_thread_blocked, id=6904, stack(0x00000051ecd00000,0x00000051ece00000)]
  0x000001f7b0149540 JavaThread "Asynchronous log dispatcher for DefaultDaemonConnection: socket connection from /127.0.0.1:57636 to /127.0.0.1:57637" [_thread_blocked, id=6628, stack(0x00000051ece00000,0x00000051ecf00000)]
  0x000001f7b08d5d20 JavaThread "Daemon client event forwarder" [_thread_blocked, id=7648, stack(0x00000051ed000000,0x00000051ed100000)]
  0x000001f7b08d4eb0 JavaThread "Cache worker for journal cache (C:\Users\Hakim\.gradle\caches\journal-1)" [_thread_blocked, id=6540, stack(0x00000051ed100000,0x00000051ed200000)]
  0x000001f7b08d5850 JavaThread "File lock request listener" [_thread_in_native, id=2180, stack(0x00000051ed200000,0x00000051ed300000)]
  0x000001f7b08d5380 JavaThread "Cache worker for file hash cache (C:\Users\Hakim\.gradle\caches\8.0\fileHashes)" [_thread_blocked, id=5996, stack(0x00000051ed300000,0x00000051ed400000)]
  0x000001f7b08d7060 JavaThread "File watcher server" daemon [_thread_in_native, id=484, stack(0x00000051ed500000,0x00000051ed600000)]
  0x000001f7b08d7530 JavaThread "File watcher consumer" daemon [_thread_blocked, id=480, stack(0x00000051ed600000,0x00000051ed700000)]
  0x000001f7b08d66c0 JavaThread "Cache worker for checksums cache (C:\Users\Hakim\OneDrive\Bureau\SwapShop\FrontEnd\MobileVersion\.gradle\8.0\checksums)" [_thread_blocked, id=7748, stack(0x00000051ed400000,0x00000051ed500000)]
  0x000001f7b08d4510 JavaThread "Cache worker for cache directory md-rule (C:\Users\Hakim\.gradle\caches\8.0\md-rule)" [_thread_blocked, id=7736, stack(0x00000051ed700000,0x00000051ed800000)]
  0x000001f7b08d49e0 JavaThread "Cache worker for file content cache (C:\Users\Hakim\.gradle\caches\8.0\fileContent)" [_thread_blocked, id=2232, stack(0x00000051ed900000,0x00000051eda00000)]
  0x000001f7b4b535a0 JavaThread "Cache worker for file hash cache (C:\Users\Hakim\OneDrive\Bureau\SwapShop\FrontEnd\MobileVersion\.gradle\8.0\fileHashes)" [_thread_blocked, id=8180, stack(0x00000051eda00000,0x00000051edb00000)]
  0x000001f7b4b582a0 JavaThread "Cache worker for cache directory md-supplier (C:\Users\Hakim\.gradle\caches\8.0\md-supplier)" [_thread_blocked, id=5576, stack(0x00000051ed800000,0x00000051ed900000)]
  0x000001f7b4b59f80 JavaThread "Cache worker for execution history cache (C:\Users\Hakim\.gradle\caches\8.0\executionHistory)" [_thread_blocked, id=7552, stack(0x00000051edb00000,0x00000051edc00000)]
  0x000001f7b4b54db0 JavaThread "jar transforms" [_thread_blocked, id=4680, stack(0x00000051edc00000,0x00000051edd00000)]
  0x000001f7b4b595e0 JavaThread "jar transforms Thread 2" [_thread_blocked, id=8096, stack(0x00000051edd00000,0x00000051ede00000)]
  0x000001f7b4b54410 JavaThread "Cache worker for kotlin-dsl (C:\Users\Hakim\.gradle\caches\8.0\kotlin-dsl)" [_thread_blocked, id=3292, stack(0x00000051eae00000,0x00000051eaf00000)]
  0x000001f7b4b548e0 JavaThread "jar transforms Thread 3" [_thread_blocked, id=560, stack(0x00000051eaf00000,0x00000051eb000000)]
  0x000001f7b4b55280 JavaThread "jar transforms Thread 4" [_thread_blocked, id=2524, stack(0x00000051eb000000,0x00000051eb100000)]
  0x000001f7b4b55750 JavaThread "Cache worker for dependencies-accessors (C:\Users\Hakim\OneDrive\Bureau\SwapShop\FrontEnd\MobileVersion\.gradle\8.0\dependencies-accessors)" [_thread_blocked, id=6148, stack(0x00000051ede00000,0x00000051edf00000)]
  0x000001f7b4b560f0 JavaThread "Cache worker for Build Output Cleanup Cache (C:\Users\Hakim\OneDrive\Bureau\SwapShop\FrontEnd\MobileVersion\.gradle\buildOutputCleanup)" [_thread_blocked, id=1988, stack(0x00000051edf00000,0x00000051ee000000)]
  0x000001f7b4b56a90 JavaThread "Unconstrained build operations" [_thread_blocked, id=5264, stack(0x00000051ee000000,0x00000051ee100000)]
  0x000001f7b4b56f60 JavaThread "Unconstrained build operations Thread 2" [_thread_blocked, id=4860, stack(0x00000051ee100000,0x00000051ee200000)]
  0x000001f7b4b57430 JavaThread "Unconstrained build operations Thread 3" [_thread_blocked, id=5940, stack(0x00000051ee200000,0x00000051ee300000)]
  0x000001f7b4b57dd0 JavaThread "Unconstrained build operations Thread 4" [_thread_blocked, id=9200, stack(0x00000051ee300000,0x00000051ee400000)]
  0x000001f7b4b58c40 JavaThread "Unconstrained build operations Thread 5" [_thread_blocked, id=6052, stack(0x00000051ee400000,0x00000051ee500000)]
  0x000001f7b6664e90 JavaThread "Unconstrained build operations Thread 6" [_thread_blocked, id=1164, stack(0x00000051ee500000,0x00000051ee600000)]
  0x000001f7b66644f0 JavaThread "Unconstrained build operations Thread 7" [_thread_blocked, id=7796, stack(0x00000051ee600000,0x00000051ee700000)]
  0x000001f7b6665360 JavaThread "Unconstrained build operations Thread 8" [_thread_blocked, id=6292, stack(0x00000051ee700000,0x00000051ee800000)]
  0x000001f7b6662ce0 JavaThread "Unconstrained build operations Thread 9" [_thread_blocked, id=8840, stack(0x00000051ee800000,0x00000051ee900000)]
  0x000001f7b6665830 JavaThread "Unconstrained build operations Thread 10" [_thread_blocked, id=8608, stack(0x00000051ee900000,0x00000051eea00000)]
  0x000001f7b6663680 JavaThread "Unconstrained build operations Thread 11" [_thread_blocked, id=9024, stack(0x00000051eea00000,0x00000051eeb00000)]
  0x000001f7b6661e70 JavaThread "Unconstrained build operations Thread 12" [_thread_blocked, id=3592, stack(0x00000051eeb00000,0x00000051eec00000)]
  0x000001f7b6663b50 JavaThread "Unconstrained build operations Thread 13" [_thread_blocked, id=7916, stack(0x00000051eec00000,0x00000051eed00000)]
  0x000001f7b66631b0 JavaThread "Unconstrained build operations Thread 14" [_thread_blocked, id=8368, stack(0x00000051eed00000,0x00000051eee00000)]
  0x000001f7b6662340 JavaThread "Unconstrained build operations Thread 15" [_thread_blocked, id=5148, stack(0x00000051eee00000,0x00000051eef00000)]
  0x000001f7b6662810 JavaThread "Unconstrained build operations Thread 16" [_thread_blocked, id=8780, stack(0x00000051eef00000,0x00000051ef000000)]
  0x000001f7b66649c0 JavaThread "Unconstrained build operations Thread 17" [_thread_blocked, id=2888, stack(0x00000051ef000000,0x00000051ef100000)]
  0x000001f7b6664020 JavaThread "Unconstrained build operations Thread 18" [_thread_blocked, id=7904, stack(0x00000051ef100000,0x00000051ef200000)]
  0x000001f7b0525180 JavaThread "Unconstrained build operations Thread 19" [_thread_blocked, id=3320, stack(0x00000051ef200000,0x00000051ef300000)]
  0x000001f7b0525b20 JavaThread "Unconstrained build operations Thread 20" [_thread_blocked, id=8716, stack(0x00000051ef300000,0x00000051ef400000)]
  0x000001f7b0527800 JavaThread "Unconstrained build operations Thread 21" [_thread_blocked, id=8832, stack(0x00000051ef400000,0x00000051ef500000)]
  0x000001f7b052acf0 JavaThread "Unconstrained build operations Thread 22" [_thread_blocked, id=7652, stack(0x00000051ef500000,0x00000051ef600000)]
  0x000001f7b0527330 JavaThread "Unconstrained build operations Thread 23" [_thread_blocked, id=8812, stack(0x00000051ef600000,0x00000051ef700000)]
  0x000001f7b052a350 JavaThread "Unconstrained build operations Thread 24" [_thread_blocked, id=7876, stack(0x00000051ef700000,0x00000051ef800000)]
  0x000001f7b05264c0 JavaThread "Unconstrained build operations Thread 25" [_thread_blocked, id=4428, stack(0x00000051ef800000,0x00000051ef900000)]
  0x000001f7b0529e80 JavaThread "Unconstrained build operations Thread 26" [_thread_blocked, id=4500, stack(0x00000051ef900000,0x00000051efa00000)]
  0x000001f7b0528b40 JavaThread "Unconstrained build operations Thread 27" [_thread_blocked, id=7132, stack(0x00000051efa00000,0x00000051efb00000)]
  0x000001f7b052b1c0 JavaThread "Unconstrained build operations Thread 28" [_thread_blocked, id=980, stack(0x00000051efb00000,0x00000051efc00000)]
  0x000001f7b052c9d0 JavaThread "Unconstrained build operations Thread 29" [_thread_blocked, id=5236, stack(0x00000051efc00000,0x00000051efd00000)]
  0x000001f7b0526990 JavaThread "Unconstrained build operations Thread 30" [_thread_blocked, id=6268, stack(0x00000051efd00000,0x00000051efe00000)]
  0x000001f7b05281a0 JavaThread "Unconstrained build operations Thread 31" [_thread_blocked, id=9064, stack(0x00000051efe00000,0x00000051eff00000)]
  0x000001f7b052a820 JavaThread "Unconstrained build operations Thread 32" [_thread_blocked, id=7792, stack(0x00000051eff00000,0x00000051f0000000)]
  0x000001f7b0529010 JavaThread "Unconstrained build operations Thread 33" [_thread_blocked, id=6676, stack(0x00000051f0000000,0x00000051f0100000)]
  0x000001f7b0526e60 JavaThread "Unconstrained build operations Thread 34" [_thread_blocked, id=5524, stack(0x00000051f0100000,0x00000051f0200000)]
  0x000001f7b0527cd0 JavaThread "Unconstrained build operations Thread 35" [_thread_blocked, id=2764, stack(0x00000051f0200000,0x00000051f0300000)]
  0x000001f7b0525ff0 JavaThread "Unconstrained build operations Thread 36" [_thread_blocked, id=8776, stack(0x00000051f0300000,0x00000051f0400000)]
  0x000001f7b052b690 JavaThread "Unconstrained build operations Thread 37" [_thread_blocked, id=3580, stack(0x00000051f0400000,0x00000051f0500000)]
  0x000001f7b052bb60 JavaThread "Unconstrained build operations Thread 38" [_thread_blocked, id=1680, stack(0x00000051f0500000,0x00000051f0600000)]
  0x000001f7b0528670 JavaThread "Unconstrained build operations Thread 39" [_thread_blocked, id=1672, stack(0x00000051f0600000,0x00000051f0700000)]
  0x000001f7b052c030 JavaThread "Unconstrained build operations Thread 40" [_thread_blocked, id=7332, stack(0x00000051f0700000,0x00000051f0800000)]
  0x000001f7b05294e0 JavaThread "build event listener" [_thread_blocked, id=4148, stack(0x00000051f0800000,0x00000051f0900000)]
  0x000001f7b052c500 JavaThread "Memory manager" [_thread_blocked, id=1700, stack(0x00000051f0900000,0x00000051f0a00000)]
  0x000001f7b0525650 JavaThread "build event listener" [_thread_blocked, id=5304, stack(0x00000051f0b00000,0x00000051f0c00000)]
  0x000001f7b4a37ff0 JavaThread "build event listener" [_thread_blocked, id=3244, stack(0x00000051f0a00000,0x00000051f0b00000)]

Other Threads:
=>0x000001f7af68b6e0 VMThread "VM Thread" [stack: 0x00000051eb700000,0x00000051eb800000] [id=6104]
  0x000001f796199a20 WatcherThread [stack: 0x00000051ec300000,0x00000051ec400000] [id=2608]
  0x000001f796172400 GCTaskThread "GC Thread#0" [stack: 0x00000051eb200000,0x00000051eb300000] [id=4376]
  0x000001f7b0668140 GCTaskThread "GC Thread#1" [stack: 0x00000051ec400000,0x00000051ec500000] [id=3228]
  0x000001f7b03fed20 GCTaskThread "GC Thread#2" [stack: 0x00000051ec500000,0x00000051ec600000] [id=6732]
  0x000001f7b095dcf0 GCTaskThread "GC Thread#3" [stack: 0x00000051ec700000,0x00000051ec800000] [id=6416]
  0x000001f796184260 ConcurrentGCThread "G1 Main Marker" [stack: 0x00000051eb300000,0x00000051eb400000] [id=7092]
  0x000001f7961867b0 ConcurrentGCThread "G1 Conc#0" [stack: 0x00000051eb400000,0x00000051eb500000] [id=3132]
  0x000001f7961ad220 ConcurrentGCThread "G1 Refine#0" [stack: 0x00000051eb500000,0x00000051eb600000] [id=7260]
  0x000001f7961adb50 ConcurrentGCThread "G1 Service" [stack: 0x00000051eb600000,0x00000051eb700000] [id=8984]

Threads with active compile tasks:
C2 CompilerThread0   120761 9257   !   4       com.google.common.collect.MapMakerInternalMap$Segment::put (298 bytes)

VM state: at safepoint (normal execution)

VM Mutex/Monitor currently owned by a thread:  ([mutex/lock_event])
[0x000001f796115190] Threads_lock - owner thread: 0x000001f7af68b6e0
[0x000001f796114650] Heap_lock - owner thread: 0x000001f7b0f2f040

Heap address: 0x0000000080000000, size: 2048 MB, Compressed Oops mode: 32-bit

CDS archive(s) not mapped
Compressed class space mapped at: 0x0000000100000000-0x0000000140000000, reserved size: 1073741824
Narrow klass base: 0x0000000000000000, Narrow klass shift: 3, Narrow klass range: 0x140000000

GC Precious Log:
 CPUs: 4 total, 4 available
 Memory: 8099M
 Large Page Support: Disabled
 NUMA Support: Disabled
 Compressed Oops: Enabled (32-bit)
 Heap Region Size: 1M
 Heap Min Capacity: 8M
 Heap Initial Capacity: 128M
 Heap Max Capacity: 2G
 Pre-touch: Disabled
 Parallel Workers: 4
 Concurrent Workers: 1
 Concurrent Refinement Workers: 4
 Periodic GC: Disabled

Heap:
 garbage-first heap   total 131072K, used 78193K [0x0000000080000000, 0x0000000100000000)
  region size 1024K, 5 young (5120K), 5 survivors (5120K)
 Metaspace       used 87898K, committed 88512K, reserved 1130496K
  class space    used 11982K, committed 12288K, reserved 1048576K

Heap Regions: E=young(eden), S=young(survivor), O=old, HS=humongous(starts), HC=humongous(continues), CS=collection set, F=free, OA=open archive, CA=closed archive, TAMS=top-at-mark-start (previous, next)
|   0|0x0000000080000000, 0x0000000080100000, 0x0000000080100000|100%| O|  |TAMS 0x0000000080100000, 0x0000000080000000| Untracked 
|   1|0x0000000080100000, 0x0000000080200000, 0x0000000080200000|100%| O|  |TAMS 0x0000000080200000, 0x0000000080100000| Untracked 
|   2|0x0000000080200000, 0x0000000080300000, 0x0000000080300000|100%|HS|  |TAMS 0x0000000080300000, 0x0000000080200000| Complete 
|   3|0x0000000080300000, 0x0000000080400000, 0x0000000080400000|100%|HC|  |TAMS 0x0000000080400000, 0x0000000080300000| Complete 
|   4|0x0000000080400000, 0x0000000080500000, 0x0000000080500000|100%|HC|  |TAMS 0x0000000080500000, 0x0000000080400000| Complete 
|   5|0x0000000080500000, 0x0000000080600000, 0x0000000080600000|100%|HC|  |TAMS 0x0000000080600000, 0x0000000080500000| Complete 
|   6|0x0000000080600000, 0x0000000080700000, 0x0000000080700000|100%| O|  |TAMS 0x0000000080700000, 0x0000000080600000| Untracked 
|   7|0x0000000080700000, 0x0000000080800000, 0x0000000080800000|100%| O|  |TAMS 0x0000000080800000, 0x0000000080700000| Untracked 
|   8|0x0000000080800000, 0x0000000080900000, 0x0000000080900000|100%| O|  |TAMS 0x0000000080900000, 0x0000000080800000| Untracked 
|   9|0x0000000080900000, 0x0000000080a00000, 0x0000000080a00000|100%| O|  |TAMS 0x0000000080a00000, 0x0000000080900000| Untracked 
|  10|0x0000000080a00000, 0x0000000080b00000, 0x0000000080b00000|100%| O|  |TAMS 0x0000000080b00000, 0x0000000080a00000| Untracked 
|  11|0x0000000080b00000, 0x0000000080c00000, 0x0000000080c00000|100%| O|  |TAMS 0x0000000080c00000, 0x0000000080b00000| Untracked 
|  12|0x0000000080c00000, 0x0000000080d00000, 0x0000000080d00000|100%| O|  |TAMS 0x0000000080d00000, 0x0000000080c00000| Untracked 
|  13|0x0000000080d00000, 0x0000000080e00000, 0x0000000080e00000|100%| O|  |TAMS 0x0000000080e00000, 0x0000000080d00000| Untracked 
|  14|0x0000000080e00000, 0x0000000080f00000, 0x0000000080f00000|100%| O|  |TAMS 0x0000000080f00000, 0x0000000080e00000| Untracked 
|  15|0x0000000080f00000, 0x0000000081000000, 0x0000000081000000|100%| O|  |TAMS 0x0000000081000000, 0x0000000080f00000| Untracked 
|  16|0x0000000081000000, 0x0000000081100000, 0x0000000081100000|100%| O|  |TAMS 0x0000000081100000, 0x0000000081000000| Untracked 
|  17|0x0000000081100000, 0x0000000081200000, 0x0000000081200000|100%| O|  |TAMS 0x0000000081200000, 0x0000000081100000| Untracked 
|  18|0x0000000081200000, 0x0000000081300000, 0x0000000081300000|100%| O|  |TAMS 0x0000000081300000, 0x0000000081200000| Untracked 
|  19|0x0000000081300000, 0x0000000081400000, 0x0000000081400000|100%| O|  |TAMS 0x0000000081400000, 0x0000000081300000| Untracked 
|  20|0x0000000081400000, 0x0000000081500000, 0x0000000081500000|100%| O|  |TAMS 0x0000000081400000, 0x0000000081400000| Untracked 
|  21|0x0000000081500000, 0x0000000081600000, 0x0000000081600000|100%| O|  |TAMS 0x0000000081600000, 0x0000000081500000| Untracked 
|  22|0x0000000081600000, 0x0000000081700000, 0x0000000081700000|100%| O|  |TAMS 0x0000000081700000, 0x0000000081600000| Untracked 
|  23|0x0000000081700000, 0x0000000081800000, 0x0000000081800000|100%| O|  |TAMS 0x0000000081700000, 0x0000000081700000| Untracked 
|  24|0x0000000081800000, 0x0000000081900000, 0x0000000081900000|100%| O|  |TAMS 0x0000000081900000, 0x0000000081800000| Untracked 
|  25|0x0000000081900000, 0x0000000081a00000, 0x0000000081a00000|100%| O|  |TAMS 0x0000000081a00000, 0x0000000081900000| Untracked 
|  26|0x0000000081a00000, 0x0000000081b00000, 0x0000000081b00000|100%| O|  |TAMS 0x0000000081b00000, 0x0000000081a00000| Untracked 
|  27|0x0000000081b00000, 0x0000000081c00000, 0x0000000081c00000|100%| O|  |TAMS 0x0000000081c00000, 0x0000000081b00000| Untracked 
|  28|0x0000000081c00000, 0x0000000081d00000, 0x0000000081d00000|100%| O|  |TAMS 0x0000000081d00000, 0x0000000081c00000| Untracked 
|  29|0x0000000081d00000, 0x0000000081e00000, 0x0000000081e00000|100%| O|  |TAMS 0x0000000081e00000, 0x0000000081d00000| Untracked 
|  30|0x0000000081e00000, 0x0000000081f00000, 0x0000000081f00000|100%| O|  |TAMS 0x0000000081f00000, 0x0000000081e00000| Untracked 
|  31|0x0000000081f00000, 0x0000000082000000, 0x0000000082000000|100%| O|  |TAMS 0x0000000082000000, 0x0000000081f00000| Untracked 
|  32|0x0000000082000000, 0x0000000082100000, 0x0000000082100000|100%| O|  |TAMS 0x0000000082100000, 0x0000000082000000| Untracked 
|  33|0x0000000082100000, 0x0000000082200000, 0x0000000082200000|100%| O|  |TAMS 0x00000000821d0400, 0x0000000082100000| Untracked 
|  34|0x0000000082200000, 0x0000000082300000, 0x0000000082300000|100%| O|  |TAMS 0x0000000082300000, 0x0000000082200000| Untracked 
|  35|0x0000000082300000, 0x0000000082400000, 0x0000000082400000|100%| O|  |TAMS 0x0000000082400000, 0x0000000082300000| Untracked 
|  36|0x0000000082400000, 0x0000000082500000, 0x0000000082500000|100%| O|  |TAMS 0x0000000082500000, 0x0000000082400000| Untracked 
|  37|0x0000000082500000, 0x0000000082600000, 0x0000000082600000|100%| O|  |TAMS 0x0000000082600000, 0x0000000082500000| Untracked 
|  38|0x0000000082600000, 0x0000000082700000, 0x0000000082700000|100%|HS|  |TAMS 0x0000000082700000, 0x0000000082600000| Complete 
|  39|0x0000000082700000, 0x0000000082800000, 0x0000000082800000|100%|HS|  |TAMS 0x0000000082800000, 0x0000000082700000| Complete 
|  40|0x0000000082800000, 0x0000000082900000, 0x0000000082900000|100%|HS|  |TAMS 0x0000000082900000, 0x0000000082800000| Complete 
|  41|0x0000000082900000, 0x0000000082a00000, 0x0000000082a00000|100%|HC|  |TAMS 0x0000000082a00000, 0x0000000082900000| Complete 
|  42|0x0000000082a00000, 0x0000000082b00000, 0x0000000082b00000|100%|HS|  |TAMS 0x0000000082b00000, 0x0000000082a00000| Complete 
|  43|0x0000000082b00000, 0x0000000082c00000, 0x0000000082c00000|100%| O|  |TAMS 0x0000000082c00000, 0x0000000082b00000| Untracked 
|  44|0x0000000082c00000, 0x0000000082d00000, 0x0000000082d00000|100%| O|  |TAMS 0x0000000082d00000, 0x0000000082c00000| Untracked 
|  45|0x0000000082d00000, 0x0000000082e00000, 0x0000000082e00000|100%|HS|  |TAMS 0x0000000082e00000, 0x0000000082d00000| Complete 
|  46|0x0000000082e00000, 0x0000000082f00000, 0x0000000082f00000|100%|HC|  |TAMS 0x0000000082f00000, 0x0000000082e00000| Complete 
|  47|0x0000000082f00000, 0x0000000083000000, 0x0000000083000000|100%|HC|  |TAMS 0x0000000083000000, 0x0000000082f00000| Complete 
|  48|0x0000000083000000, 0x0000000083100000, 0x0000000083100000|100%|HC|  |TAMS 0x0000000083100000, 0x0000000083000000| Complete 
|  49|0x0000000083100000, 0x0000000083200000, 0x0000000083200000|100%| O|  |TAMS 0x0000000083200000, 0x0000000083100000| Untracked 
|  50|0x0000000083200000, 0x0000000083300000, 0x0000000083300000|100%| O|  |TAMS 0x0000000083300000, 0x0000000083200000| Untracked 
|  51|0x0000000083300000, 0x0000000083400000, 0x0000000083400000|100%| O|  |TAMS 0x0000000083400000, 0x0000000083300000| Untracked 
|  52|0x0000000083400000, 0x0000000083500000, 0x0000000083500000|100%| O|  |TAMS 0x0000000083500000, 0x0000000083400000| Untracked 
|  53|0x0000000083500000, 0x0000000083600000, 0x0000000083600000|100%| O|  |TAMS 0x0000000083600000, 0x0000000083500000| Untracked 
|  54|0x0000000083600000, 0x0000000083700000, 0x0000000083700000|100%| O|  |TAMS 0x0000000083700000, 0x0000000083600000| Untracked 
|  55|0x0000000083700000, 0x0000000083800000, 0x0000000083800000|100%| O|  |TAMS 0x0000000083700000, 0x0000000083700000| Untracked 
|  56|0x0000000083800000, 0x0000000083900000, 0x0000000083900000|100%| O|  |TAMS 0x0000000083800000, 0x0000000083800000| Untracked 
|  57|0x0000000083900000, 0x0000000083a00000, 0x0000000083a00000|100%| O|  |TAMS 0x0000000083900000, 0x0000000083900000| Untracked 
|  58|0x0000000083a00000, 0x0000000083b00000, 0x0000000083b00000|100%| O|  |TAMS 0x0000000083a00000, 0x0000000083a00000| Untracked 
|  59|0x0000000083b00000, 0x0000000083c00000, 0x0000000083c00000|100%| O|  |TAMS 0x0000000083b00000, 0x0000000083b00000| Untracked 
|  60|0x0000000083c00000, 0x0000000083d00000, 0x0000000083d00000|100%| O|  |TAMS 0x0000000083c00000, 0x0000000083c00000| Untracked 
|  61|0x0000000083d00000, 0x0000000083e00000, 0x0000000083e00000|100%| O|  |TAMS 0x0000000083d00000, 0x0000000083d00000| Untracked 
|  62|0x0000000083e00000, 0x0000000083f00000, 0x0000000083f00000|100%| O|  |TAMS 0x0000000083e00000, 0x0000000083e00000| Untracked 
|  63|0x0000000083f00000, 0x0000000084000000, 0x0000000084000000|100%| O|  |TAMS 0x0000000083f00000, 0x0000000083f00000| Untracked 
|  64|0x0000000084000000, 0x0000000084100000, 0x0000000084100000|100%| O|  |TAMS 0x0000000084000000, 0x0000000084000000| Untracked 
|  65|0x0000000084100000, 0x0000000084200000, 0x0000000084200000|100%| O|  |TAMS 0x0000000084100000, 0x0000000084100000| Untracked 
|  66|0x0000000084200000, 0x0000000084300000, 0x0000000084300000|100%| O|  |TAMS 0x0000000084200000, 0x0000000084200000| Untracked 
|  67|0x0000000084300000, 0x0000000084400000, 0x0000000084400000|100%| O|  |TAMS 0x0000000084300000, 0x0000000084300000| Untracked 
|  68|0x0000000084400000, 0x0000000084500000, 0x0000000084500000|100%| O|  |TAMS 0x0000000084400000, 0x0000000084400000| Untracked 
|  69|0x0000000084500000, 0x0000000084600000, 0x0000000084600000|100%| O|  |TAMS 0x0000000084500000, 0x0000000084500000| Untracked 
|  70|0x0000000084600000, 0x0000000084700000, 0x0000000084700000|100%| O|  |TAMS 0x0000000084600000, 0x0000000084600000| Untracked 
|  71|0x0000000084700000, 0x00000000847c2a00, 0x0000000084800000| 76%| O|  |TAMS 0x0000000084700000, 0x0000000084700000| Untracked 
|  72|0x0000000084800000, 0x0000000084800000, 0x0000000084900000|  0%| F|  |TAMS 0x0000000084800000, 0x0000000084800000| Untracked 
|  73|0x0000000084900000, 0x0000000084900000, 0x0000000084a00000|  0%| F|  |TAMS 0x0000000084900000, 0x0000000084900000| Untracked 
|  74|0x0000000084a00000, 0x0000000084a00000, 0x0000000084b00000|  0%| F|  |TAMS 0x0000000084a00000, 0x0000000084a00000| Untracked 
|  75|0x0000000084b00000, 0x0000000084b00000, 0x0000000084c00000|  0%| F|  |TAMS 0x0000000084b00000, 0x0000000084b00000| Untracked 
|  76|0x0000000084c00000, 0x0000000084c00000, 0x0000000084d00000|  0%| F|  |TAMS 0x0000000084c00000, 0x0000000084c00000| Untracked 
|  77|0x0000000084d00000, 0x0000000084d00000, 0x0000000084e00000|  0%| F|  |TAMS 0x0000000084d00000, 0x0000000084d00000| Untracked 
|  78|0x0000000084e00000, 0x0000000084e00000, 0x0000000084f00000|  0%| F|  |TAMS 0x0000000084e00000, 0x0000000084e00000| Untracked 
|  79|0x0000000084f00000, 0x0000000084f00000, 0x0000000085000000|  0%| F|  |TAMS 0x0000000084f00000, 0x0000000084f00000| Untracked 
|  80|0x0000000085000000, 0x0000000085000000, 0x0000000085100000|  0%| F|  |TAMS 0x0000000085000000, 0x0000000085000000| Untracked 
|  81|0x0000000085100000, 0x0000000085100000, 0x0000000085200000|  0%| F|  |TAMS 0x0000000085100000, 0x0000000085100000| Untracked 
|  82|0x0000000085200000, 0x0000000085200000, 0x0000000085300000|  0%| F|  |TAMS 0x0000000085200000, 0x0000000085200000| Untracked 
|  83|0x0000000085300000, 0x0000000085300000, 0x0000000085400000|  0%| F|  |TAMS 0x0000000085300000, 0x0000000085300000| Untracked 
|  84|0x0000000085400000, 0x0000000085400000, 0x0000000085500000|  0%| F|  |TAMS 0x0000000085400000, 0x0000000085400000| Untracked 
|  85|0x0000000085500000, 0x0000000085500000, 0x0000000085600000|  0%| F|  |TAMS 0x0000000085500000, 0x0000000085500000| Untracked 
|  86|0x0000000085600000, 0x0000000085600000, 0x0000000085700000|  0%| F|  |TAMS 0x0000000085600000, 0x0000000085600000| Untracked 
|  87|0x0000000085700000, 0x0000000085700000, 0x0000000085800000|  0%| F|  |TAMS 0x0000000085700000, 0x0000000085700000| Untracked 
|  88|0x0000000085800000, 0x0000000085800000, 0x0000000085900000|  0%| F|  |TAMS 0x0000000085800000, 0x0000000085800000| Untracked 
|  89|0x0000000085900000, 0x0000000085999c80, 0x0000000085a00000| 60%| S|CS|TAMS 0x0000000085900000, 0x0000000085900000| Complete 
|  90|0x0000000085a00000, 0x0000000085b00000, 0x0000000085b00000|100%| S|CS|TAMS 0x0000000085a00000, 0x0000000085a00000| Complete 
|  91|0x0000000085b00000, 0x0000000085c00000, 0x0000000085c00000|100%| S|CS|TAMS 0x0000000085b00000, 0x0000000085b00000| Complete 
|  92|0x0000000085c00000, 0x0000000085c00000, 0x0000000085d00000|  0%| F|  |TAMS 0x0000000085c00000, 0x0000000085c00000| Untracked 
|  93|0x0000000085d00000, 0x0000000085d00000, 0x0000000085e00000|  0%| F|  |TAMS 0x0000000085d00000, 0x0000000085d00000| Untracked 
|  94|0x0000000085e00000, 0x0000000085e00000, 0x0000000085f00000|  0%| F|  |TAMS 0x0000000085e00000, 0x0000000085e00000| Untracked 
|  95|0x0000000085f00000, 0x0000000085f00000, 0x0000000086000000|  0%| F|  |TAMS 0x0000000085f00000, 0x0000000085f00000| Untracked 
|  96|0x0000000086000000, 0x0000000086100000, 0x0000000086100000|100%| S|CS|TAMS 0x0000000086000000, 0x0000000086000000| Complete 
|  97|0x0000000086100000, 0x0000000086200000, 0x0000000086200000|100%| S|CS|TAMS 0x0000000086100000, 0x0000000086100000| Complete 
|  98|0x0000000086200000, 0x0000000086200000, 0x0000000086300000|  0%| F|  |TAMS 0x0000000086200000, 0x0000000086200000| Untracked 
|  99|0x0000000086300000, 0x0000000086300000, 0x0000000086400000|  0%| F|  |TAMS 0x0000000086300000, 0x0000000086300000| Untracked 
| 100|0x0000000086400000, 0x0000000086400000, 0x0000000086500000|  0%| F|  |TAMS 0x0000000086400000, 0x0000000086400000| Untracked 
| 101|0x0000000086500000, 0x0000000086500000, 0x0000000086600000|  0%| F|  |TAMS 0x0000000086500000, 0x0000000086500000| Untracked 
| 102|0x0000000086600000, 0x0000000086600000, 0x0000000086700000|  0%| F|  |TAMS 0x0000000086600000, 0x0000000086600000| Untracked 
| 103|0x0000000086700000, 0x0000000086700000, 0x0000000086800000|  0%| F|  |TAMS 0x0000000086700000, 0x0000000086700000| Untracked 
| 104|0x0000000086800000, 0x0000000086800000, 0x0000000086900000|  0%| F|  |TAMS 0x0000000086800000, 0x0000000086800000| Untracked 
| 105|0x0000000086900000, 0x0000000086900000, 0x0000000086a00000|  0%| F|  |TAMS 0x0000000086900000, 0x0000000086900000| Untracked 
| 106|0x0000000086a00000, 0x0000000086a00000, 0x0000000086b00000|  0%| F|  |TAMS 0x0000000086a00000, 0x0000000086a00000| Untracked 
| 107|0x0000000086b00000, 0x0000000086b00000, 0x0000000086c00000|  0%| F|  |TAMS 0x0000000086b00000, 0x0000000086b00000| Untracked 
| 108|0x0000000086c00000, 0x0000000086c00000, 0x0000000086d00000|  0%| F|  |TAMS 0x0000000086c00000, 0x0000000086c00000| Untracked 
| 109|0x0000000086d00000, 0x0000000086d00000, 0x0000000086e00000|  0%| F|  |TAMS 0x0000000086d00000, 0x0000000086d00000| Untracked 
| 110|0x0000000086e00000, 0x0000000086e00000, 0x0000000086f00000|  0%| F|  |TAMS 0x0000000086e00000, 0x0000000086e00000| Untracked 
| 111|0x0000000086f00000, 0x0000000086f00000, 0x0000000087000000|  0%| F|  |TAMS 0x0000000086f00000, 0x0000000086f00000| Untracked 
| 112|0x0000000087000000, 0x0000000087000000, 0x0000000087100000|  0%| F|  |TAMS 0x0000000087000000, 0x0000000087000000| Untracked 
| 113|0x0000000087100000, 0x0000000087100000, 0x0000000087200000|  0%| F|  |TAMS 0x0000000087100000, 0x0000000087100000| Untracked 
| 114|0x0000000087200000, 0x0000000087200000, 0x0000000087300000|  0%| F|  |TAMS 0x0000000087200000, 0x0000000087200000| Untracked 
| 115|0x0000000087300000, 0x0000000087300000, 0x0000000087400000|  0%| F|  |TAMS 0x0000000087300000, 0x0000000087300000| Untracked 
| 116|0x0000000087400000, 0x0000000087400000, 0x0000000087500000|  0%| F|  |TAMS 0x0000000087400000, 0x0000000087400000| Untracked 
| 117|0x0000000087500000, 0x0000000087500000, 0x0000000087600000|  0%| F|  |TAMS 0x0000000087500000, 0x0000000087500000| Untracked 
| 118|0x0000000087600000, 0x0000000087600000, 0x0000000087700000|  0%| F|  |TAMS 0x0000000087600000, 0x0000000087600000| Untracked 
| 119|0x0000000087700000, 0x0000000087700000, 0x0000000087800000|  0%| F|  |TAMS 0x0000000087700000, 0x0000000087700000| Untracked 
| 120|0x0000000087800000, 0x0000000087800000, 0x0000000087900000|  0%| F|  |TAMS 0x0000000087800000, 0x0000000087800000| Untracked 
| 121|0x0000000087900000, 0x0000000087900000, 0x0000000087a00000|  0%| F|  |TAMS 0x0000000087900000, 0x0000000087900000| Untracked 
| 122|0x0000000087a00000, 0x0000000087a00000, 0x0000000087b00000|  0%| F|  |TAMS 0x0000000087a00000, 0x0000000087a00000| Untracked 
| 123|0x0000000087b00000, 0x0000000087b00000, 0x0000000087c00000|  0%| F|  |TAMS 0x0000000087b00000, 0x0000000087b00000| Untracked 
| 124|0x0000000087c00000, 0x0000000087c00000, 0x0000000087d00000|  0%| F|  |TAMS 0x0000000087c00000, 0x0000000087c00000| Untracked 
| 125|0x0000000087d00000, 0x0000000087d00000, 0x0000000087e00000|  0%| F|  |TAMS 0x0000000087d00000, 0x0000000087d00000| Untracked 
| 126|0x0000000087e00000, 0x0000000087e00000, 0x0000000087f00000|  0%| F|  |TAMS 0x0000000087e00000, 0x0000000087e00000| Untracked 
| 127|0x0000000087f00000, 0x0000000087f00000, 0x0000000088000000|  0%| F|  |TAMS 0x0000000087f00000, 0x0000000087f00000| Untracked 

Card table byte_map: [0x000001f7a89b0000,0x000001f7a8db0000] _byte_map_base: 0x000001f7a85b0000

Marking Bits (Prev, Next): (CMBitMap*) 0x000001f796173970, (CMBitMap*) 0x000001f796173930
 Prev Bits: [0x000001f7ab1b0000, 0x000001f7ad1b0000)
 Next Bits: [0x000001f7a91b0000, 0x000001f7ab1b0000)

Polling page: 0x000001f793f60000

Metaspace:

Usage:
  Non-class:     74.14 MB used.
      Class:     11.70 MB used.
       Both:     85.84 MB used.

Virtual space:
  Non-class space:       80.00 MB reserved,      74.44 MB ( 93%) committed,  10 nodes.
      Class space:        1.00 GB reserved,      12.00 MB (  1%) committed,  1 nodes.
             Both:        1.08 GB reserved,      86.44 MB (  8%) committed. 

Chunk freelists:
   Non-Class:  672.00 KB
       Class:  3.86 MB
        Both:  4.52 MB

MaxMetaspaceSize: unlimited
CompressedClassSpaceSize: 1.00 GB
Initial GC threshold: 21.00 MB
Current GC threshold: 103.06 MB
CDS: off
MetaspaceReclaimPolicy: balanced
 - commit_granule_bytes: 65536.
 - commit_granule_words: 8192.
 - virtual_space_node_default_size: 1048576.
 - enlarge_chunks_in_place: 1.
 - new_chunks_are_fully_committed: 0.
 - uncommit_free_chunks: 1.
 - use_allocation_guard: 0.
 - handle_deallocations: 1.


Internal statistics:

num_allocs_failed_limit: 6.
num_arena_births: 836.
num_arena_deaths: 0.
num_vsnodes_births: 11.
num_vsnodes_deaths: 0.
num_space_committed: 1383.
num_space_uncommitted: 0.
num_chunks_returned_to_freelist: 6.
num_chunks_taken_from_freelist: 3978.
num_chunk_merges: 6.
num_chunk_splits: 2696.
num_chunks_enlarged: 1860.
num_purges: 0.
num_inconsistent_stats: 0.

CodeHeap 'non-profiled nmethods': size=120000Kb used=4795Kb max_used=4795Kb free=115204Kb
 bounds [0x000001f7a1080000, 0x000001f7a1530000, 0x000001f7a85b0000]
CodeHeap 'profiled nmethods': size=120000Kb used=16555Kb max_used=16555Kb free=103444Kb
 bounds [0x000001f7995b0000, 0x000001f79a5e0000, 0x000001f7a0ae0000]
CodeHeap 'non-nmethods': size=5760Kb used=2383Kb max_used=2445Kb free=3376Kb
 bounds [0x000001f7a0ae0000, 0x000001f7a0d60000, 0x000001f7a1080000]
 total_blobs=9266 nmethods=8349 adapters=829
 compilation: enabled
              stopped_count=0, restarted_count=0
 full_count=0

Compilation events (20 events):
Event: 120.214 Thread 0x000001f7b000bb10 nmethod 9250 0x000001f79a5d8590 code [0x000001f79a5d87a0, 0x000001f79a5d8e88]
Event: 120.214 Thread 0x000001f7b000bb10 9251       3       org.gradle.internal.instantiation.generator.AsmBackedClassGenerator$ClassBuilderImpl$$Lambda$118/0x000000010026df20::<init> (10 bytes)
Event: 120.215 Thread 0x000001f7b000bb10 nmethod 9251 0x000001f79a5d9110 code [0x000001f79a5d92a0, 0x000001f79a5d9458]
Event: 120.215 Thread 0x000001f7b000bb10 9252       3       org.gradle.internal.instantiation.generator.AsmBackedClassGenerator$ClassBuilderImpl$$Lambda$118/0x000000010026df20::emit (9 bytes)
Event: 120.216 Thread 0x000001f7b000bb10 nmethod 9252 0x000001f79a5d9510 code [0x000001f79a5d96c0, 0x000001f79a5d98c8]
Event: 120.230 Thread 0x000001f7b000b160 nmethod 9221 0x000001f7a1523310 code [0x000001f7a15234a0, 0x000001f7a15237d8]
Event: 120.230 Thread 0x000001f7b000b160 9204       4       org.objectweb.asm.Type::getType (122 bytes)
Event: 120.277 Thread 0x000001f7b000b160 nmethod 9204 0x000001f7a1523a90 code [0x000001f7a1523c80, 0x000001f7a15244b8]
Event: 120.278 Thread 0x000001f7b000b160 9178       4       sun.reflect.generics.parser.SignatureParser::parseFieldTypeSignature (73 bytes)
Event: 120.322 Thread 0x000001f7b2abd160 nmethod 9162 0x000001f7a1524990 code [0x000001f7a1524d60, 0x000001f7a1529e40]
Event: 120.419 Thread 0x000001f7b000b160 nmethod 9178 0x000001f7a152bf90 code [0x000001f7a152c220, 0x000001f7a152d768]
Event: 120.435 Thread 0x000001f7b000b160 9253       4       sun.reflect.annotation.AnnotationType::getInstance (65 bytes)
Event: 120.443 Thread 0x000001f7b000b160 nmethod 9253 0x000001f7a152e490 code [0x000001f7a152e640, 0x000001f7a152e7d8]
Event: 120.445 Thread 0x000001f7b000bb10 9254       1       java.util.Formatter$FixedString::index (3 bytes)
Event: 120.445 Thread 0x000001f7b000bb10 nmethod 9254 0x000001f7a152e990 code [0x000001f7a152eb20, 0x000001f7a152ebf8]
Event: 120.458 Thread 0x000001f7b000bb10 9255       3       java.util.regex.Pattern$CharPropertyGreedy::match (160 bytes)
Event: 120.460 Thread 0x000001f7b000bb10 nmethod 9255 0x000001f79a5d9a10 code [0x000001f79a5d9c40, 0x000001f79a5da608]
Event: 120.461 Thread 0x000001f7b000bb10 9256       3       java.util.Formatter$Flags::contains (22 bytes)
Event: 120.461 Thread 0x000001f7b000bb10 nmethod 9256 0x000001f79a5da910 code [0x000001f79a5daaa0, 0x000001f79a5dac58]
Event: 120.480 Thread 0x000001f7b000b160 9257   !   4       com.google.common.collect.MapMakerInternalMap$Segment::put (298 bytes)

GC Heap History (20 events):
Event: 94.870 GC heap after
{Heap after GC invocations=29 (full 0):
 garbage-first heap   total 99328K, used 55328K [0x0000000080000000, 0x0000000100000000)
  region size 1024K, 1 young (1024K), 1 survivors (1024K)
 Metaspace       used 59390K, committed 59968K, reserved 1105920K
  class space    used 7873K, committed 8128K, reserved 1048576K
}
Event: 96.901 GC heap before
{Heap before GC invocations=29 (full 0):
 garbage-first heap   total 99328K, used 71712K [0x0000000080000000, 0x0000000100000000)
  region size 1024K, 18 young (18432K), 1 survivors (1024K)
 Metaspace       used 62343K, committed 62848K, reserved 1105920K
  class space    used 8285K, committed 8512K, reserved 1048576K
}
Event: 96.916 GC heap after
{Heap after GC invocations=30 (full 0):
 garbage-first heap   total 130048K, used 56204K [0x0000000080000000, 0x0000000100000000)
  region size 1024K, 2 young (2048K), 2 survivors (2048K)
 Metaspace       used 62343K, committed 62848K, reserved 1105920K
  class space    used 8285K, committed 8512K, reserved 1048576K
}
Event: 100.268 GC heap before
{Heap before GC invocations=31 (full 0):
 garbage-first heap   total 130048K, used 97164K [0x0000000080000000, 0x0000000100000000)
  region size 1024K, 36 young (36864K), 2 survivors (2048K)
 Metaspace       used 65907K, committed 66496K, reserved 1114112K
  class space    used 8737K, committed 9024K, reserved 1048576K
}
Event: 100.293 GC heap after
{Heap after GC invocations=32 (full 0):
 garbage-first heap   total 130048K, used 60072K [0x0000000080000000, 0x0000000100000000)
  region size 1024K, 5 young (5120K), 5 survivors (5120K)
 Metaspace       used 65907K, committed 66496K, reserved 1114112K
  class space    used 8737K, committed 9024K, reserved 1048576K
}
Event: 100.333 GC heap before
{Heap before GC invocations=32 (full 0):
 garbage-first heap   total 130048K, used 61096K [0x0000000080000000, 0x0000000100000000)
  region size 1024K, 6 young (6144K), 5 survivors (5120K)
 Metaspace       used 65932K, committed 66496K, reserved 1114112K
  class space    used 8739K, committed 9024K, reserved 1048576K
}
Event: 100.366 GC heap after
{Heap after GC invocations=33 (full 0):
 garbage-first heap   total 130048K, used 60330K [0x0000000080000000, 0x0000000100000000)
  region size 1024K, 1 young (1024K), 1 survivors (1024K)
 Metaspace       used 65932K, committed 66496K, reserved 1114112K
  class space    used 8739K, committed 9024K, reserved 1048576K
}
Event: 103.367 GC heap before
{Heap before GC invocations=33 (full 0):
 garbage-first heap   total 130048K, used 94122K [0x0000000080000000, 0x0000000100000000)
  region size 1024K, 34 young (34816K), 1 survivors (1024K)
 Metaspace       used 69120K, committed 69696K, reserved 1114112K
  class space    used 9158K, committed 9408K, reserved 1048576K
}
Event: 103.388 GC heap after
{Heap after GC invocations=34 (full 0):
 garbage-first heap   total 130048K, used 62404K [0x0000000080000000, 0x0000000100000000)
  region size 1024K, 3 young (3072K), 3 survivors (3072K)
 Metaspace       used 69120K, committed 69696K, reserved 1114112K
  class space    used 9158K, committed 9408K, reserved 1048576K
}
Event: 106.090 GC heap before
{Heap before GC invocations=34 (full 0):
 garbage-first heap   total 130048K, used 97220K [0x0000000080000000, 0x0000000100000000)
  region size 1024K, 37 young (37888K), 3 survivors (3072K)
 Metaspace       used 73532K, committed 74112K, reserved 1114112K
  class space    used 9771K, committed 10048K, reserved 1048576K
}
Event: 106.117 GC heap after
{Heap after GC invocations=35 (full 0):
 garbage-first heap   total 130048K, used 64687K [0x0000000080000000, 0x0000000100000000)
  region size 1024K, 3 young (3072K), 3 survivors (3072K)
 Metaspace       used 73532K, committed 74112K, reserved 1114112K
  class space    used 9771K, committed 10048K, reserved 1048576K
}
Event: 109.709 GC heap before
{Heap before GC invocations=35 (full 0):
 garbage-first heap   total 130048K, used 99503K [0x0000000080000000, 0x0000000100000000)
  region size 1024K, 37 young (37888K), 3 survivors (3072K)
 Metaspace       used 76077K, committed 76672K, reserved 1122304K
  class space    used 10111K, committed 10368K, reserved 1048576K
}
Event: 109.749 GC heap after
{Heap after GC invocations=36 (full 0):
 garbage-first heap   total 130048K, used 69403K [0x0000000080000000, 0x0000000100000000)
  region size 1024K, 5 young (5120K), 5 survivors (5120K)
 Metaspace       used 76077K, committed 76672K, reserved 1122304K
  class space    used 10111K, committed 10368K, reserved 1048576K
}
Event: 112.437 GC heap before
{Heap before GC invocations=36 (full 0):
 garbage-first heap   total 130048K, used 101147K [0x0000000080000000, 0x0000000100000000)
  region size 1024K, 36 young (36864K), 5 survivors (5120K)
 Metaspace       used 78396K, committed 79040K, reserved 1122304K
  class space    used 10426K, committed 10688K, reserved 1048576K
}
Event: 112.514 GC heap after
{Heap after GC invocations=37 (full 0):
 garbage-first heap   total 130048K, used 72887K [0x0000000080000000, 0x0000000100000000)
  region size 1024K, 4 young (4096K), 4 survivors (4096K)
 Metaspace       used 78396K, committed 79040K, reserved 1122304K
  class space    used 10426K, committed 10688K, reserved 1048576K
}
Event: 115.125 GC heap before
{Heap before GC invocations=37 (full 0):
 garbage-first heap   total 130048K, used 101559K [0x0000000080000000, 0x0000000100000000)
  region size 1024K, 33 young (33792K), 4 survivors (4096K)
 Metaspace       used 82118K, committed 82752K, reserved 1122304K
  class space    used 11143K, committed 11456K, reserved 1048576K
}
Event: 115.150 GC heap after
{Heap after GC invocations=38 (full 0):
 garbage-first heap   total 130048K, used 73797K [0x0000000080000000, 0x0000000100000000)
  region size 1024K, 2 young (2048K), 2 survivors (2048K)
 Metaspace       used 82118K, committed 82752K, reserved 1122304K
  class space    used 11143K, committed 11456K, reserved 1048576K
}
Event: 117.719 GC heap before
{Heap before GC invocations=38 (full 0):
 garbage-first heap   total 130048K, used 103493K [0x0000000080000000, 0x0000000100000000)
  region size 1024K, 31 young (31744K), 2 survivors (2048K)
 Metaspace       used 85203K, committed 85824K, reserved 1130496K
  class space    used 11604K, committed 11904K, reserved 1048576K
}
Event: 117.749 GC heap after
{Heap after GC invocations=39 (full 0):
 garbage-first heap   total 130048K, used 75570K [0x0000000080000000, 0x0000000100000000)
  region size 1024K, 4 young (4096K), 4 survivors (4096K)
 Metaspace       used 85203K, committed 85824K, reserved 1130496K
  class space    used 11604K, committed 11904K, reserved 1048576K
}
Event: 120.515 GC heap before
{Heap before GC invocations=39 (full 0):
 garbage-first heap   total 130048K, used 105266K [0x0000000080000000, 0x0000000100000000)
  region size 1024K, 33 young (33792K), 4 survivors (4096K)
 Metaspace       used 87898K, committed 88512K, reserved 1130496K
  class space    used 11982K, committed 12288K, reserved 1048576K
}

Dll operation events (2 events):
Event: 0.080 Loaded shared library C:\Program Files\Android\Android Studio\jbr\bin\java.dll
Event: 3.617 Loaded shared library C:\Program Files\Android\Android Studio\jbr\bin\verify.dll

Deoptimization events (20 events):
Event: 119.444 Thread 0x000001f7b0f2f040 Uncommon trap: trap_request=0xffffff45 fr.pc=0x000001f7a10fa238 relative=0x0000000000000958
Event: 119.444 Thread 0x000001f7b0f2f040 Uncommon trap: reason=unstable_if action=reinterpret pc=0x000001f7a10fa238 method=java.util.HashMap.resize()[Ljava/util/HashMap$Node; @ 203 c2
Event: 119.445 Thread 0x000001f7b0f2f040 DEOPT PACKING pc=0x000001f7a10fa238 sp=0x00000051ecdf8d30
Event: 119.445 Thread 0x000001f7b0f2f040 DEOPT UNPACKING pc=0x000001f7a0b369a3 sp=0x00000051ecdf8cd0 mode 2
Event: 119.445 Thread 0x000001f7b0f2f040 Uncommon trap: trap_request=0xffffff45 fr.pc=0x000001f7a127a37c relative=0x000000000000243c
Event: 119.445 Thread 0x000001f7b0f2f040 Uncommon trap: reason=unstable_if action=reinterpret pc=0x000001f7a127a37c method=java.util.HashMap.getNode(Ljava/lang/Object;)Ljava/util/HashMap$Node; @ 85 c2
Event: 119.445 Thread 0x000001f7b0f2f040 DEOPT PACKING pc=0x000001f7a127a37c sp=0x00000051ecdf8dd0
Event: 119.445 Thread 0x000001f7b0f2f040 DEOPT UNPACKING pc=0x000001f7a0b369a3 sp=0x00000051ecdf8cb8 mode 2
Event: 119.445 Thread 0x000001f7b0f2f040 Uncommon trap: trap_request=0xffffff45 fr.pc=0x000001f7a11edd84 relative=0x00000000000002e4
Event: 119.445 Thread 0x000001f7b0f2f040 Uncommon trap: reason=unstable_if action=reinterpret pc=0x000001f7a11edd84 method=java.util.HashMap.getNode(Ljava/lang/Object;)Ljava/util/HashMap$Node; @ 85 c2
Event: 119.445 Thread 0x000001f7b0f2f040 DEOPT PACKING pc=0x000001f7a11edd84 sp=0x00000051ecdf8d80
Event: 119.445 Thread 0x000001f7b0f2f040 DEOPT UNPACKING pc=0x000001f7a0b369a3 sp=0x00000051ecdf8ca0 mode 2
Event: 119.446 Thread 0x000001f7b0f2f040 Uncommon trap: trap_request=0xffffff45 fr.pc=0x000001f7a1137274 relative=0x0000000000000254
Event: 119.446 Thread 0x000001f7b0f2f040 Uncommon trap: reason=unstable_if action=reinterpret pc=0x000001f7a1137274 method=java.util.HashMap.getNode(Ljava/lang/Object;)Ljava/util/HashMap$Node; @ 85 c2
Event: 119.446 Thread 0x000001f7b0f2f040 DEOPT PACKING pc=0x000001f7a1137274 sp=0x00000051ecdf8d20
Event: 119.446 Thread 0x000001f7b0f2f040 DEOPT UNPACKING pc=0x000001f7a0b369a3 sp=0x00000051ecdf8ca0 mode 2
Event: 119.747 Thread 0x000001f7b0f2f040 DEOPT PACKING pc=0x000001f79a5462f6 sp=0x00000051ecdf8e70
Event: 119.747 Thread 0x000001f7b0f2f040 DEOPT UNPACKING pc=0x000001f7a0b37143 sp=0x00000051ecdf8438 mode 0
Event: 119.943 Thread 0x000001f7b0f2f040 DEOPT PACKING pc=0x000001f79a5462f6 sp=0x00000051ecdf8c40
Event: 119.943 Thread 0x000001f7b0f2f040 DEOPT UNPACKING pc=0x000001f7a0b37143 sp=0x00000051ecdf8208 mode 0

Classes unloaded (0 events):
No events

Classes redefined (0 events):
No events

Internal exceptions (20 events):
Event: 108.150 Thread 0x000001f7b0f2f040 Exception <a 'java/lang/ClassNotFoundException'{0x0000000086b22490}: org/jetbrains/kotlin/gradle/targets/js/npm/DefaultPeerNpmDependencyExtension$delegate$1BeanInfo> (0x0000000086b22490) 
thrown [s\src\hotspot\share\classfile\systemDictionary.cpp, line 256]
Event: 108.156 Thread 0x000001f7b0f2f040 Exception <a 'java/lang/ClassNotFoundException'{0x0000000086b2eee0}: org/jetbrains/kotlin/gradle/targets/js/npm/DefaultPeerNpmDependencyExtension$delegate$1Customizer> (0x0000000086b2eee0) 
thrown [s\src\hotspot\share\classfile\systemDictionary.cpp, line 256]
Event: 114.764 Thread 0x000001f7b0f2f040 Exception <a 'java/lang/NoSuchMethodError'{0x00000000867d51b0}: 'int java.lang.invoke.DirectMethodHandle$Holder.invokeSpecialIFC(java.lang.Object, java.lang.Object, java.lang.Object, java.lang.Object, java.lang.Object)'> (0x00000000867d51b0) 
thrown [s\src\hotspot\share\interpreter\linkResolver.cpp, line 771]
Event: 115.669 Thread 0x000001f7b0f2f040 Exception <a 'java/lang/ClassNotFoundException'{0x00000000876153a0}: com/android/build/gradle/internal/api/ApkVariantOutputImpl_DecoratedBeanInfo> (0x00000000876153a0) 
thrown [s\src\hotspot\share\classfile\systemDictionary.cpp, line 256]
Event: 115.671 Thread 0x000001f7b0f2f040 Exception <a 'java/lang/ClassNotFoundException'{0x0000000087622a90}: com/android/build/gradle/internal/api/ApkVariantOutputImplBeanInfo> (0x0000000087622a90) 
thrown [s\src\hotspot\share\classfile\systemDictionary.cpp, line 256]
Event: 115.673 Thread 0x000001f7b0f2f040 Exception <a 'java/lang/ClassNotFoundException'{0x0000000087630190}: com/android/build/gradle/internal/api/BaseVariantOutputImplBeanInfo> (0x0000000087630190) 
thrown [s\src\hotspot\share\classfile\systemDictionary.cpp, line 256]
Event: 115.675 Thread 0x000001f7b0f2f040 Exception <a 'java/lang/ClassNotFoundException'{0x000000008763db10}: com/android/build/gradle/internal/api/BaseVariantOutputImplCustomizer> (0x000000008763db10) 
thrown [s\src\hotspot\share\classfile\systemDictionary.cpp, line 256]
Event: 115.681 Thread 0x000001f7b0f2f040 Exception <a 'java/lang/ClassNotFoundException'{0x000000008765db98}: com/android/build/gradle/internal/api/ApkVariantOutputImplCustomizer> (0x000000008765db98) 
thrown [s\src\hotspot\share\classfile\systemDictionary.cpp, line 256]
Event: 115.688 Thread 0x000001f7b0f2f040 Exception <a 'java/lang/ClassNotFoundException'{0x0000000087677f20}: com/android/build/gradle/internal/api/ApkVariantOutputImpl_DecoratedCustomizer> (0x0000000087677f20) 
thrown [s\src\hotspot\share\classfile\systemDictionary.cpp, line 256]
Event: 116.222 Thread 0x000001f7b0f2f040 Exception <a 'java/lang/ClassNotFoundException'{0x0000000087043870}: com/android/build/gradle/internal/api/ReadOnlyBuildTypeBeanInfo> (0x0000000087043870) 
thrown [s\src\hotspot\share\classfile\systemDictionary.cpp, line 256]
Event: 116.224 Thread 0x000001f7b0f2f040 Exception <a 'java/lang/ClassNotFoundException'{0x00000000870511b0}: com/android/build/gradle/internal/api/ReadOnlyBaseConfigBeanInfo> (0x00000000870511b0) 
thrown [s\src\hotspot\share\classfile\systemDictionary.cpp, line 256]
Event: 116.227 Thread 0x000001f7b0f2f040 Exception <a 'java/lang/ClassNotFoundException'{0x000000008705eb10}: com/android/build/gradle/internal/api/ReadOnlyBaseConfigCustomizer> (0x000000008705eb10) 
thrown [s\src\hotspot\share\classfile\systemDictionary.cpp, line 256]
Event: 116.232 Thread 0x000001f7b0f2f040 Exception <a 'java/lang/ClassNotFoundException'{0x000000008707d018}: com/android/build/gradle/internal/api/ReadOnlyBuildTypeCustomizer> (0x000000008707d018) 
thrown [s\src\hotspot\share\classfile\systemDictionary.cpp, line 256]
Event: 117.683 Thread 0x000001f7b0f2f040 Implicit null exception at 0x000001f7a141afc5 to 0x000001f7a141b950
Event: 117.683 Thread 0x000001f7b0f2f040 Implicit null exception at 0x000001f7a141915b to 0x000001f7a14191e4
Event: 117.684 Thread 0x000001f7b0f2f040 Implicit null exception at 0x000001f7a141afc5 to 0x000001f7a141b950
Event: 117.684 Thread 0x000001f7b0f2f040 Implicit null exception at 0x000001f7a141afc5 to 0x000001f7a141b950
Event: 117.684 Thread 0x000001f7b0f2f040 Implicit null exception at 0x000001f7a141afc5 to 0x000001f7a141b950
Event: 117.689 Thread 0x000001f7b0f2f040 Implicit null exception at 0x000001f7a14d8553 to 0x000001f7a14d8608
Event: 120.251 Thread 0x000001f7b0f2f040 Exception <a 'sun/nio/fs/WindowsException'{0x00000000865b9348}> (0x00000000865b9348) 
thrown [s\src\hotspot\share\prims\jni.cpp, line 517]

VM Operations (20 events):
Event: 114.129 Executing VM operation: HandshakeAllThreads done
Event: 115.124 Executing VM operation: G1CollectForAllocation
Event: 115.150 Executing VM operation: G1CollectForAllocation done
Event: 116.158 Executing VM operation: Cleanup
Event: 116.160 Executing VM operation: Cleanup done
Event: 117.166 Executing VM operation: Cleanup
Event: 117.166 Executing VM operation: Cleanup done
Event: 117.484 Executing VM operation: HandshakeAllThreads
Event: 117.485 Executing VM operation: HandshakeAllThreads done
Event: 117.719 Executing VM operation: G1CollectForAllocation
Event: 117.749 Executing VM operation: G1CollectForAllocation done
Event: 118.433 Executing VM operation: HandshakeAllThreads
Event: 118.434 Executing VM operation: HandshakeAllThreads done
Event: 118.600 Executing VM operation: HandshakeAllThreads
Event: 118.601 Executing VM operation: HandshakeAllThreads done
Event: 118.976 Executing VM operation: ICBufferFull
Event: 118.976 Executing VM operation: ICBufferFull done
Event: 119.984 Executing VM operation: Cleanup
Event: 119.984 Executing VM operation: Cleanup done
Event: 120.515 Executing VM operation: G1CollectForAllocation

Events (20 events):
Event: 115.458 Thread 0x000001f7b2abefc0 Thread added: 0x000001f7b2abefc0
Event: 116.803 loading class java/io/CharArrayWriter
Event: 116.804 loading class java/io/CharArrayWriter done
Event: 117.002 Thread 0x000001f7b2abefc0 Thread exited: 0x000001f7b2abefc0
Event: 117.192 Thread 0x000001f7b2abd160 Thread added: 0x000001f7b2abd160
Event: 117.486 loading class java/util/Stack
Event: 117.487 loading class java/util/Stack done
Event: 117.669 loading class java/lang/AbstractMethodError
Event: 117.669 loading class java/lang/AbstractMethodError done
Event: 118.426 loading class java/util/AbstractList$ListItr
Event: 118.431 loading class java/util/AbstractList$ListItr done
Event: 118.935 loading class java/util/zip/ZipOutputStream
Event: 118.936 loading class java/util/zip/ZipOutputStream done
Event: 120.220 loading class java/net/Proxy
Event: 120.220 loading class java/net/Proxy done
Event: 120.220 loading class java/net/Proxy$Type
Event: 120.221 loading class java/net/Proxy$Type done
Event: 120.426 loading class javax/xml/namespace/QName
Event: 120.426 loading class javax/xml/namespace/QName done
Event: 120.435 Thread 0x000001f7b2abd160 Thread exited: 0x000001f7b2abd160


Dynamic libraries:
0x00007ff6b0300000 - 0x00007ff6b030a000 	C:\Program Files\Android\Android Studio\jbr\bin\java.exe
0x00007ffea9590000 - 0x00007ffea9788000 	C:\WINDOWS\SYSTEM32\ntdll.dll
0x00007ffea9020000 - 0x00007ffea90df000 	C:\WINDOWS\System32\KERNEL32.DLL
0x00007ffea6e40000 - 0x00007ffea7112000 	C:\WINDOWS\System32\KERNELBASE.dll
0x00007ffea6ce0000 - 0x00007ffea6de0000 	C:\WINDOWS\System32\ucrtbase.dll
0x00007ffe9c760000 - 0x00007ffe9c777000 	C:\Program Files\Android\Android Studio\jbr\bin\jli.dll
0x00007ffe84620000 - 0x00007ffe8463b000 	C:\Program Files\Android\Android Studio\jbr\bin\VCRUNTIME140.dll
0x00007ffea8170000 - 0x00007ffea8311000 	C:\WINDOWS\System32\USER32.dll
0x00007ffea6de0000 - 0x00007ffea6e02000 	C:\WINDOWS\System32\win32u.dll
0x00007ffea0480000 - 0x00007ffea071a000 	C:\WINDOWS\WinSxS\amd64_microsoft.windows.common-controls_6595b64144ccf1df_6.0.19041.1110_none_60b5254171f9507e\COMCTL32.dll
0x00007ffea7780000 - 0x00007ffea781e000 	C:\WINDOWS\System32\msvcrt.dll
0x00007ffea7db0000 - 0x00007ffea7ddb000 	C:\WINDOWS\System32\GDI32.dll
0x00007ffea7120000 - 0x00007ffea722f000 	C:\WINDOWS\System32\gdi32full.dll
0x00007ffea7420000 - 0x00007ffea74bd000 	C:\WINDOWS\System32\msvcp_win.dll
0x00007ffea75f0000 - 0x00007ffea7620000 	C:\WINDOWS\System32\IMM32.DLL
0x00007ffea6aa0000 - 0x00007ffea6ad1000 	C:\WINDOWS\system32\nvinitx.dll
0x00007ffea8c90000 - 0x00007ffea8d3e000 	C:\WINDOWS\System32\ADVAPI32.dll
0x00007ffea7eb0000 - 0x00007ffea7f4c000 	C:\WINDOWS\System32\sechost.dll
0x00007ffea6a90000 - 0x00007ffea6a9a000 	C:\WINDOWS\SYSTEM32\VERSION.dll
0x00007ffea8d40000 - 0x00007ffea8e64000 	C:\WINDOWS\System32\RPCRT4.dll
0x000000000f000000 - 0x000000000f006000 	C:\Program Files\NVIDIA Corporation\CoProcManager\_etoured.dll
0x00007ffea10a0000 - 0x00007ffea10d2000 	C:\Program Files\NVIDIA Corporation\CoProcManager\nvd3d9wrapx.dll
0x00007ffea7820000 - 0x00007ffea7c88000 	C:\WINDOWS\System32\SETUPAPI.dll
0x00007ffea6c90000 - 0x00007ffea6cde000 	C:\WINDOWS\System32\cfgmgr32.dll
0x00007ffea6e10000 - 0x00007ffea6e37000 	C:\WINDOWS\System32\bcrypt.dll
0x00007ffea1070000 - 0x00007ffea1092000 	C:\Program Files\NVIDIA Corporation\CoProcManager\nvdxgiwrapx.dll
0x00007ffe8cfd0000 - 0x00007ffe8cfdc000 	C:\Program Files\Android\Android Studio\jbr\bin\vcruntime140_1.dll
0x00007ffe823e0000 - 0x00007ffe8246d000 	C:\Program Files\Android\Android Studio\jbr\bin\msvcp140.dll
0x00007ffe78e00000 - 0x00007ffe79a6e000 	C:\Program Files\Android\Android Studio\jbr\bin\server\jvm.dll
0x00007ffea08b0000 - 0x00007ffea08d7000 	C:\WINDOWS\SYSTEM32\WINMM.dll
0x00007ffe8c350000 - 0x00007ffe8c359000 	C:\WINDOWS\SYSTEM32\WSOCK32.dll
0x00007ffea7620000 - 0x00007ffea768b000 	C:\WINDOWS\System32\WS2_32.dll
0x00007ffea4a20000 - 0x00007ffea4a32000 	C:\WINDOWS\SYSTEM32\kernel.appcore.dll
0x00007ffea3e20000 - 0x00007ffea3e2a000 	C:\Program Files\Android\Android Studio\jbr\bin\jimage.dll
0x00007ffe9a760000 - 0x00007ffe9a944000 	C:\WINDOWS\SYSTEM32\DBGHELP.DLL
0x00007ffe9a210000 - 0x00007ffe9a245000 	C:\WINDOWS\SYSTEM32\dbgcore.DLL
0x00007ffea7230000 - 0x00007ffea72b2000 	C:\WINDOWS\System32\bcryptPrimitives.dll
0x00007ffea3d80000 - 0x00007ffea3da5000 	C:\Program Files\Android\Android Studio\jbr\bin\java.dll
0x00007ffe9ecd0000 - 0x00007ffe9ece8000 	C:\Program Files\Android\Android Studio\jbr\bin\zip.dll
0x00007ffea8320000 - 0x00007ffea8a65000 	C:\WINDOWS\System32\SHELL32.dll
0x00007ffea4d00000 - 0x00007ffea5492000 	C:\WINDOWS\SYSTEM32\windows.storage.dll
0x00007ffea91f0000 - 0x00007ffea9545000 	C:\WINDOWS\System32\combase.dll
0x00007ffea65c0000 - 0x00007ffea65f0000 	C:\WINDOWS\SYSTEM32\Wldp.dll
0x00007ffea90e0000 - 0x00007ffea918d000 	C:\WINDOWS\System32\SHCORE.dll
0x00007ffea9190000 - 0x00007ffea91e5000 	C:\WINDOWS\System32\shlwapi.dll
0x00007ffea6bd0000 - 0x00007ffea6bef000 	C:\WINDOWS\SYSTEM32\profapi.dll
0x00007ffe9eb20000 - 0x00007ffe9eb39000 	C:\Program Files\Android\Android Studio\jbr\bin\net.dll
0x00007ffea0370000 - 0x00007ffea047a000 	C:\WINDOWS\SYSTEM32\WINHTTP.dll
0x00007ffea6320000 - 0x00007ffea638a000 	C:\WINDOWS\system32\mswsock.dll
0x00007ffe9eb00000 - 0x00007ffe9eb16000 	C:\Program Files\Android\Android Studio\jbr\bin\nio.dll
0x00007ffe9ecc0000 - 0x00007ffe9ecd0000 	C:\Program Files\Android\Android Studio\jbr\bin\verify.dll
0x00007ffe83e00000 - 0x00007ffe83e27000 	C:\Users\Hakim\.gradle\native\68d5fa5c4cc2d200863cafc0d521ce42e7d3e7ee720ec0a83991735586a16f82\windows-amd64\native-platform.dll
0x00007ffe8a690000 - 0x00007ffe8a7d4000 	C:\Users\Hakim\.gradle\native\e376f236ea51e6404a007f0833ffe2c6e607c4080706a723a18a27aeea778392\windows-amd64\native-platform-file-events.dll
0x00007ffe9eab0000 - 0x00007ffe9eab9000 	C:\Program Files\Android\Android Studio\jbr\bin\management.dll
0x00007ffe9ea50000 - 0x00007ffe9ea5b000 	C:\Program Files\Android\Android Studio\jbr\bin\management_ext.dll
0x00007ffea75e0000 - 0x00007ffea75e8000 	C:\WINDOWS\System32\PSAPI.DLL
0x00007ffea6510000 - 0x00007ffea6528000 	C:\WINDOWS\SYSTEM32\CRYPTSP.dll
0x00007ffea5c40000 - 0x00007ffea5c74000 	C:\WINDOWS\system32\rsaenh.dll
0x00007ffea6b50000 - 0x00007ffea6b7e000 	C:\WINDOWS\SYSTEM32\USERENV.dll
0x00007ffea6530000 - 0x00007ffea653c000 	C:\WINDOWS\SYSTEM32\CRYPTBASE.dll
0x00007ffea6010000 - 0x00007ffea604b000 	C:\WINDOWS\SYSTEM32\IPHLPAPI.DLL
0x00007ffea7770000 - 0x00007ffea7778000 	C:\WINDOWS\System32\NSI.dll
0x00007ffea1650000 - 0x00007ffea1667000 	C:\WINDOWS\SYSTEM32\dhcpcsvc6.DLL
0x00007ffea1360000 - 0x00007ffea137d000 	C:\WINDOWS\SYSTEM32\dhcpcsvc.DLL
0x00007ffea6050000 - 0x00007ffea611b000 	C:\WINDOWS\SYSTEM32\DNSAPI.dll
0x00007ffe9c830000 - 0x00007ffe9c837000 	C:\WINDOWS\system32\wshunix.dll

dbghelp: loaded successfully - version: 4.0.5 - missing functions: none
symbol engine: initialized successfully - sym options: 0x614 - pdb path: .;C:\Program Files\Android\Android Studio\jbr\bin;C:\WINDOWS\SYSTEM32;C:\WINDOWS\WinSxS\amd64_microsoft.windows.common-controls_6595b64144ccf1df_6.0.19041.1110_none_60b5254171f9507e;C:\Program Files\NVIDIA Corporation\CoProcManager;C:\Program Files\Android\Android Studio\jbr\bin\server;C:\Users\Hakim\.gradle\native\68d5fa5c4cc2d200863cafc0d521ce42e7d3e7ee720ec0a83991735586a16f82\windows-amd64;C:\Users\Hakim\.gradle\native\e376f236ea51e6404a007f0833ffe2c6e607c4080706a723a18a27aeea778392\windows-amd64

VM Arguments:
jvm_args: --add-opens=java.base/java.util=ALL-UNNAMED --add-opens=java.base/java.lang=ALL-UNNAMED --add-opens=java.base/java.lang.invoke=ALL-UNNAMED --add-opens=java.prefs/java.util.prefs=ALL-UNNAMED --add-opens=java.base/java.nio.charset=ALL-UNNAMED --add-opens=java.base/java.net=ALL-UNNAMED --add-opens=java.base/java.util.concurrent.atomic=ALL-UNNAMED -Xmx2048m -Dfile.encoding=UTF-8 -Duser.country=US -Duser.language=en -Duser.variant 
java_command: org.gradle.launcher.daemon.bootstrap.GradleDaemon 8.0
java_class_path (initial): C:\Users\Hakim\.gradle\wrapper\dists\gradle-8.0-bin\ca5e32bp14vu59qr306oxotwh\gradle-8.0\lib\gradle-launcher-8.0.jar
Launcher Type: SUN_STANDARD

[Global flags]
     intx CICompilerCount                          = 3                                         {product} {ergonomic}
     uint ConcGCThreads                            = 1                                         {product} {ergonomic}
     uint G1ConcRefinementThreads                  = 4                                         {product} {ergonomic}
   size_t G1HeapRegionSize                         = 1048576                                   {product} {ergonomic}
    uintx GCDrainStackTargetSize                   = 64                                        {product} {ergonomic}
   size_t InitialHeapSize                          = 134217728                                 {product} {ergonomic}
   size_t MarkStackSize                            = 4194304                                   {product} {ergonomic}
   size_t MaxHeapSize                              = 2147483648                                {product} {command line}
   size_t MaxNewSize                               = 1287651328                                {product} {ergonomic}
   size_t MinHeapDeltaBytes                        = 1048576                                   {product} {ergonomic}
   size_t MinHeapSize                              = 8388608                                   {product} {ergonomic}
    uintx NonNMethodCodeHeapSize                   = 5832780                                {pd product} {ergonomic}
    uintx NonProfiledCodeHeapSize                  = 122912730                              {pd product} {ergonomic}
    uintx ProfiledCodeHeapSize                     = 122912730                              {pd product} {ergonomic}
    uintx ReservedCodeCacheSize                    = 251658240                              {pd product} {ergonomic}
     bool SegmentedCodeCache                       = true                                      {product} {ergonomic}
   size_t SoftMaxHeapSize                          = 2147483648                             {manageable} {ergonomic}
     bool UseCompressedClassPointers               = true                           {product lp64_product} {ergonomic}
     bool UseCompressedOops                        = true                           {product lp64_product} {ergonomic}
     bool UseG1GC                                  = true                                      {product} {ergonomic}
     bool UseLargePagesIndividualAllocation        = false                                  {pd product} {ergonomic}

Logging:
Log output configuration:
 #0: stdout all=warning uptime,level,tags
 #1: stderr all=off uptime,level,tags

Environment Variables:
JAVA_HOME=C:\Program Files\Java\jdk-18.0.2
PATH=C:\oraclexe\app\oracle\product\10.2.0\server\bin;C:\Program Files\Common Files\Oracle\Java\javapath;C:\Program Files (x86)\Common Files\Oracle\Java\javapath;C:\WINDOWS\system32;C:\WINDOWS;C:\WINDOWS\System32\Wbem;C:\WINDOWS\System32\WindowsPowerShell\v1.0\;C:\WINDOWS\System32\OpenSSH\;C:\Program Files (x86)\GtkSharp\2.12\bin;C:\Program Files\nodejs\;C:\Program Files\Git\cmd;C:\Users\Hakim\AppData\Local\Android\Sdk\platforms;C:\Users\Hakim\AppData\Local\Android\Sdk\platform-tools;C:\Users\Hakim\AppData\Local\Programs\Python\Python311\Scripts\;C:\Users\Hakim\AppData\Local\Programs\Python\Python311\;C:\Users\Hakim\AppData\Local\Microsoft\WindowsApps;C:\Users\Hakim\AppData\Roaming\npm;C:\Users\Hakim\AppData\Local\ComposerSetup\bin;C:\Users\Hakim\AppData\Roaming\Composer\vendor\bin;C:\Users\Hakim\composer;C:\wamp64\bin\php\php8.2.0;C:\Users\Hakim\AppData\Local\Programs\Microsoft VS Code\bin;C:\flutter\bin;
USERNAME=Hakim
OS=Windows_NT
PROCESSOR_IDENTIFIER=Intel64 Family 6 Model 42 Stepping 7, GenuineIntel
TMP=C:\Users\Hakim\AppData\Local\Temp
TEMP=C:\Users\Hakim\AppData\Local\Temp


JNI global refs:
JNI global refs: 25, weak refs: 2

JNI global refs memory usage: 843, weak refs: 841


---------------  S Y S T E M  ---------------

OS:
 Windows 10 , 64 bit Build 19041 (10.0.19041.2546)
OS uptime: 0 days 4:00 hours

CPU: total 4 (initial active 4) (2 cores per cpu, 2 threads per core) family 6 model 42 stepping 7 microcode 0x2f, cx8, cmov, fxsr, ht, mmx, sse, sse2, sse3, ssse3, sse4.1, sse4.2, popcnt, tsc, tscinvbit, avx, aes, clmul, vzeroupper, clflush

Memory: 4k page, system-wide physical 8099M (744M free)
TotalPageFile size 10007M (AvailPageFile size 29M)
current process WorkingSet (physical memory assigned to process): 364M, peak: 364M
current process commit charge ("private bytes"): 396M, peak: 522M

vm_info: OpenJDK 64-Bit Server VM (17.0.6+0-b2043.56-10027231) for windows-amd64 JRE (17.0.6+0-b2043.56-10027231), built on Apr 28 2023 00:43:19 by "androidbuild" with MS VC++ 16.10 / 16.11 (VS2019)

END.
